0	00:05:03.880	ToolKit_v2.0 LTCUSD,H1: Error opening BUY order : 131
0	00:05:05.899	ToolKit_v2.0 LTCUSD,H1: Error opening BUY order : 131
0	00:05:24.564	ToolKit_v2.0 LTCUSD,H1: Error opening SELL order : 131
0	00:05:26.578	ToolKit_v2.0 LTCUSD,H1: Error opening SELL order : 131
0	10:54:19.069	ZigZag happy XAUUSD,H1: uninit reason 9
0	10:54:19.070	ifibonacci XAUUSD,H1: uninit reason 9
1	10:54:19.070	ifibonacci XAUUSD,H1: array out of range in 'ifibonacci.mq4' (205,28)
0	10:54:19.085	Custom Moving Averages USDJPY,H4: uninit reason 9
0	10:54:19.085	Gambit USDJPY,H4: uninit reason 9
0	10:54:19.086	Parabolic USDJPY,H4: uninit reason 9
0	10:54:19.086	1fractal USDJPY,H4: uninit reason 9
0	10:54:19.086	ZigZag happy USDJPY,H4: uninit reason 9
0	10:54:19.086	Stochastic USDJPY,H4: uninit reason 9
0	10:54:19.086	Custom Moving Averages USDJPY,M5: uninit reason 9
0	10:54:19.086	Gambit USDJPY,M5: uninit reason 9
0	10:54:19.086	Parabolic USDJPY,M5: uninit reason 9
0	10:54:19.086	ifibonacci USDJPY,M5: uninit reason 9
1	10:54:19.086	ifibonacci USDJPY,M5: array out of range in 'ifibonacci.mq4' (205,28)
0	10:54:19.098	1fractal USDJPY,M5: uninit reason 9
0	10:54:19.098	Stochastic USDJPY,M5: uninit reason 9
0	10:54:19.098	Custom Moving Averages USDX,H4: uninit reason 9
0	10:54:19.098	Gambit USDX,H4: uninit reason 9
0	10:54:19.099	Parabolic USDX,H4: uninit reason 9
0	10:54:19.099	1fractal USDX,H4: uninit reason 9
0	10:54:19.099	Stochastic USDX,H4: uninit reason 9
0	10:54:19.099	RSI USDX,H4: uninit reason 9
0	10:54:19.099	Custom Moving Averages XAUUSD,H1: uninit reason 9
0	10:54:19.099	Gambit XAUUSD,H1: uninit reason 9
0	10:54:19.100	Parabolic XAUUSD,H1: uninit reason 9
0	10:54:19.100	1fractal XAUUSD,H1: uninit reason 9
0	10:54:19.100	Stochastic XAUUSD,H1: uninit reason 9
0	10:54:19.100	CandleBot_v2.31 ETHUSD,H1: uninit reason 9
0	10:54:19.103	Custom Moving Averages ETHUSD,H1: uninit reason 9
0	10:54:19.103	Gambit ETHUSD,H1: uninit reason 9
0	10:54:19.103	Parabolic ETHUSD,H1: uninit reason 9
0	10:54:19.104	1fractal ETHUSD,H1: uninit reason 9
0	10:54:19.104	Stochastic ETHUSD,H1: uninit reason 9
0	10:54:19.104	RSI ETHUSD,H1: uninit reason 9
0	10:54:19.104	FullFade_v2.6 EURUSD,M30: uninit reason 9
0	10:54:19.107	Custom Moving Averages EURUSD,M30: uninit reason 9
0	10:54:19.107	Gambit EURUSD,M30: uninit reason 9
0	10:54:19.108	Parabolic EURUSD,M30: uninit reason 9
0	10:54:19.109	1fractal EURUSD,M30: uninit reason 9
0	10:54:19.109	Stochastic EURUSD,M30: uninit reason 9
0	10:54:19.109	RSI EURUSD,M30: uninit reason 9
0	10:54:19.109	ToolKit_v2.0 LTCUSD,H1: uninit reason 9
0	10:54:19.111	Custom Moving Averages LTCUSD,H1: uninit reason 9
0	10:54:19.111	Gambit LTCUSD,H1: uninit reason 9
0	10:54:19.111	Parabolic LTCUSD,H1: uninit reason 9
0	10:54:19.111	1fractal LTCUSD,H1: uninit reason 9
0	10:54:19.111	Stochastic LTCUSD,H1: uninit reason 9
0	10:54:19.111	RSI LTCUSD,H1: uninit reason 9
0	10:54:19.507	Custom indicator ZigZag happy XAUUSD,H1: removed
0	10:54:19.519	Custom indicator ifibonacci XAUUSD,H1: removed
0	10:54:19.579	Custom indicator Custom Moving Averages USDJPY,H4: removed
0	10:54:19.589	Custom indicator Gambit USDJPY,H4: removed
0	10:54:19.597	Custom indicator Parabolic USDJPY,H4: removed
0	10:54:19.606	Custom indicator 1fractal USDJPY,H4: removed
0	10:54:19.607	Custom indicator ZigZag happy USDJPY,H4: removed
0	10:54:19.615	Custom indicator Stochastic USDJPY,H4: removed
0	10:54:19.689	Custom indicator Custom Moving Averages USDJPY,M5: removed
0	10:54:19.716	Custom indicator Gambit USDJPY,M5: removed
0	10:54:19.731	Custom indicator Parabolic USDJPY,M5: removed
0	10:54:19.742	Custom indicator ifibonacci USDJPY,M5: removed
0	10:54:19.750	Custom indicator 1fractal USDJPY,M5: removed
0	10:54:19.755	Custom indicator Stochastic USDJPY,M5: removed
0	10:54:19.767	Custom indicator Custom Moving Averages USDX,H4: removed
0	10:54:19.772	Custom indicator Gambit USDX,H4: removed
0	10:54:19.777	Custom indicator Parabolic USDX,H4: removed
0	10:54:19.781	Custom indicator 1fractal USDX,H4: removed
0	10:54:19.786	Custom indicator Stochastic USDX,H4: removed
0	10:54:19.790	Custom indicator RSI USDX,H4: removed
0	10:54:19.799	Custom indicator Custom Moving Averages XAUUSD,H1: removed
0	10:54:19.804	Custom indicator Gambit XAUUSD,H1: removed
0	10:54:19.809	Custom indicator Parabolic XAUUSD,H1: removed
0	10:54:19.813	Custom indicator 1fractal XAUUSD,H1: removed
0	10:54:19.817	Custom indicator Stochastic XAUUSD,H1: removed
0	10:54:19.824	Expert CandleBot_v2.31 ETHUSD,H1: removed
0	10:54:19.851	Custom indicator Custom Moving Averages ETHUSD,H1: removed
0	10:54:19.854	Custom indicator Gambit ETHUSD,H1: removed
0	10:54:19.858	Custom indicator Parabolic ETHUSD,H1: removed
0	10:54:19.862	Custom indicator 1fractal ETHUSD,H1: removed
0	10:54:19.865	Custom indicator Stochastic ETHUSD,H1: removed
0	10:54:19.869	Custom indicator RSI ETHUSD,H1: removed
0	10:54:19.874	Expert FullFade_v2.6 EURUSD,M30: removed
0	10:54:19.880	Custom indicator Custom Moving Averages EURUSD,M30: removed
0	10:54:19.884	Custom indicator Gambit EURUSD,M30: removed
0	10:54:19.888	Custom indicator Parabolic EURUSD,M30: removed
0	10:54:19.892	Custom indicator 1fractal EURUSD,M30: removed
0	10:54:19.896	Custom indicator Stochastic EURUSD,M30: removed
0	10:54:19.900	Custom indicator RSI EURUSD,M30: removed
0	10:54:19.910	Expert ToolKit_v2.0 LTCUSD,H1: removed
0	10:54:19.915	Custom indicator Custom Moving Averages LTCUSD,H1: removed
0	10:54:19.919	Custom indicator Gambit LTCUSD,H1: removed
0	10:54:19.922	Custom indicator Parabolic LTCUSD,H1: removed
0	10:54:19.925	Custom indicator 1fractal LTCUSD,H1: removed
0	10:54:19.929	Custom indicator Stochastic LTCUSD,H1: removed
0	10:54:19.933	Custom indicator RSI LTCUSD,H1: removed
0	10:54:46.585	Custom indicator ZigZag happy XAUUSD,H1: loaded successfully
0	10:54:46.605	Custom indicator ifibonacci XAUUSD,H1: loaded successfully
0	10:54:46.608	ZigZag happy XAUUSD,H1: initialized
0	10:54:46.657	ifibonacci XAUUSD,H1: One of Fibo ARC Methods is requires DLL, Remember to allow DLL imports if you like to use it.
0	10:54:46.657	ifibonacci XAUUSD,H1: initialized
0	10:54:46.754	Custom indicator Custom Moving Averages USDJPY,H4: loaded successfully
0	10:54:46.775	Custom indicator Gambit USDJPY,H4: loaded successfully
0	10:54:46.799	Custom indicator Parabolic USDJPY,H4: loaded successfully
0	10:54:46.823	Custom indicator 1fractal USDJPY,H4: loaded successfully
0	10:54:46.873	Custom indicator ZigZag happy USDJPY,H4: loaded successfully
0	10:54:46.894	Custom indicator Stochastic USDJPY,H4: loaded successfully
0	10:54:46.937	Custom Moving Averages USDJPY,H4: initialized
0	10:54:46.975	Gambit USDJPY,H4: initialized
0	10:54:47.001	Parabolic USDJPY,H4: initialized
0	10:54:47.025	1fractal USDJPY,H4: initialized
0	10:54:47.025	ZigZag happy USDJPY,H4: initialized
0	10:54:47.048	Stochastic USDJPY,H4: initialized
0	10:54:47.145	Custom indicator Custom Moving Averages USDJPY,M5: loaded successfully
0	10:54:47.170	Custom indicator Gambit USDJPY,M5: loaded successfully
0	10:54:47.193	Custom indicator Parabolic USDJPY,M5: loaded successfully
0	10:54:47.220	Custom indicator ifibonacci USDJPY,M5: loaded successfully
0	10:54:47.241	Custom indicator 1fractal USDJPY,M5: loaded successfully
0	10:54:47.258	Custom indicator Stochastic USDJPY,M5: loaded successfully
0	10:54:47.286	Custom Moving Averages USDJPY,M5: initialized
0	10:54:47.312	Gambit USDJPY,M5: initialized
0	10:54:47.338	Parabolic USDJPY,M5: initialized
0	10:54:47.387	ifibonacci USDJPY,M5: initialized
0	10:54:47.411	1fractal USDJPY,M5: initialized
0	10:54:47.433	Stochastic USDJPY,M5: initialized
0	10:54:47.553	Custom indicator Custom Moving Averages USDX,H4: loaded successfully
0	10:54:47.578	Custom indicator Gambit USDX,H4: loaded successfully
0	10:54:47.606	Custom indicator Parabolic USDX,H4: loaded successfully
0	10:54:47.631	Custom indicator 1fractal USDX,H4: loaded successfully
0	10:54:47.655	Custom indicator Stochastic USDX,H4: loaded successfully
0	10:54:47.680	Custom indicator RSI USDX,H4: loaded successfully
0	10:54:47.715	Custom Moving Averages USDX,H4: initialized
0	10:54:47.742	Gambit USDX,H4: initialized
0	10:54:47.769	Parabolic USDX,H4: initialized
0	10:54:47.793	1fractal USDX,H4: initialized
0	10:54:47.815	Stochastic USDX,H4: initialized
0	10:54:47.838	RSI USDX,H4: initialized
0	10:54:47.885	Custom indicator Custom Moving Averages XAUUSD,H1: loaded successfully
0	10:54:47.903	Custom indicator Gambit XAUUSD,H1: loaded successfully
0	10:54:47.920	Custom indicator Parabolic XAUUSD,H1: loaded successfully
0	10:54:47.936	Custom indicator 1fractal XAUUSD,H1: loaded successfully
0	10:54:47.952	Custom indicator Stochastic XAUUSD,H1: loaded successfully
0	10:54:47.980	Custom Moving Averages XAUUSD,H1: initialized
0	10:54:48.007	Gambit XAUUSD,H1: initialized
0	10:54:48.033	Parabolic XAUUSD,H1: initialized
0	10:54:48.058	1fractal XAUUSD,H1: initialized
0	10:54:48.087	Stochastic XAUUSD,H1: initialized
0	10:54:48.214	Custom indicator Custom Moving Averages ETHUSD,H1: loaded successfully
0	10:54:48.233	Custom indicator Gambit ETHUSD,H1: loaded successfully
0	10:54:48.256	Custom indicator Parabolic ETHUSD,H1: loaded successfully
0	10:54:48.276	Custom indicator 1fractal ETHUSD,H1: loaded successfully
0	10:54:48.292	Custom indicator Stochastic ETHUSD,H1: loaded successfully
0	10:54:48.308	Custom indicator RSI ETHUSD,H1: loaded successfully
0	10:54:48.408	Expert CandleBot_v2.31 ETHUSD,H1: loaded successfully
0	10:54:48.408	CandleBot_v2.31 ETHUSD,H1 inputs: Magic=10012; Lots=0.1; MM=false; MMRisk=0.03; UseTime=false; TimeStart=08:00; TimeEnd=15:00; StopLoss=40; TakeProfit=70; Tral=false; TralStartLevel=30; TralStop=40; DrawInfo=false; C12=----------  Candles -------------; Hammer=true; HangingMan=true; Engulfing=true; MorningStar=true; EveningStar=true; DarkCloudCover=true; Piercing=true; ShootingStar=true; InvertedHammer=true; Harami=true; Tweezer=true; BeltHoldLine=true; UpsideGapTwoCrows=true; ThreeCrows=true; MatHoldPattern=true; CounterattackLines=true; SeparatingLines=true; GravestoneDoji=true; LongLeggedDoji=true; Doji=true; TasukiGap=true; SideBySideWhite=true; ThreeMethods=true; Gap=true; ThreeWhiteSoldiers=true; AdvanceBlock=true; StalledPattern=true; ThreeLineStrike=true; OnNeckLine=true; 
0	10:54:48.451	Custom Moving Averages ETHUSD,H1: initialized
0	10:54:48.482	Gambit ETHUSD,H1: initialized
0	10:54:48.509	Parabolic ETHUSD,H1: initialized
0	10:54:48.533	1fractal ETHUSD,H1: initialized
0	10:54:48.556	Stochastic ETHUSD,H1: initialized
0	10:54:48.591	RSI ETHUSD,H1: initialized
0	10:54:48.647	Custom indicator Custom Moving Averages EURUSD,M30: loaded successfully
0	10:54:48.664	Custom indicator Gambit EURUSD,M30: loaded successfully
0	10:54:48.682	Custom indicator Parabolic EURUSD,M30: loaded successfully
0	10:54:48.698	Custom indicator 1fractal EURUSD,M30: loaded successfully
0	10:54:48.715	Custom indicator Stochastic EURUSD,M30: loaded successfully
0	10:54:48.731	Custom indicator RSI EURUSD,M30: loaded successfully
0	10:54:48.748	Expert FullFade_v2.6 EURUSD,M30: loaded successfully
0	10:54:48.748	FullFade_v2.6 EURUSD,M30 inputs: Lots=0.1; BPeriod=20; RSIPeriod=14; RSIBuy=30; RSISell=70; UseRSI=false; OneCandleTrade=true; Take=110; Stop=40; 
0	10:54:48.826	Custom Moving Averages EURUSD,M30: initialized
0	10:54:48.879	Gambit EURUSD,M30: initialized
0	10:54:48.921	Parabolic EURUSD,M30: initialized
0	10:54:48.947	1fractal EURUSD,M30: initialized
0	10:54:48.971	Stochastic EURUSD,M30: initialized
0	10:54:48.994	RSI EURUSD,M30: initialized
0	10:54:49.285	Custom indicator Custom Moving Averages LTCUSD,H1: loaded successfully
0	10:54:49.308	Custom indicator Gambit LTCUSD,H1: loaded successfully
0	10:54:49.327	Custom indicator Parabolic LTCUSD,H1: loaded successfully
0	10:54:49.344	Custom indicator 1fractal LTCUSD,H1: loaded successfully
0	10:54:49.361	Custom indicator Stochastic LTCUSD,H1: loaded successfully
0	10:54:49.380	Custom indicator RSI LTCUSD,H1: loaded successfully
0	10:54:49.476	Expert ToolKit_v2.0 LTCUSD,H1: loaded successfully
0	10:54:49.476	ToolKit_v2.0 LTCUSD,H1 inputs: Magic=100; Lots=0.1; Symbols=EURUSD GBPUSD AUDCAD USDJPY EURGBP USDCHF NZDUSD LTCUSD; StopLoss=0.0; TakeProfit=0.0; ProfPlus=5737262; ProfMinus=7504122; Buy=16711680; Sell=255; DisplayInfo=true; 
0	10:54:49.526	Custom Moving Averages LTCUSD,H1: initialized
0	10:54:49.559	Gambit LTCUSD,H1: initialized
0	10:54:49.584	Parabolic LTCUSD,H1: initialized
0	10:54:49.609	1fractal LTCUSD,H1: initialized
0	10:54:49.631	Stochastic LTCUSD,H1: initialized
0	10:54:49.654	RSI LTCUSD,H1: initialized
0	10:54:53.651	ToolKit_v2.0 LTCUSD,H1: Получено строк: 8. Использован разделитель ' ' с кодом 32
0	10:54:53.651	ToolKit_v2.0 LTCUSD,H1: result[0]=EURUSD
0	10:54:53.651	ToolKit_v2.0 LTCUSD,H1: result[1]=GBPUSD
0	10:54:53.651	ToolKit_v2.0 LTCUSD,H1: result[2]=AUDCAD
0	10:54:53.651	ToolKit_v2.0 LTCUSD,H1: result[3]=USDJPY
0	10:54:53.651	ToolKit_v2.0 LTCUSD,H1: result[4]=EURGBP
0	10:54:53.651	ToolKit_v2.0 LTCUSD,H1: result[5]=USDCHF
0	10:54:53.651	ToolKit_v2.0 LTCUSD,H1: result[6]=NZDUSD
0	10:54:53.651	ToolKit_v2.0 LTCUSD,H1: result[7]=LTCUSD
0	10:54:53.651	ToolKit_v2.0 LTCUSD,H1: initialized
0	10:54:53.679	FullFade_v2.6 EURUSD,M30: initialized
0	10:54:53.694	CandleBot_v2.31 ETHUSD,H1: initialized
0	10:56:29.879	ToolKit_v2.0 LTCUSD,H1: uninit reason 3
0	10:56:29.881	Custom Moving Averages LTCUSD,H1: uninit reason 3
0	10:56:29.881	Gambit LTCUSD,H1: uninit reason 3
0	10:56:29.881	Parabolic LTCUSD,H1: uninit reason 3
0	10:56:29.881	1fractal LTCUSD,H1: uninit reason 3
0	10:56:29.881	Stochastic LTCUSD,H1: uninit reason 3
0	10:56:29.881	RSI LTCUSD,H1: uninit reason 3
0	10:56:29.946	Custom Moving Averages LTCUSD,H4: initialized
0	10:56:29.946	Gambit LTCUSD,H4: initialized
0	10:56:29.946	Parabolic LTCUSD,H4: initialized
0	10:56:29.946	1fractal LTCUSD,H4: initialized
0	10:56:29.946	Stochastic LTCUSD,H4: initialized
0	10:56:29.946	RSI LTCUSD,H4: initialized
0	10:56:30.086	ToolKit_v2.0 LTCUSD,H4: Получено строк: 8. Использован разделитель ' ' с кодом 32
0	10:56:30.086	ToolKit_v2.0 LTCUSD,H4: result[0]=EURUSD
0	10:56:30.086	ToolKit_v2.0 LTCUSD,H4: result[1]=GBPUSD
0	10:56:30.086	ToolKit_v2.0 LTCUSD,H4: result[2]=AUDCAD
0	10:56:30.086	ToolKit_v2.0 LTCUSD,H4: result[3]=USDJPY
0	10:56:30.086	ToolKit_v2.0 LTCUSD,H4: result[4]=EURGBP
0	10:56:30.086	ToolKit_v2.0 LTCUSD,H4: result[5]=USDCHF
0	10:56:30.086	ToolKit_v2.0 LTCUSD,H4: result[6]=NZDUSD
0	10:56:30.086	ToolKit_v2.0 LTCUSD,H4: result[7]=LTCUSD
0	10:56:30.086	ToolKit_v2.0 LTCUSD,H4: initialized
0	10:58:52.350	ToolKit_v2.0 LTCUSD,H4: uninit reason 1
0	10:58:52.362	Expert ToolKit_v2.0 LTCUSD,H4: removed
2	11:00:02.095	CandleBot_v2.31 ETHUSD,H1: open #74500339 buy 0.10 ETHUSD at 193.968 ok
0	11:00:04.106	CandleBot_v2.31 ETHUSD,H1: OrderModify Buy failed with error #130
0	11:00:09.136	CandleBot_v2.31 ETHUSD,H1: OrderModify Buy failed with error #130
0	11:00:14.170	CandleBot_v2.31 ETHUSD,H1: OrderModify Buy failed with error #130
0	11:00:19.226	CandleBot_v2.31 ETHUSD,H1: OrderModify Buy failed with error #130
0	11:00:24.258	CandleBot_v2.31 ETHUSD,H1: OrderModify Buy failed with error #130
0	11:13:42.642	Script gamScript LTCUSD,H4: loaded successfully
0	11:13:42.834	gamScript LTCUSD,H4: initialized
0	11:13:42.834	gamScript LTCUSD,H4: uninit reason 0
0	11:13:42.848	Script gamScript LTCUSD,H4: removed
0	11:17:05.800	CandleBot_v2.31 ETHUSD,H1: uninit reason 1
0	11:17:05.812	Expert CandleBot_v2.31 ETHUSD,H1: removed
0	11:17:36.906	Script gamScript ETHUSD,H1: loaded successfully
0	11:17:37.071	gamScript ETHUSD,H1: initialized
0	11:17:37.071	gamScript ETHUSD,H1: uninit reason 0
0	11:17:37.080	Script gamScript ETHUSD,H1: removed
0	11:17:47.152	Custom Moving Averages ETHUSD,H1: uninit reason 3
0	11:17:47.152	Gambit ETHUSD,H1: uninit reason 3
0	11:17:47.152	Parabolic ETHUSD,H1: uninit reason 3
0	11:17:47.152	1fractal ETHUSD,H1: uninit reason 3
0	11:17:47.152	Stochastic ETHUSD,H1: uninit reason 3
0	11:17:47.152	RSI ETHUSD,H1: uninit reason 3
0	11:17:47.241	Custom Moving Averages ETHUSD,M15: initialized
0	11:17:47.242	Gambit ETHUSD,M15: initialized
0	11:17:47.242	Parabolic ETHUSD,M15: initialized
0	11:17:47.242	1fractal ETHUSD,M15: initialized
0	11:17:47.242	Stochastic ETHUSD,M15: initialized
0	11:17:47.242	RSI ETHUSD,M15: initialized
0	11:17:52.339	Script gamScript ETHUSD,M15: loaded successfully
0	11:17:52.505	gamScript ETHUSD,M15: initialized
0	11:17:52.505	gamScript ETHUSD,M15: uninit reason 0
0	11:17:52.510	Script gamScript ETHUSD,M15: removed
0	11:18:30.534	Custom Moving Averages LTCUSD,H4: uninit reason 3
0	11:18:30.534	Gambit LTCUSD,H4: uninit reason 3
0	11:18:30.534	Parabolic LTCUSD,H4: uninit reason 3
0	11:18:30.535	1fractal LTCUSD,H4: uninit reason 3
0	11:18:30.535	Stochastic LTCUSD,H4: uninit reason 3
0	11:18:30.535	RSI LTCUSD,H4: uninit reason 3
0	11:18:30.618	Custom Moving Averages LTCUSD,M30: initialized
0	11:18:30.618	Gambit LTCUSD,M30: initialized
0	11:18:30.618	Parabolic LTCUSD,M30: initialized
0	11:18:30.618	1fractal LTCUSD,M30: initialized
0	11:18:30.618	Stochastic LTCUSD,M30: initialized
0	11:18:30.618	RSI LTCUSD,M30: initialized
0	11:18:38.552	Script gamScript LTCUSD,M30: loaded successfully
0	11:18:38.741	gamScript LTCUSD,M30: initialized
0	11:18:38.741	gamScript LTCUSD,M30: uninit reason 0
0	11:18:38.748	Script gamScript LTCUSD,M30: removed
0	11:19:11.370	Custom Moving Averages LTCUSD,M30: uninit reason 3
0	11:19:11.370	Gambit LTCUSD,M30: uninit reason 3
0	11:19:11.370	Parabolic LTCUSD,M30: uninit reason 3
0	11:19:11.370	1fractal LTCUSD,M30: uninit reason 3
0	11:19:11.370	Stochastic LTCUSD,M30: uninit reason 3
0	11:19:11.370	RSI LTCUSD,M30: uninit reason 3
0	11:19:11.438	Custom Moving Averages LTCUSD,M5: initialized
0	11:19:11.438	Gambit LTCUSD,M5: initialized
0	11:19:11.438	Parabolic LTCUSD,M5: initialized
0	11:19:11.438	1fractal LTCUSD,M5: initialized
0	11:19:11.438	Stochastic LTCUSD,M5: initialized
0	11:19:11.438	RSI LTCUSD,M5: initialized
0	11:19:20.888	Script gamScript LTCUSD,M5: loaded successfully
0	11:19:21.082	gamScript LTCUSD,M5: initialized
0	11:19:21.082	gamScript LTCUSD,M5: uninit reason 0
0	11:19:21.093	Script gamScript LTCUSD,M5: removed
0	12:11:06.260	Expert forProb LTCUSD,M5: loaded successfully
0	12:11:10.122	forProb LTCUSD,M5: initialized
0	18:46:11.504	Compiling 'gamExpert'
0	18:46:22.891	Custom indicator ZigZag happy XAUUSD,H1: loaded successfully
0	18:46:22.933	Custom indicator ifibonacci XAUUSD,H1: loaded successfully
0	18:46:22.978	ZigZag happy XAUUSD,H1: initialized
0	18:46:23.049	ifibonacci XAUUSD,H1: One of Fibo ARC Methods is requires DLL, Remember to allow DLL imports if you like to use it.
0	18:46:23.049	ifibonacci XAUUSD,H1: initialized
0	18:46:23.269	Custom indicator Custom Moving Averages USDJPY,H4: loaded successfully
0	18:46:23.306	Custom indicator Gambit USDJPY,H4: loaded successfully
0	18:46:23.350	Custom indicator Parabolic USDJPY,H4: loaded successfully
0	18:46:23.375	Custom indicator 1fractal USDJPY,H4: loaded successfully
0	18:46:23.454	Custom indicator ZigZag happy USDJPY,H4: loaded successfully
0	18:46:23.479	Custom indicator Stochastic USDJPY,H4: loaded successfully
0	18:46:23.539	Custom Moving Averages USDJPY,H4: initialized
0	18:46:23.592	Gambit USDJPY,H4: initialized
0	18:46:23.643	Parabolic USDJPY,H4: initialized
0	18:46:23.677	1fractal USDJPY,H4: initialized
0	18:46:23.677	ZigZag happy USDJPY,H4: initialized
0	18:46:23.719	Stochastic USDJPY,H4: initialized
0	18:46:23.842	Custom indicator Custom Moving Averages USDJPY,M5: loaded successfully
0	18:46:23.866	Custom indicator Gambit USDJPY,M5: loaded successfully
0	18:46:23.902	Custom indicator Parabolic USDJPY,M5: loaded successfully
0	18:46:23.933	Custom indicator ifibonacci USDJPY,M5: loaded successfully
0	18:46:23.961	Custom indicator 1fractal USDJPY,M5: loaded successfully
0	18:46:23.986	Custom indicator Stochastic USDJPY,M5: loaded successfully
0	18:46:24.045	Custom Moving Averages USDJPY,M5: initialized
0	18:46:24.093	Gambit USDJPY,M5: initialized
0	18:46:24.136	Parabolic USDJPY,M5: initialized
0	18:46:24.262	ifibonacci USDJPY,M5: initialized
0	18:46:24.304	1fractal USDJPY,M5: initialized
0	18:46:24.373	Stochastic USDJPY,M5: initialized
0	18:46:24.584	Custom indicator Custom Moving Averages USDX,H4: loaded successfully
0	18:46:24.616	Custom indicator Gambit USDX,H4: loaded successfully
0	18:46:24.648	Custom indicator Parabolic USDX,H4: loaded successfully
0	18:46:24.687	Custom indicator 1fractal USDX,H4: loaded successfully
0	18:46:24.726	Custom indicator Stochastic USDX,H4: loaded successfully
0	18:46:24.760	Custom indicator RSI USDX,H4: loaded successfully
0	18:46:24.839	Custom Moving Averages USDX,H4: initialized
0	18:46:24.920	Gambit USDX,H4: initialized
0	18:46:24.981	Parabolic USDX,H4: initialized
0	18:46:25.033	1fractal USDX,H4: initialized
0	18:46:25.125	Stochastic USDX,H4: initialized
0	18:46:25.200	RSI USDX,H4: initialized
0	18:46:25.346	Custom indicator Custom Moving Averages XAUUSD,H1: loaded successfully
0	18:46:25.398	Custom indicator Gambit XAUUSD,H1: loaded successfully
0	18:46:25.430	Custom indicator Parabolic XAUUSD,H1: loaded successfully
0	18:46:25.501	Custom indicator 1fractal XAUUSD,H1: loaded successfully
0	18:46:25.605	Custom indicator Stochastic XAUUSD,H1: loaded successfully
0	18:46:25.734	Custom Moving Averages XAUUSD,H1: initialized
0	18:46:25.806	Gambit XAUUSD,H1: initialized
0	18:46:25.920	Parabolic XAUUSD,H1: initialized
0	18:46:25.981	1fractal XAUUSD,H1: initialized
0	18:46:26.033	Stochastic XAUUSD,H1: initialized
0	18:46:26.209	Custom indicator Custom Moving Averages ETHUSD,H1: loaded successfully
0	18:46:26.239	Custom indicator Gambit ETHUSD,H1: loaded successfully
0	18:46:26.267	Custom indicator Parabolic ETHUSD,H1: loaded successfully
0	18:46:26.298	Custom indicator 1fractal ETHUSD,H1: loaded successfully
0	18:46:26.327	Custom indicator Stochastic ETHUSD,H1: loaded successfully
0	18:46:26.360	Custom indicator RSI ETHUSD,H1: loaded successfully
0	18:46:26.423	Custom Moving Averages ETHUSD,H1: initialized
0	18:46:26.492	Gambit ETHUSD,H1: initialized
0	18:46:26.556	Parabolic ETHUSD,H1: initialized
0	18:46:26.626	1fractal ETHUSD,H1: initialized
0	18:46:26.671	Stochastic ETHUSD,H1: initialized
0	18:46:26.715	RSI ETHUSD,H1: initialized
0	18:46:26.808	Custom indicator Custom Moving Averages EURUSD,M30: loaded successfully
0	18:46:26.844	Custom indicator Gambit EURUSD,M30: loaded successfully
0	18:46:26.872	Custom indicator Parabolic EURUSD,M30: loaded successfully
0	18:46:26.906	Custom indicator 1fractal EURUSD,M30: loaded successfully
0	18:46:26.939	Custom indicator Stochastic EURUSD,M30: loaded successfully
0	18:46:26.983	Custom indicator RSI EURUSD,M30: loaded successfully
0	18:46:27.010	Expert FullFade_v2.6 EURUSD,M30: loaded successfully
0	18:46:27.010	FullFade_v2.6 EURUSD,M30 inputs: Lots=0.1; BPeriod=20; RSIPeriod=14; RSIBuy=30; RSISell=70; UseRSI=false; OneCandleTrade=true; Take=110; Stop=40; 
0	18:46:27.087	Custom Moving Averages EURUSD,M30: initialized
0	18:46:27.146	Gambit EURUSD,M30: initialized
0	18:46:27.210	Parabolic EURUSD,M30: initialized
0	18:46:27.262	1fractal EURUSD,M30: initialized
0	18:46:27.306	Stochastic EURUSD,M30: initialized
0	18:46:27.383	RSI EURUSD,M30: initialized
0	18:46:27.887	Custom indicator Custom Moving Averages LTCUSD,M5: loaded successfully
0	18:46:27.917	Custom indicator Gambit LTCUSD,M5: loaded successfully
0	18:46:27.949	Custom indicator Parabolic LTCUSD,M5: loaded successfully
0	18:46:27.974	Custom indicator 1fractal LTCUSD,M5: loaded successfully
0	18:46:27.996	Custom indicator Stochastic LTCUSD,M5: loaded successfully
0	18:46:28.029	Custom indicator RSI LTCUSD,M5: loaded successfully
0	18:46:28.054	Expert forProb LTCUSD,M5: loaded successfully
0	18:46:28.118	Custom Moving Averages LTCUSD,M5: initialized
0	18:46:28.169	Gambit LTCUSD,M5: initialized
0	18:46:28.218	Parabolic LTCUSD,M5: initialized
0	18:46:28.266	1fractal LTCUSD,M5: initialized
0	18:46:28.302	Stochastic LTCUSD,M5: initialized
0	18:46:28.340	RSI LTCUSD,M5: initialized
0	18:46:33.220	forProb LTCUSD,M5: initialized
0	18:46:33.252	FullFade_v2.6 EURUSD,M30: initialized
0	20:06:32.349	Expert CandleBot_v2.31 USDJPY,H4: loaded successfully
0	20:06:46.855	Expert CandleBot_v2.31 USDJPY,H4: removed
0	20:28:07.834	FullFade_v2.6 EURUSD,M30: uninit reason 1
0	20:28:07.840	Expert FullFade_v2.6 EURUSD,M30: removed
0	20:28:28.386	forProb LTCUSD,M5: uninit reason 1
0	20:28:28.394	Expert forProb LTCUSD,M5: removed
0	20:51:47.500	ZigZag happy XAUUSD,H1: uninit reason 9
0	20:51:47.501	ifibonacci XAUUSD,H1: uninit reason 9
1	20:51:47.503	ifibonacci XAUUSD,H1: array out of range in 'ifibonacci.mq4' (205,28)
0	20:51:47.519	Custom Moving Averages USDJPY,H4: uninit reason 9
0	20:51:47.519	Gambit USDJPY,H4: uninit reason 9
0	20:51:47.519	Parabolic USDJPY,H4: uninit reason 9
0	20:51:47.519	1fractal USDJPY,H4: uninit reason 9
0	20:51:47.524	ZigZag happy USDJPY,H4: uninit reason 9
0	20:51:47.524	Stochastic USDJPY,H4: uninit reason 9
0	20:51:47.524	Custom Moving Averages USDJPY,M5: uninit reason 9
0	20:51:47.524	Gambit USDJPY,M5: uninit reason 9
0	20:51:47.525	Parabolic USDJPY,M5: uninit reason 9
0	20:51:47.526	ifibonacci USDJPY,M5: uninit reason 9
1	20:51:47.526	ifibonacci USDJPY,M5: array out of range in 'ifibonacci.mq4' (205,28)
0	20:51:47.541	1fractal USDJPY,M5: uninit reason 9
0	20:51:47.542	Stochastic USDJPY,M5: uninit reason 9
0	20:51:47.542	Custom Moving Averages USDX,H4: uninit reason 9
0	20:51:47.542	Gambit USDX,H4: uninit reason 9
0	20:51:47.542	Parabolic USDX,H4: uninit reason 9
0	20:51:47.542	1fractal USDX,H4: uninit reason 9
0	20:51:47.543	Stochastic USDX,H4: uninit reason 9
0	20:51:47.543	RSI USDX,H4: uninit reason 9
0	20:51:47.543	Custom Moving Averages XAUUSD,H1: uninit reason 9
0	20:51:47.544	Gambit XAUUSD,H1: uninit reason 9
0	20:51:47.544	Parabolic XAUUSD,H1: uninit reason 9
0	20:51:47.544	1fractal XAUUSD,H1: uninit reason 9
0	20:51:47.549	Stochastic XAUUSD,H1: uninit reason 9
0	20:51:47.549	Custom Moving Averages ETHUSD,H1: uninit reason 9
0	20:51:47.549	Gambit ETHUSD,H1: uninit reason 9
0	20:51:47.549	Parabolic ETHUSD,H1: uninit reason 9
0	20:51:47.549	1fractal ETHUSD,H1: uninit reason 9
0	20:51:47.550	Stochastic ETHUSD,H1: uninit reason 9
0	20:51:47.550	RSI ETHUSD,H1: uninit reason 9
0	20:51:47.550	Custom Moving Averages EURUSD,M30: uninit reason 9
0	20:51:47.550	Gambit EURUSD,M30: uninit reason 9
0	20:51:47.550	Parabolic EURUSD,M30: uninit reason 9
0	20:51:47.550	1fractal EURUSD,M30: uninit reason 9
0	20:51:47.555	Stochastic EURUSD,M30: uninit reason 9
0	20:51:47.555	RSI EURUSD,M30: uninit reason 9
0	20:51:47.555	Custom Moving Averages LTCUSD,M5: uninit reason 9
0	20:51:47.555	Gambit LTCUSD,M5: uninit reason 9
0	20:51:47.556	Parabolic LTCUSD,M5: uninit reason 9
0	20:51:47.556	1fractal LTCUSD,M5: uninit reason 9
0	20:51:47.557	Stochastic LTCUSD,M5: uninit reason 9
0	20:51:47.557	RSI LTCUSD,M5: uninit reason 9
0	20:51:47.692	Custom indicator ZigZag happy XAUUSD,H1: removed
0	20:51:47.695	Custom indicator ifibonacci XAUUSD,H1: removed
0	20:51:47.703	Custom indicator Custom Moving Averages USDJPY,H4: removed
0	20:51:47.706	Custom indicator Gambit USDJPY,H4: removed
0	20:51:47.713	Custom indicator Parabolic USDJPY,H4: removed
0	20:51:47.717	Custom indicator 1fractal USDJPY,H4: removed
0	20:51:47.717	Custom indicator ZigZag happy USDJPY,H4: removed
0	20:51:47.721	Custom indicator Stochastic USDJPY,H4: removed
0	20:51:47.728	Custom indicator Custom Moving Averages USDJPY,M5: removed
0	20:51:47.732	Custom indicator Gambit USDJPY,M5: removed
0	20:51:47.737	Custom indicator Parabolic USDJPY,M5: removed
0	20:51:47.740	Custom indicator ifibonacci USDJPY,M5: removed
0	20:51:47.742	Custom indicator 1fractal USDJPY,M5: removed
0	20:51:47.745	Custom indicator Stochastic USDJPY,M5: removed
0	20:51:47.755	Custom indicator Custom Moving Averages USDX,H4: removed
0	20:51:47.758	Custom indicator Gambit USDX,H4: removed
0	20:51:47.762	Custom indicator Parabolic USDX,H4: removed
0	20:51:47.765	Custom indicator 1fractal USDX,H4: removed
0	20:51:47.768	Custom indicator Stochastic USDX,H4: removed
0	20:51:47.771	Custom indicator RSI USDX,H4: removed
0	20:51:47.777	Custom indicator Custom Moving Averages XAUUSD,H1: removed
0	20:51:47.782	Custom indicator Gambit XAUUSD,H1: removed
0	20:51:47.788	Custom indicator Parabolic XAUUSD,H1: removed
0	20:51:47.791	Custom indicator 1fractal XAUUSD,H1: removed
0	20:51:47.794	Custom indicator Stochastic XAUUSD,H1: removed
0	20:51:47.802	Custom indicator Custom Moving Averages ETHUSD,H1: removed
0	20:51:47.805	Custom indicator Gambit ETHUSD,H1: removed
0	20:51:47.809	Custom indicator Parabolic ETHUSD,H1: removed
0	20:51:47.812	Custom indicator 1fractal ETHUSD,H1: removed
0	20:51:47.815	Custom indicator Stochastic ETHUSD,H1: removed
0	20:51:47.818	Custom indicator RSI ETHUSD,H1: removed
0	20:51:47.825	Custom indicator Custom Moving Averages EURUSD,M30: removed
0	20:51:47.830	Custom indicator Gambit EURUSD,M30: removed
0	20:51:47.838	Custom indicator Parabolic EURUSD,M30: removed
0	20:51:47.841	Custom indicator 1fractal EURUSD,M30: removed
0	20:51:47.844	Custom indicator Stochastic EURUSD,M30: removed
0	20:51:47.848	Custom indicator RSI EURUSD,M30: removed
0	20:51:47.858	Custom indicator Custom Moving Averages LTCUSD,M5: removed
0	20:51:47.862	Custom indicator Gambit LTCUSD,M5: removed
0	20:51:47.868	Custom indicator Parabolic LTCUSD,M5: removed
0	20:51:47.871	Custom indicator 1fractal LTCUSD,M5: removed
0	20:51:47.874	Custom indicator Stochastic LTCUSD,M5: removed
0	20:51:47.879	Custom indicator RSI LTCUSD,M5: removed
0	20:52:50.578	Compiling 'come'
0	20:52:54.983	Custom indicator ZigZag happy XAUUSD,H1: loaded successfully
0	20:52:55.003	Custom indicator ifibonacci XAUUSD,H1: loaded successfully
0	20:52:55.007	ZigZag happy XAUUSD,H1: initialized
0	20:52:55.067	ifibonacci XAUUSD,H1: One of Fibo ARC Methods is requires DLL, Remember to allow DLL imports if you like to use it.
0	20:52:55.067	ifibonacci XAUUSD,H1: initialized
0	20:52:55.180	Custom indicator Custom Moving Averages USDJPY,H4: loaded successfully
0	20:52:55.196	Custom indicator Gambit USDJPY,H4: loaded successfully
0	20:52:55.217	Custom indicator Parabolic USDJPY,H4: loaded successfully
0	20:52:55.238	Custom indicator 1fractal USDJPY,H4: loaded successfully
0	20:52:55.279	Custom indicator ZigZag happy USDJPY,H4: loaded successfully
0	20:52:55.294	Custom indicator Stochastic USDJPY,H4: loaded successfully
0	20:52:55.322	Custom Moving Averages USDJPY,H4: initialized
0	20:52:55.350	Gambit USDJPY,H4: initialized
0	20:52:55.375	Parabolic USDJPY,H4: initialized
0	20:52:55.399	1fractal USDJPY,H4: initialized
0	20:52:55.399	ZigZag happy USDJPY,H4: initialized
0	20:52:55.419	Stochastic USDJPY,H4: initialized
0	20:52:55.497	Custom indicator Custom Moving Averages USDJPY,M5: loaded successfully
0	20:52:55.513	Custom indicator Gambit USDJPY,M5: loaded successfully
0	20:52:55.530	Custom indicator Parabolic USDJPY,M5: loaded successfully
0	20:52:55.549	Custom indicator ifibonacci USDJPY,M5: loaded successfully
0	20:52:55.564	Custom indicator 1fractal USDJPY,M5: loaded successfully
0	20:52:55.580	Custom indicator Stochastic USDJPY,M5: loaded successfully
0	20:52:55.607	Custom Moving Averages USDJPY,M5: initialized
0	20:52:55.634	Gambit USDJPY,M5: initialized
0	20:52:55.659	Parabolic USDJPY,M5: initialized
0	20:52:55.705	ifibonacci USDJPY,M5: initialized
0	20:52:55.729	1fractal USDJPY,M5: initialized
0	20:52:55.750	Stochastic USDJPY,M5: initialized
0	20:52:55.857	Custom indicator Custom Moving Averages USDX,H4: loaded successfully
0	20:52:55.873	Custom indicator Gambit USDX,H4: loaded successfully
0	20:52:55.890	Custom indicator Parabolic USDX,H4: loaded successfully
0	20:52:55.905	Custom indicator 1fractal USDX,H4: loaded successfully
0	20:52:55.921	Custom indicator Stochastic USDX,H4: loaded successfully
0	20:52:55.937	Custom indicator RSI USDX,H4: loaded successfully
0	20:52:55.964	Custom Moving Averages USDX,H4: initialized
0	20:52:55.990	Gambit USDX,H4: initialized
0	20:52:56.014	Parabolic USDX,H4: initialized
0	20:52:56.038	1fractal USDX,H4: initialized
0	20:52:56.059	Stochastic USDX,H4: initialized
0	20:52:56.081	RSI USDX,H4: initialized
0	20:52:56.126	Custom indicator Custom Moving Averages XAUUSD,H1: loaded successfully
0	20:52:56.142	Custom indicator Gambit XAUUSD,H1: loaded successfully
0	20:52:56.160	Custom indicator Parabolic XAUUSD,H1: loaded successfully
0	20:52:56.175	Custom indicator 1fractal XAUUSD,H1: loaded successfully
0	20:52:56.190	Custom indicator Stochastic XAUUSD,H1: loaded successfully
0	20:52:56.217	Custom Moving Averages XAUUSD,H1: initialized
0	20:52:56.247	Gambit XAUUSD,H1: initialized
0	20:52:56.282	Parabolic XAUUSD,H1: initialized
0	20:52:56.305	1fractal XAUUSD,H1: initialized
0	20:52:56.326	Stochastic XAUUSD,H1: initialized
0	20:52:56.417	Custom indicator Custom Moving Averages ETHUSD,H1: loaded successfully
0	20:52:56.433	Custom indicator Gambit ETHUSD,H1: loaded successfully
0	20:52:56.450	Custom indicator Parabolic ETHUSD,H1: loaded successfully
0	20:52:56.465	Custom indicator 1fractal ETHUSD,H1: loaded successfully
0	20:52:56.481	Custom indicator Stochastic ETHUSD,H1: loaded successfully
0	20:52:56.497	Custom indicator RSI ETHUSD,H1: loaded successfully
0	20:52:56.524	Custom Moving Averages ETHUSD,H1: initialized
0	20:52:56.550	Gambit ETHUSD,H1: initialized
0	20:52:56.575	Parabolic ETHUSD,H1: initialized
0	20:52:56.598	1fractal ETHUSD,H1: initialized
0	20:52:56.619	Stochastic ETHUSD,H1: initialized
0	20:52:56.642	RSI ETHUSD,H1: initialized
0	20:52:56.682	Custom indicator Custom Moving Averages EURUSD,M30: loaded successfully
0	20:52:56.699	Custom indicator Gambit EURUSD,M30: loaded successfully
0	20:52:56.716	Custom indicator Parabolic EURUSD,M30: loaded successfully
0	20:52:56.731	Custom indicator 1fractal EURUSD,M30: loaded successfully
0	20:52:56.747	Custom indicator Stochastic EURUSD,M30: loaded successfully
0	20:52:56.763	Custom indicator RSI EURUSD,M30: loaded successfully
0	20:52:56.796	Custom Moving Averages EURUSD,M30: initialized
0	20:52:56.822	Gambit EURUSD,M30: initialized
0	20:52:56.847	Parabolic EURUSD,M30: initialized
0	20:52:56.870	1fractal EURUSD,M30: initialized
0	20:52:56.891	Stochastic EURUSD,M30: initialized
0	20:52:56.914	RSI EURUSD,M30: initialized
0	20:52:57.188	Custom indicator Custom Moving Averages LTCUSD,M5: loaded successfully
0	20:52:57.204	Custom indicator Gambit LTCUSD,M5: loaded successfully
0	20:52:57.220	Custom indicator Parabolic LTCUSD,M5: loaded successfully
0	20:52:57.235	Custom indicator 1fractal LTCUSD,M5: loaded successfully
0	20:52:57.250	Custom indicator Stochastic LTCUSD,M5: loaded successfully
0	20:52:57.266	Custom indicator RSI LTCUSD,M5: loaded successfully
0	20:52:57.300	Custom Moving Averages LTCUSD,M5: initialized
0	20:52:57.333	Gambit LTCUSD,M5: initialized
0	20:52:57.356	Parabolic LTCUSD,M5: initialized
0	20:52:57.380	1fractal LTCUSD,M5: initialized
0	20:52:57.403	Stochastic LTCUSD,M5: initialized
0	20:52:57.431	RSI LTCUSD,M5: initialized
0	20:53:15.779	Custom Moving Averages LTCUSD,M5: uninit reason 3
0	20:53:15.779	Gambit LTCUSD,M5: uninit reason 3
0	20:53:15.779	Parabolic LTCUSD,M5: uninit reason 3
0	20:53:15.779	1fractal LTCUSD,M5: uninit reason 3
0	20:53:15.779	Stochastic LTCUSD,M5: uninit reason 3
0	20:53:15.779	RSI LTCUSD,M5: uninit reason 3
0	20:53:15.856	Custom Moving Averages LTCUSD,M15: initialized
0	20:53:15.856	Gambit LTCUSD,M15: initialized
0	20:53:15.857	Parabolic LTCUSD,M15: initialized
0	20:53:15.857	1fractal LTCUSD,M15: initialized
0	20:53:15.857	Stochastic LTCUSD,M15: initialized
0	20:53:15.857	RSI LTCUSD,M15: initialized
0	20:53:22.490	Custom Moving Averages LTCUSD,M15: uninit reason 3
0	20:53:22.490	Gambit LTCUSD,M15: uninit reason 3
0	20:53:22.490	Parabolic LTCUSD,M15: uninit reason 3
0	20:53:22.491	1fractal LTCUSD,M15: uninit reason 3
0	20:53:22.491	Stochastic LTCUSD,M15: uninit reason 3
0	20:53:22.491	RSI LTCUSD,M15: uninit reason 3
0	20:53:22.508	Custom Moving Averages LTCUSD,M30: initialized
0	20:53:22.508	Gambit LTCUSD,M30: initialized
0	20:53:22.509	Parabolic LTCUSD,M30: initialized
0	20:53:22.509	1fractal LTCUSD,M30: initialized
0	20:53:22.509	Stochastic LTCUSD,M30: initialized
0	20:53:22.509	RSI LTCUSD,M30: initialized
0	20:53:24.743	Custom Moving Averages LTCUSD,M30: uninit reason 3
0	20:53:24.743	Gambit LTCUSD,M30: uninit reason 3
0	20:53:24.743	Parabolic LTCUSD,M30: uninit reason 3
0	20:53:24.743	1fractal LTCUSD,M30: uninit reason 3
0	20:53:24.743	Stochastic LTCUSD,M30: uninit reason 3
0	20:53:24.743	RSI LTCUSD,M30: uninit reason 3
0	20:53:24.763	Custom Moving Averages LTCUSD,H1: initialized
0	20:53:24.763	Gambit LTCUSD,H1: initialized
0	20:53:24.763	Parabolic LTCUSD,H1: initialized
0	20:53:24.763	1fractal LTCUSD,H1: initialized
0	20:53:24.763	Stochastic LTCUSD,H1: initialized
0	20:53:24.763	RSI LTCUSD,H1: initialized
0	20:53:32.805	Custom indicator come LTCUSD,H1: loaded successfully
0	20:53:42.064	come LTCUSD,H1: initialized
0	20:58:01.561	1fractal LTCUSD,H1: uninit reason 2
0	20:58:01.564	Custom indicator 1fractal LTCUSD,H1: removed
0	20:58:01.581	Custom indicator 1fractal LTCUSD,H1: loaded successfully
0	20:58:01.608	1fractal LTCUSD,H1: initialized
0	20:58:01.611	1fractal EURUSD,M30: uninit reason 2
0	20:58:01.614	Custom indicator 1fractal EURUSD,M30: removed
0	20:58:01.630	Custom indicator 1fractal EURUSD,M30: loaded successfully
0	20:58:01.657	1fractal EURUSD,M30: initialized
0	20:58:01.661	1fractal ETHUSD,H1: uninit reason 2
0	20:58:01.664	Custom indicator 1fractal ETHUSD,H1: removed
0	20:58:01.679	Custom indicator 1fractal ETHUSD,H1: loaded successfully
0	20:58:01.706	1fractal ETHUSD,H1: initialized
0	20:58:01.709	1fractal XAUUSD,H1: uninit reason 2
0	20:58:01.711	Custom indicator 1fractal XAUUSD,H1: removed
0	20:58:01.727	Custom indicator 1fractal XAUUSD,H1: loaded successfully
0	20:58:01.754	1fractal XAUUSD,H1: initialized
0	20:58:01.756	1fractal USDJPY,H4: uninit reason 2
0	20:58:01.759	Custom indicator 1fractal USDJPY,H4: removed
0	20:58:01.776	Custom indicator 1fractal USDJPY,H4: loaded successfully
0	20:58:01.802	1fractal USDJPY,H4: initialized
0	20:58:01.804	1fractal USDX,H4: uninit reason 2
0	20:58:01.807	Custom indicator 1fractal USDX,H4: removed
0	20:58:01.825	Custom indicator 1fractal USDX,H4: loaded successfully
0	20:58:01.851	1fractal USDX,H4: initialized
0	20:58:01.853	1fractal USDJPY,M5: uninit reason 2
0	20:58:01.856	Custom indicator 1fractal USDJPY,M5: removed
0	20:58:01.873	Custom indicator 1fractal USDJPY,M5: loaded successfully
0	20:58:01.898	1fractal USDJPY,M5: initialized
0	21:07:17.475	Custom Moving Averages LTCUSD,H1: uninit reason 3
0	21:07:17.475	Gambit LTCUSD,H1: uninit reason 3
0	21:07:17.475	Parabolic LTCUSD,H1: uninit reason 3
0	21:07:17.475	1fractal LTCUSD,H1: uninit reason 3
0	21:07:17.475	come LTCUSD,H1: uninit reason 3
0	21:07:17.483	Stochastic LTCUSD,H1: uninit reason 3
0	21:07:17.483	RSI LTCUSD,H1: uninit reason 3
0	21:07:17.564	Custom Moving Averages LTCUSD,H4: initialized
0	21:07:17.564	Gambit LTCUSD,H4: initialized
0	21:07:17.564	Parabolic LTCUSD,H4: initialized
0	21:07:17.565	1fractal LTCUSD,H4: initialized
0	21:07:17.565	come LTCUSD,H4: initialized
0	21:07:17.565	Stochastic LTCUSD,H4: initialized
0	21:07:17.565	RSI LTCUSD,H4: initialized
0	21:07:22.305	Custom Moving Averages LTCUSD,H4: uninit reason 3
0	21:07:22.305	Gambit LTCUSD,H4: uninit reason 3
0	21:07:22.305	Parabolic LTCUSD,H4: uninit reason 3
0	21:07:22.305	1fractal LTCUSD,H4: uninit reason 3
0	21:07:22.305	come LTCUSD,H4: uninit reason 3
0	21:07:22.312	Stochastic LTCUSD,H4: uninit reason 3
0	21:07:22.312	RSI LTCUSD,H4: uninit reason 3
0	21:07:22.400	Custom Moving Averages LTCUSD,Daily: initialized
0	21:07:22.400	Gambit LTCUSD,Daily: initialized
0	21:07:22.400	Parabolic LTCUSD,Daily: initialized
0	21:07:22.400	1fractal LTCUSD,Daily: initialized
0	21:07:22.400	come LTCUSD,Daily: initialized
0	21:07:22.401	Stochastic LTCUSD,Daily: initialized
0	21:07:22.401	RSI LTCUSD,Daily: initialized
0	21:07:30.915	Custom Moving Averages LTCUSD,Daily: uninit reason 3
0	21:07:30.915	Gambit LTCUSD,Daily: uninit reason 3
0	21:07:30.915	Parabolic LTCUSD,Daily: uninit reason 3
0	21:07:30.915	1fractal LTCUSD,Daily: uninit reason 3
0	21:07:30.915	come LTCUSD,Daily: uninit reason 3
0	21:07:30.922	Stochastic LTCUSD,Daily: uninit reason 3
0	21:07:30.922	RSI LTCUSD,Daily: uninit reason 3
0	21:07:30.997	Custom Moving Averages LTCUSD,Weekly: initialized
0	21:07:30.997	Gambit LTCUSD,Weekly: initialized
0	21:07:30.998	Parabolic LTCUSD,Weekly: initialized
0	21:07:30.998	1fractal LTCUSD,Weekly: initialized
0	21:07:30.998	come LTCUSD,Weekly: initialized
0	21:07:30.998	Stochastic LTCUSD,Weekly: initialized
0	21:07:30.998	RSI LTCUSD,Weekly: initialized
0	21:10:21.490	1fractal LTCUSD,Weekly: uninit reason 2
0	21:10:21.493	Custom indicator 1fractal LTCUSD,Weekly: removed
0	21:10:21.510	Custom indicator 1fractal LTCUSD,Weekly: loaded successfully
0	21:10:21.533	1fractal LTCUSD,Weekly: initialized
0	21:10:21.534	1fractal EURUSD,M30: uninit reason 2
0	21:10:21.537	Custom indicator 1fractal EURUSD,M30: removed
0	21:10:21.554	Custom indicator 1fractal EURUSD,M30: loaded successfully
0	21:10:21.577	1fractal EURUSD,M30: initialized
0	21:10:21.581	1fractal ETHUSD,H1: uninit reason 2
0	21:10:21.584	Custom indicator 1fractal ETHUSD,H1: removed
0	21:10:21.600	Custom indicator 1fractal ETHUSD,H1: loaded successfully
0	21:10:21.623	1fractal ETHUSD,H1: initialized
0	21:10:21.624	1fractal XAUUSD,H1: uninit reason 2
0	21:10:21.626	Custom indicator 1fractal XAUUSD,H1: removed
0	21:10:21.643	Custom indicator 1fractal XAUUSD,H1: loaded successfully
0	21:10:21.665	1fractal XAUUSD,H1: initialized
0	21:10:21.666	1fractal USDJPY,H4: uninit reason 2
0	21:10:21.669	Custom indicator 1fractal USDJPY,H4: removed
0	21:10:21.685	Custom indicator 1fractal USDJPY,H4: loaded successfully
0	21:10:21.707	1fractal USDJPY,H4: initialized
0	21:10:21.708	1fractal USDX,H4: uninit reason 2
0	21:10:21.710	Custom indicator 1fractal USDX,H4: removed
0	21:10:21.727	Custom indicator 1fractal USDX,H4: loaded successfully
0	21:10:21.749	1fractal USDX,H4: initialized
0	21:10:21.751	1fractal USDJPY,M5: uninit reason 2
0	21:10:21.753	Custom indicator 1fractal USDJPY,M5: removed
0	21:10:21.770	Custom indicator 1fractal USDJPY,M5: loaded successfully
0	21:10:21.793	1fractal USDJPY,M5: initialized
0	21:11:19.284	1fractal USDJPY,M5: uninit reason 2
0	21:11:19.287	Custom indicator 1fractal USDJPY,M5: removed
0	21:11:19.304	Custom indicator 1fractal USDJPY,M5: loaded successfully
0	21:11:19.330	1fractal USDJPY,M5: initialized
0	21:11:19.331	1fractal EURUSD,M30: uninit reason 2
0	21:11:19.334	Custom indicator 1fractal EURUSD,M30: removed
0	21:11:19.357	Custom indicator 1fractal EURUSD,M30: loaded successfully
0	21:11:19.380	1fractal EURUSD,M30: initialized
0	21:11:19.382	1fractal LTCUSD,Weekly: uninit reason 2
0	21:11:19.385	Custom indicator 1fractal LTCUSD,Weekly: removed
0	21:11:19.401	Custom indicator 1fractal LTCUSD,Weekly: loaded successfully
0	21:11:19.423	1fractal LTCUSD,Weekly: initialized
0	21:11:19.423	1fractal ETHUSD,H1: uninit reason 2
0	21:11:19.426	Custom indicator 1fractal ETHUSD,H1: removed
0	21:11:19.442	Custom indicator 1fractal ETHUSD,H1: loaded successfully
0	21:11:19.464	1fractal ETHUSD,H1: initialized
0	21:11:19.464	1fractal XAUUSD,H1: uninit reason 2
0	21:11:19.467	Custom indicator 1fractal XAUUSD,H1: removed
0	21:11:19.482	Custom indicator 1fractal XAUUSD,H1: loaded successfully
0	21:11:19.505	1fractal XAUUSD,H1: initialized
0	21:11:19.506	1fractal USDJPY,H4: uninit reason 2
0	21:11:19.508	Custom indicator 1fractal USDJPY,H4: removed
0	21:11:19.524	Custom indicator 1fractal USDJPY,H4: loaded successfully
0	21:11:19.546	1fractal USDJPY,H4: initialized
0	21:11:19.547	1fractal USDX,H4: uninit reason 2
0	21:11:19.550	Custom indicator 1fractal USDX,H4: removed
0	21:11:19.566	Custom indicator 1fractal USDX,H4: loaded successfully
0	21:11:19.590	1fractal USDX,H4: initialized
0	21:12:30.602	Custom Moving Averages USDJPY,M5: uninit reason 3
0	21:12:30.602	Gambit USDJPY,M5: uninit reason 3
0	21:12:30.602	Parabolic USDJPY,M5: uninit reason 3
0	21:12:30.602	ifibonacci USDJPY,M5: uninit reason 3
1	21:12:30.602	ifibonacci USDJPY,M5: array out of range in 'ifibonacci.mq4' (205,28)
0	21:12:30.608	1fractal USDJPY,M5: uninit reason 3
0	21:12:30.608	Stochastic USDJPY,M5: uninit reason 3
0	21:12:30.696	Custom Moving Averages USDJPY,M30: initialized
0	21:12:30.696	Gambit USDJPY,M30: initialized
0	21:12:30.696	Parabolic USDJPY,M30: initialized
0	21:12:30.696	ifibonacci USDJPY,M30: initialized
0	21:12:30.696	1fractal USDJPY,M30: initialized
0	21:12:30.696	Stochastic USDJPY,M30: initialized
0	21:14:03.001	Custom Moving Averages USDJPY,M30: uninit reason 3
0	21:14:03.001	Gambit USDJPY,M30: uninit reason 3
0	21:14:03.001	Parabolic USDJPY,M30: uninit reason 3
0	21:14:03.001	ifibonacci USDJPY,M30: uninit reason 3
1	21:14:03.001	ifibonacci USDJPY,M30: array out of range in 'ifibonacci.mq4' (205,28)
0	21:14:03.010	1fractal USDJPY,M30: uninit reason 3
0	21:14:03.010	Stochastic USDJPY,M30: uninit reason 3
0	21:14:03.026	Custom Moving Averages USDJPY,H1: initialized
0	21:14:03.026	Gambit USDJPY,H1: initialized
0	21:14:03.026	Parabolic USDJPY,H1: initialized
0	21:14:03.026	ifibonacci USDJPY,H1: initialized
0	21:14:03.026	1fractal USDJPY,H1: initialized
0	21:14:03.026	Stochastic USDJPY,H1: initialized
0	21:14:22.576	Custom Moving Averages USDJPY,H1: uninit reason 3
0	21:14:22.576	Gambit USDJPY,H1: uninit reason 3
0	21:14:22.576	Parabolic USDJPY,H1: uninit reason 3
0	21:14:22.577	ifibonacci USDJPY,H1: uninit reason 3
1	21:14:22.577	ifibonacci USDJPY,H1: array out of range in 'ifibonacci.mq4' (205,28)
0	21:14:22.586	1fractal USDJPY,H1: uninit reason 3
0	21:14:22.586	Stochastic USDJPY,H1: uninit reason 3
0	21:14:22.587	Custom Moving Averages USDJPY,H4: initialized
0	21:14:22.587	Gambit USDJPY,H4: initialized
0	21:14:22.587	Parabolic USDJPY,H4: initialized
0	21:14:22.588	ifibonacci USDJPY,H4: initialized
0	21:14:22.588	1fractal USDJPY,H4: initialized
0	21:14:22.588	Stochastic USDJPY,H4: initialized
0	21:25:30.483	1fractal USDJPY,H4: uninit reason 2
0	21:25:30.486	Custom indicator 1fractal USDJPY,H4: removed
0	21:25:30.503	Custom indicator 1fractal USDJPY,H4: loaded successfully
0	21:25:30.528	1fractal USDJPY,H4: initialized
0	21:25:30.529	1fractal EURUSD,M30: uninit reason 2
0	21:25:30.532	Custom indicator 1fractal EURUSD,M30: removed
0	21:25:30.548	Custom indicator 1fractal EURUSD,M30: loaded successfully
0	21:25:30.573	1fractal EURUSD,M30: initialized
0	21:25:30.576	1fractal LTCUSD,Weekly: uninit reason 2
0	21:25:30.579	Custom indicator 1fractal LTCUSD,Weekly: removed
0	21:25:30.595	Custom indicator 1fractal LTCUSD,Weekly: loaded successfully
0	21:25:30.628	1fractal LTCUSD,Weekly: initialized
0	21:25:30.629	1fractal ETHUSD,H1: uninit reason 2
0	21:25:30.634	Custom indicator 1fractal ETHUSD,H1: removed
0	21:25:30.653	Custom indicator 1fractal ETHUSD,H1: loaded successfully
0	21:25:30.679	1fractal ETHUSD,H1: initialized
0	21:25:30.680	1fractal XAUUSD,H1: uninit reason 2
0	21:25:30.683	Custom indicator 1fractal XAUUSD,H1: removed
0	21:25:30.700	Custom indicator 1fractal XAUUSD,H1: loaded successfully
0	21:25:30.725	1fractal XAUUSD,H1: initialized
0	21:25:30.726	1fractal USDJPY,H4: uninit reason 2
0	21:25:30.729	Custom indicator 1fractal USDJPY,H4: removed
0	21:25:30.746	Custom indicator 1fractal USDJPY,H4: loaded successfully
0	21:25:30.772	1fractal USDJPY,H4: initialized
0	21:25:30.773	1fractal USDX,H4: uninit reason 2
0	21:25:30.776	Custom indicator 1fractal USDX,H4: removed
0	21:25:30.793	Custom indicator 1fractal USDX,H4: loaded successfully
0	21:25:30.820	1fractal USDX,H4: initialized
0	21:34:52.972	1fractal USDJPY,H4: uninit reason 2
0	21:34:52.975	Custom indicator 1fractal USDJPY,H4: removed
0	21:34:52.992	Custom indicator 1fractal USDJPY,H4: loaded successfully
0	21:34:53.017	1fractal USDJPY,H4: initialized
0	21:34:53.019	1fractal EURUSD,M30: uninit reason 2
0	21:34:53.022	Custom indicator 1fractal EURUSD,M30: removed
0	21:34:53.037	Custom indicator 1fractal EURUSD,M30: loaded successfully
0	21:34:53.063	1fractal EURUSD,M30: initialized
0	21:34:53.065	1fractal LTCUSD,Weekly: uninit reason 2
0	21:34:53.068	Custom indicator 1fractal LTCUSD,Weekly: removed
0	21:34:53.084	Custom indicator 1fractal LTCUSD,Weekly: loaded successfully
0	21:34:53.109	1fractal LTCUSD,Weekly: initialized
0	21:34:53.109	1fractal ETHUSD,H1: uninit reason 2
0	21:34:53.112	Custom indicator 1fractal ETHUSD,H1: removed
0	21:34:53.128	Custom indicator 1fractal ETHUSD,H1: loaded successfully
0	21:34:53.153	1fractal ETHUSD,H1: initialized
0	21:34:53.154	1fractal XAUUSD,H1: uninit reason 2
0	21:34:53.157	Custom indicator 1fractal XAUUSD,H1: removed
0	21:34:53.172	Custom indicator 1fractal XAUUSD,H1: loaded successfully
0	21:34:53.198	1fractal XAUUSD,H1: initialized
0	21:34:53.199	1fractal USDJPY,H4: uninit reason 2
0	21:34:53.202	Custom indicator 1fractal USDJPY,H4: removed
0	21:34:53.218	Custom indicator 1fractal USDJPY,H4: loaded successfully
0	21:34:53.244	1fractal USDJPY,H4: initialized
0	21:34:53.244	1fractal USDX,H4: uninit reason 2
0	21:34:53.247	Custom indicator 1fractal USDX,H4: removed
0	21:34:53.263	Custom indicator 1fractal USDX,H4: loaded successfully
0	21:34:53.290	1fractal USDX,H4: initialized
