0	08:16:08.010	Compiling 'MACD Sample'
0	08:16:14.017	Custom indicator ZigZag happy XAUUSD,H1: loaded successfully
0	08:16:14.048	Custom indicator ifibonacci XAUUSD,H1: loaded successfully
0	08:16:14.064	Expert ToolKit_v2.0 XAUUSD,H1: loaded successfully
0	08:16:14.064	ToolKit_v2.0 XAUUSD,H1 inputs: Magic=100; Lots=0.02; Symbols=XAUUSD; StopLoss=300.0; TakeProfit=300.0; ProfPlus=5737262; ProfMinus=7504122; Buy=16711680; Sell=255; DisplayInfo=true; 
0	08:16:14.079	ZigZag happy XAUUSD,H1: initialized
0	08:16:14.189	ifibonacci XAUUSD,H1: initialized
0	08:16:14.345	Custom indicator Custom Moving Averages EURUSD,M15: loaded successfully
0	08:16:14.376	Custom indicator Gambit EURUSD,M15: loaded successfully
0	08:16:14.392	Custom indicator Parabolic EURUSD,M15: loaded successfully
0	08:16:14.407	Custom indicator 1fractal EURUSD,M15: loaded successfully
0	08:16:14.423	Custom indicator Stochastic EURUSD,M15: loaded successfully
0	08:16:14.439	Custom indicator RSI EURUSD,M15: loaded successfully
0	08:16:14.454	Expert gamExpert EURUSD,M15: loaded successfully
0	08:16:14.454	gamExpert EURUSD,M15 inputs: Lot=0.05; MagicNumber=323232; 
0	08:16:14.517	Custom Moving Averages EURUSD,M15: initialized
0	08:16:14.548	Gambit EURUSD,M15: initialized
0	08:16:14.579	Parabolic EURUSD,M15: initialized
0	08:16:14.595	1fractal EURUSD,M15: initialized
0	08:16:14.626	Stochastic EURUSD,M15: initialized
0	08:16:14.657	RSI EURUSD,M15: initialized
0	08:16:15.018	Custom indicator Custom Moving Averages GBPUSD,M15: loaded successfully
0	08:16:15.033	Custom indicator Gambit GBPUSD,M15: loaded successfully
0	08:16:15.049	Custom indicator Parabolic GBPUSD,M15: loaded successfully
0	08:16:15.064	Custom indicator 1fractal GBPUSD,M15: loaded successfully
0	08:16:15.080	Custom indicator Stochastic GBPUSD,M15: loaded successfully
0	08:16:15.096	Custom indicator RSI GBPUSD,M15: loaded successfully
0	08:16:15.111	Expert gamExpert GBPUSD,M15: loaded successfully
0	08:16:15.111	gamExpert GBPUSD,M15 inputs: Lot=0.05; MagicNumber=15; 
0	08:16:15.174	Custom Moving Averages GBPUSD,M15: initialized
0	08:16:15.221	Gambit GBPUSD,M15: initialized
0	08:16:15.252	Parabolic GBPUSD,M15: initialized
0	08:16:15.283	1fractal GBPUSD,M15: initialized
0	08:16:15.299	Stochastic GBPUSD,M15: initialized
0	08:16:15.330	RSI GBPUSD,M15: initialized
0	08:16:15.408	Custom indicator Custom Moving Averages USDJPY,M15: loaded successfully
0	08:16:15.424	Custom indicator Gambit USDJPY,M15: loaded successfully
0	08:16:15.439	Custom indicator Parabolic USDJPY,M15: loaded successfully
0	08:16:15.455	Custom indicator 1fractal USDJPY,M15: loaded successfully
0	08:16:15.471	Custom indicator Stochastic USDJPY,M15: loaded successfully
0	08:16:15.502	Custom indicator RSI USDJPY,M15: loaded successfully
0	08:16:15.517	Expert gamExpert USDJPY,M15: loaded successfully
0	08:16:15.517	gamExpert USDJPY,M15 inputs: Lot=0.05; MagicNumber=44444; 
0	08:16:15.556	Custom Moving Averages USDJPY,M15: initialized
0	08:16:15.587	Gambit USDJPY,M15: initialized
0	08:16:15.618	Parabolic USDJPY,M15: initialized
0	08:16:15.649	1fractal USDJPY,M15: initialized
0	08:16:15.681	Stochastic USDJPY,M15: initialized
0	08:16:15.696	RSI USDJPY,M15: initialized
0	08:16:15.774	Custom indicator Custom Moving Averages AUDUSD,M15: loaded successfully
0	08:16:15.790	Custom indicator Gambit AUDUSD,M15: loaded successfully
0	08:16:15.806	Custom indicator Parabolic AUDUSD,M15: loaded successfully
0	08:16:15.821	Custom indicator 1fractal AUDUSD,M15: loaded successfully
0	08:16:15.853	Custom indicator Stochastic AUDUSD,M15: loaded successfully
0	08:16:15.868	Custom indicator RSI AUDUSD,M15: loaded successfully
0	08:16:15.884	Expert gamExpert AUDUSD,M15: loaded successfully
0	08:16:15.884	gamExpert AUDUSD,M15 inputs: Lot=0.05; MagicNumber=33333; 
0	08:16:15.931	Custom Moving Averages AUDUSD,M15: initialized
0	08:16:15.962	Gambit AUDUSD,M15: initialized
0	08:16:15.993	Parabolic AUDUSD,M15: initialized
0	08:16:16.024	1fractal AUDUSD,M15: initialized
0	08:16:16.056	Stochastic AUDUSD,M15: initialized
0	08:16:16.071	RSI AUDUSD,M15: initialized
0	08:16:16.149	Custom indicator Custom Moving Averages USDCAD,M15: loaded successfully
0	08:16:16.181	Custom indicator Gambit USDCAD,M15: loaded successfully
0	08:16:16.196	Custom indicator Parabolic USDCAD,M15: loaded successfully
0	08:16:16.212	Custom indicator 1fractal USDCAD,M15: loaded successfully
0	08:16:16.243	Custom indicator Stochastic USDCAD,M15: loaded successfully
0	08:16:16.259	Custom indicator RSI USDCAD,M15: loaded successfully
0	08:16:16.274	Expert gamExpert USDCAD,M15: loaded successfully
0	08:16:16.274	gamExpert USDCAD,M15 inputs: Lot=0.1; MagicNumber=2345; 
0	08:16:16.337	Custom Moving Averages USDCAD,M15: initialized
0	08:16:16.384	Gambit USDCAD,M15: initialized
0	08:16:16.418	Parabolic USDCAD,M15: initialized
0	08:16:16.449	1fractal USDCAD,M15: initialized
0	08:16:16.480	Stochastic USDCAD,M15: initialized
0	08:16:16.496	RSI USDCAD,M15: initialized
0	08:16:16.590	Custom indicator ifibonacci XAUUSD,M15: loaded successfully
0	08:16:16.636	Custom indicator ZigZag happy XAUUSD,M15: loaded successfully
0	08:16:16.657	Custom indicator Stochastic XAUUSD,M15: loaded successfully
0	08:16:16.719	ifibonacci XAUUSD,M15: initialized
0	08:16:16.719	ZigZag happy XAUUSD,M15: initialized
0	08:16:16.750	Stochastic XAUUSD,M15: initialized
0	08:16:16.964	Custom indicator ifibonacci AUDUSD,M15: loaded successfully
0	08:16:16.981	Custom indicator Custom Moving Averages AUDUSD,M15: loaded successfully
0	08:16:16.997	Custom indicator Custom Moving Averages AUDUSD,M15: loaded successfully
0	08:16:17.013	Custom indicator 1fractal AUDUSD,M15: loaded successfully
0	08:16:17.072	ifibonacci AUDUSD,M15: initialized
0	08:16:17.097	Custom Moving Averages AUDUSD,M15: initialized
0	08:16:17.123	Custom Moving Averages AUDUSD,M15: initialized
0	08:16:17.144	1fractal AUDUSD,M15: initialized
