0	00:10:14.399	1fractal EURUSD,M5: uninit reason 2
0	00:10:14.407	Custom indicator 1fractal EURUSD,M5: removed
0	00:10:14.423	Custom indicator 1fractal EURUSD,M5: loaded successfully
0	00:10:14.445	1fractal EURUSD,M5: initialized
0	00:10:14.448	1fractal USDJPY,M5: uninit reason 2
0	00:10:14.451	Custom indicator 1fractal USDJPY,M5: removed
0	00:10:14.467	Custom indicator 1fractal USDJPY,M5: loaded successfully
0	00:10:14.490	1fractal USDJPY,M5: initialized
0	00:10:14.491	1fractal USDX,M5: uninit reason 2
0	00:10:14.494	Custom indicator 1fractal USDX,M5: removed
0	00:10:14.510	Custom indicator 1fractal USDX,M5: loaded successfully
0	00:10:14.532	1fractal USDX,M5: initialized
0	00:10:14.533	1fractal USDJPY,M5: uninit reason 2
0	00:10:14.536	Custom indicator 1fractal USDJPY,M5: removed
0	00:10:14.552	Custom indicator 1fractal USDJPY,M5: loaded successfully
0	00:10:14.575	1fractal USDJPY,M5: initialized
0	00:10:14.576	1fractal AUDUSD,M5: uninit reason 2
0	00:10:14.579	Custom indicator 1fractal AUDUSD,M5: removed
0	00:10:14.595	Custom indicator 1fractal AUDUSD,M5: loaded successfully
0	00:10:14.619	1fractal AUDUSD,M5: initialized
0	00:10:41.002	Custom Moving Averages USDJPY,M5: uninit reason 7
0	00:10:41.003	Gambit USDJPY,M5: uninit reason 7
0	00:10:41.005	Parabolic USDJPY,M5: uninit reason 7
0	00:10:41.005	1fractal USDJPY,M5: uninit reason 7
0	00:10:41.005	Stochastic USDJPY,M5: uninit reason 7
0	00:10:41.005	test USDJPY,M5: uninit reason 7
0	00:10:41.012	Expert test USDJPY,M5: removed
0	00:10:41.017	Custom indicator Custom Moving Averages USDJPY,M5: removed
0	00:10:41.021	Custom indicator Gambit USDJPY,M5: removed
0	00:10:41.025	Custom indicator Parabolic USDJPY,M5: removed
0	00:10:41.028	Custom indicator 1fractal USDJPY,M5: removed
0	00:10:41.032	Custom indicator Stochastic USDJPY,M5: removed
0	00:10:41.055	Custom indicator Custom Moving Averages USDJPY,M5: loaded successfully
0	00:10:41.075	Custom indicator Gambit USDJPY,M5: loaded successfully
0	00:10:41.097	Custom indicator Parabolic USDJPY,M5: loaded successfully
0	00:10:41.126	Custom indicator ifibonacci USDJPY,M5: loaded successfully
0	00:10:41.150	Custom indicator 1fractal USDJPY,M5: loaded successfully
0	00:10:41.166	Custom indicator Stochastic USDJPY,M5: loaded successfully
0	00:10:41.196	Custom Moving Averages USDJPY,M5: initialized
0	00:10:41.223	Gambit USDJPY,M5: initialized
0	00:10:41.249	Parabolic USDJPY,M5: initialized
0	00:10:41.299	ifibonacci USDJPY,M5: initialized
0	00:10:41.321	1fractal USDJPY,M5: initialized
0	00:10:41.343	Stochastic USDJPY,M5: initialized
0	00:19:22.549	1fractal USDJPY,M5: uninit reason 2
0	00:19:22.552	Custom indicator 1fractal USDJPY,M5: removed
0	00:19:22.569	Custom indicator 1fractal USDJPY,M5: loaded successfully
0	00:19:22.593	1fractal USDJPY,M5: initialized
0	00:19:22.656	1fractal EURUSD,M5: uninit reason 2
0	00:19:22.661	Custom indicator 1fractal EURUSD,M5: removed
0	00:19:22.683	Custom indicator 1fractal EURUSD,M5: loaded successfully
0	00:19:22.706	1fractal EURUSD,M5: initialized
0	00:19:22.709	1fractal USDX,M5: uninit reason 2
0	00:19:22.712	Custom indicator 1fractal USDX,M5: removed
0	00:19:22.728	Custom indicator 1fractal USDX,M5: loaded successfully
0	00:19:22.754	1fractal USDX,M5: initialized
0	00:19:22.756	1fractal USDJPY,M5: uninit reason 2
0	00:19:22.760	Custom indicator 1fractal USDJPY,M5: removed
0	00:19:22.775	Custom indicator 1fractal USDJPY,M5: loaded successfully
0	00:19:22.798	1fractal USDJPY,M5: initialized
0	00:19:22.799	1fractal AUDUSD,M5: uninit reason 2
0	00:19:22.802	Custom indicator 1fractal AUDUSD,M5: removed
0	00:19:22.818	Custom indicator 1fractal AUDUSD,M5: loaded successfully
0	00:19:22.840	1fractal AUDUSD,M5: initialized
0	00:21:56.433	1fractal USDJPY,M5: uninit reason 2
0	00:21:56.436	Custom indicator 1fractal USDJPY,M5: removed
0	00:21:56.453	Custom indicator 1fractal USDJPY,M5: loaded successfully
0	00:21:56.477	1fractal USDJPY,M5: initialized
0	00:21:56.478	1fractal EURUSD,M5: uninit reason 2
0	00:21:56.482	Custom indicator 1fractal EURUSD,M5: removed
0	00:21:56.500	Custom indicator 1fractal EURUSD,M5: loaded successfully
0	00:21:56.524	1fractal EURUSD,M5: initialized
0	00:21:56.527	1fractal USDX,M5: uninit reason 2
0	00:21:56.530	Custom indicator 1fractal USDX,M5: removed
0	00:21:56.552	Custom indicator 1fractal USDX,M5: loaded successfully
0	00:21:56.601	1fractal USDX,M5: initialized
0	00:21:56.603	1fractal USDJPY,M5: uninit reason 2
0	00:21:56.606	Custom indicator 1fractal USDJPY,M5: removed
0	00:21:56.627	Custom indicator 1fractal USDJPY,M5: loaded successfully
0	00:21:56.652	1fractal USDJPY,M5: initialized
0	00:21:56.653	1fractal AUDUSD,M5: uninit reason 2
0	00:21:56.656	Custom indicator 1fractal AUDUSD,M5: removed
0	00:21:56.678	Custom indicator 1fractal AUDUSD,M5: loaded successfully
0	00:21:56.703	1fractal AUDUSD,M5: initialized
0	00:29:57.077	1fractal USDJPY,M5: uninit reason 2
0	00:29:57.080	Custom indicator 1fractal USDJPY,M5: removed
0	00:29:57.097	Custom indicator 1fractal USDJPY,M5: loaded successfully
0	00:29:57.119	1fractal USDJPY,M5: initialized
0	00:29:57.122	1fractal EURUSD,M5: uninit reason 2
0	00:29:57.125	Custom indicator 1fractal EURUSD,M5: removed
0	00:29:57.142	Custom indicator 1fractal EURUSD,M5: loaded successfully
0	00:29:57.163	1fractal EURUSD,M5: initialized
0	00:29:57.166	1fractal USDX,M5: uninit reason 2
0	00:29:57.170	Custom indicator 1fractal USDX,M5: removed
0	00:29:57.185	Custom indicator 1fractal USDX,M5: loaded successfully
0	00:29:57.208	1fractal USDX,M5: initialized
0	00:29:57.209	1fractal USDJPY,M5: uninit reason 2
0	00:29:57.212	Custom indicator 1fractal USDJPY,M5: removed
0	00:29:57.231	Custom indicator 1fractal USDJPY,M5: loaded successfully
0	00:29:57.253	1fractal USDJPY,M5: initialized
0	00:29:57.254	1fractal AUDUSD,M5: uninit reason 2
0	00:29:57.257	Custom indicator 1fractal AUDUSD,M5: removed
0	00:29:57.274	Custom indicator 1fractal AUDUSD,M5: loaded successfully
0	00:29:57.296	1fractal AUDUSD,M5: initialized
0	00:34:52.272	1fractal USDJPY,M5: uninit reason 2
0	00:34:52.275	Custom indicator 1fractal USDJPY,M5: removed
0	00:34:52.291	Custom indicator 1fractal USDJPY,M5: loaded successfully
0	00:34:52.311	1fractal USDJPY,M5: initialized
0	00:34:52.313	1fractal EURUSD,M5: uninit reason 2
0	00:34:52.316	Custom indicator 1fractal EURUSD,M5: removed
0	00:34:52.331	Custom indicator 1fractal EURUSD,M5: loaded successfully
0	00:34:52.352	1fractal EURUSD,M5: initialized
0	00:34:52.355	1fractal USDX,M5: uninit reason 2
0	00:34:52.358	Custom indicator 1fractal USDX,M5: removed
0	00:34:52.373	Custom indicator 1fractal USDX,M5: loaded successfully
0	00:34:52.395	1fractal USDX,M5: initialized
0	00:34:52.396	1fractal USDJPY,M5: uninit reason 2
0	00:34:52.399	Custom indicator 1fractal USDJPY,M5: removed
0	00:34:52.415	Custom indicator 1fractal USDJPY,M5: loaded successfully
0	00:34:52.434	1fractal USDJPY,M5: initialized
0	00:34:52.435	1fractal AUDUSD,M5: uninit reason 2
0	00:34:52.438	Custom indicator 1fractal AUDUSD,M5: removed
0	00:34:52.454	Custom indicator 1fractal AUDUSD,M5: loaded successfully
0	00:34:52.474	1fractal AUDUSD,M5: initialized
0	00:36:00.599	1fractal USDJPY,M5: uninit reason 2
0	00:36:00.602	Custom indicator 1fractal USDJPY,M5: removed
0	00:36:00.619	Custom indicator 1fractal USDJPY,M5: loaded successfully
0	00:36:00.642	1fractal USDJPY,M5: initialized
0	00:36:00.643	1fractal EURUSD,M5: uninit reason 2
0	00:36:00.646	Custom indicator 1fractal EURUSD,M5: removed
0	00:36:00.661	Custom indicator 1fractal EURUSD,M5: loaded successfully
0	00:36:00.684	1fractal EURUSD,M5: initialized
0	00:36:00.686	1fractal USDX,M5: uninit reason 2
0	00:36:00.689	Custom indicator 1fractal USDX,M5: removed
0	00:36:00.704	Custom indicator 1fractal USDX,M5: loaded successfully
0	00:36:00.728	1fractal USDX,M5: initialized
0	00:36:00.728	1fractal USDJPY,M5: uninit reason 2
0	00:36:00.731	Custom indicator 1fractal USDJPY,M5: removed
0	00:36:00.746	Custom indicator 1fractal USDJPY,M5: loaded successfully
0	00:36:00.769	1fractal USDJPY,M5: initialized
0	00:36:00.770	1fractal AUDUSD,M5: uninit reason 2
0	00:36:00.773	Custom indicator 1fractal AUDUSD,M5: removed
0	00:36:00.789	Custom indicator 1fractal AUDUSD,M5: loaded successfully
0	00:36:00.814	1fractal AUDUSD,M5: initialized
0	00:36:33.353	1fractal USDJPY,M5: uninit reason 2
0	00:36:33.356	Custom indicator 1fractal USDJPY,M5: removed
0	00:36:33.371	Custom indicator 1fractal USDJPY,M5: loaded successfully
0	00:36:33.391	1fractal USDJPY,M5: initialized
0	00:36:33.392	1fractal EURUSD,M5: uninit reason 2
0	00:36:33.395	Custom indicator 1fractal EURUSD,M5: removed
0	00:36:33.409	Custom indicator 1fractal EURUSD,M5: loaded successfully
0	00:36:33.428	1fractal EURUSD,M5: initialized
0	00:36:33.430	1fractal USDX,M5: uninit reason 2
0	00:36:33.433	Custom indicator 1fractal USDX,M5: removed
0	00:36:33.448	Custom indicator 1fractal USDX,M5: loaded successfully
0	00:36:33.468	1fractal USDX,M5: initialized
0	00:36:33.468	1fractal USDJPY,M5: uninit reason 2
0	00:36:33.471	Custom indicator 1fractal USDJPY,M5: removed
0	00:36:33.486	Custom indicator 1fractal USDJPY,M5: loaded successfully
0	00:36:33.506	1fractal USDJPY,M5: initialized
0	00:36:33.507	1fractal AUDUSD,M5: uninit reason 2
0	00:36:33.509	Custom indicator 1fractal AUDUSD,M5: removed
0	00:36:33.524	Custom indicator 1fractal AUDUSD,M5: loaded successfully
0	00:36:33.544	1fractal AUDUSD,M5: initialized
0	00:37:40.364	Custom indicator 1fractal USDJPY,M5: loaded successfully
0	00:37:47.946	1fractal USDJPY,M5: initialized
0	00:38:57.689	1fractal USDJPY,M5: uninit reason 2
0	00:38:57.692	Custom indicator 1fractal USDJPY,M5: removed
0	00:38:57.709	Custom indicator 1fractal USDJPY,M5: loaded successfully
0	00:38:57.730	1fractal USDJPY,M5: initialized
0	00:38:57.731	1fractal EURUSD,M5: uninit reason 2
0	00:38:57.734	Custom indicator 1fractal EURUSD,M5: removed
0	00:38:57.749	Custom indicator 1fractal EURUSD,M5: loaded successfully
0	00:38:57.771	1fractal EURUSD,M5: initialized
0	00:38:57.774	1fractal USDJPY,M5: uninit reason 2
0	00:38:57.777	Custom indicator 1fractal USDJPY,M5: removed
0	00:38:57.792	Custom indicator 1fractal USDJPY,M5: loaded successfully
0	00:38:57.813	1fractal USDJPY,M5: initialized
0	00:38:57.816	1fractal USDX,M5: uninit reason 2
0	00:38:57.819	Custom indicator 1fractal USDX,M5: removed
0	00:38:57.834	Custom indicator 1fractal USDX,M5: loaded successfully
0	00:38:57.856	1fractal USDX,M5: initialized
0	00:38:57.857	1fractal USDJPY,M5: uninit reason 2
0	00:38:57.860	Custom indicator 1fractal USDJPY,M5: removed
0	00:38:57.876	Custom indicator 1fractal USDJPY,M5: loaded successfully
0	00:38:57.899	1fractal USDJPY,M5: initialized
0	00:38:57.901	1fractal AUDUSD,M5: uninit reason 2
0	00:38:57.904	Custom indicator 1fractal AUDUSD,M5: removed
0	00:38:57.920	Custom indicator 1fractal AUDUSD,M5: loaded successfully
0	00:38:57.942	1fractal AUDUSD,M5: initialized
0	00:38:58.256	Custom indicator 1fractal USDX,H1: loaded successfully
0	00:39:01.563	1fractal USDX,H1: initialized
0	00:39:15.697	1fractal USDX,H1: uninit reason 4
0	00:39:15.781	Custom indicator 1fractal USDX,H1: removed
0	00:44:25.046	1fractal USDJPY,M5: uninit reason 2
0	00:44:25.049	Custom indicator 1fractal USDJPY,M5: removed
0	00:44:25.126	Custom indicator 1fractal USDJPY,M5: loaded successfully
0	00:44:25.147	1fractal USDJPY,M5: initialized
0	00:44:25.148	1fractal EURUSD,M5: uninit reason 2
0	00:44:25.151	Custom indicator 1fractal EURUSD,M5: removed
0	00:44:25.167	Custom indicator 1fractal EURUSD,M5: loaded successfully
0	00:44:25.190	1fractal EURUSD,M5: initialized
0	00:44:25.193	1fractal USDJPY,M5: uninit reason 2
0	00:44:25.196	Custom indicator 1fractal USDJPY,M5: removed
0	00:44:25.217	Custom indicator 1fractal USDJPY,M5: loaded successfully
0	00:44:25.250	1fractal USDJPY,M5: initialized
0	00:44:25.251	1fractal USDX,M5: uninit reason 2
0	00:44:25.253	Custom indicator 1fractal USDX,M5: removed
0	00:44:25.271	Custom indicator 1fractal USDX,M5: loaded successfully
0	00:44:25.294	1fractal USDX,M5: initialized
0	00:44:25.295	1fractal USDJPY,M5: uninit reason 2
0	00:44:25.297	Custom indicator 1fractal USDJPY,M5: removed
0	00:44:25.313	Custom indicator 1fractal USDJPY,M5: loaded successfully
0	00:44:25.335	1fractal USDJPY,M5: initialized
0	00:44:25.336	1fractal AUDUSD,M5: uninit reason 2
0	00:44:25.339	Custom indicator 1fractal AUDUSD,M5: removed
0	00:44:25.354	Custom indicator 1fractal AUDUSD,M5: loaded successfully
0	00:44:25.377	1fractal AUDUSD,M5: initialized
0	00:47:07.298	1fractal USDJPY,M5: uninit reason 2
0	00:47:07.301	Custom indicator 1fractal USDJPY,M5: removed
0	00:47:07.392	Custom indicator 1fractal USDJPY,M5: loaded successfully
0	00:47:07.413	1fractal USDJPY,M5: initialized
0	00:47:07.414	1fractal EURUSD,M5: uninit reason 2
0	00:47:07.417	Custom indicator 1fractal EURUSD,M5: removed
0	00:47:07.433	Custom indicator 1fractal EURUSD,M5: loaded successfully
0	00:47:07.455	1fractal EURUSD,M5: initialized
0	00:47:07.457	1fractal USDJPY,M5: uninit reason 2
0	00:47:07.460	Custom indicator 1fractal USDJPY,M5: removed
0	00:47:07.476	Custom indicator 1fractal USDJPY,M5: loaded successfully
0	00:47:07.496	1fractal USDJPY,M5: initialized
0	00:47:07.497	1fractal USDX,M5: uninit reason 2
0	00:47:07.500	Custom indicator 1fractal USDX,M5: removed
0	00:47:07.515	Custom indicator 1fractal USDX,M5: loaded successfully
0	00:47:07.537	1fractal USDX,M5: initialized
0	00:47:07.540	1fractal USDJPY,M5: uninit reason 2
0	00:47:07.543	Custom indicator 1fractal USDJPY,M5: removed
0	00:47:07.559	Custom indicator 1fractal USDJPY,M5: loaded successfully
0	00:47:07.580	1fractal USDJPY,M5: initialized
0	00:47:07.581	1fractal AUDUSD,M5: uninit reason 2
0	00:47:07.584	Custom indicator 1fractal AUDUSD,M5: removed
0	00:47:07.600	Custom indicator 1fractal AUDUSD,M5: loaded successfully
0	00:47:07.620	1fractal AUDUSD,M5: initialized
0	08:47:24.157	1fractal USDJPY,M5: uninit reason 2
0	08:47:24.170	Custom indicator 1fractal USDJPY,M5: removed
0	08:47:24.221	Custom indicator 1fractal USDJPY,M5: loaded successfully
0	08:47:24.285	1fractal USDJPY,M5: initialized
0	08:47:24.289	1fractal EURUSD,M5: uninit reason 2
0	08:47:24.297	Custom indicator 1fractal EURUSD,M5: removed
0	08:47:24.336	Custom indicator 1fractal EURUSD,M5: loaded successfully
0	08:47:24.383	1fractal EURUSD,M5: initialized
0	08:47:24.390	1fractal USDJPY,M5: uninit reason 2
0	08:47:24.397	Custom indicator 1fractal USDJPY,M5: removed
0	08:47:24.445	Custom indicator 1fractal USDJPY,M5: loaded successfully
0	08:47:24.492	1fractal USDJPY,M5: initialized
0	08:47:24.494	1fractal USDX,M5: uninit reason 2
0	08:47:24.498	Custom indicator 1fractal USDX,M5: removed
0	08:47:24.524	Custom indicator 1fractal USDX,M5: loaded successfully
0	08:47:24.559	1fractal USDX,M5: initialized
0	08:47:24.561	1fractal USDJPY,M5: uninit reason 2
0	08:47:24.566	Custom indicator 1fractal USDJPY,M5: removed
0	08:47:24.591	Custom indicator 1fractal USDJPY,M5: loaded successfully
0	08:47:24.625	1fractal USDJPY,M5: initialized
0	08:47:24.629	1fractal AUDUSD,M5: uninit reason 2
0	08:47:24.633	Custom indicator 1fractal AUDUSD,M5: removed
0	08:47:24.659	Custom indicator 1fractal AUDUSD,M5: loaded successfully
0	08:47:24.692	1fractal AUDUSD,M5: initialized
0	08:56:48.508	1fractal USDJPY,M5: uninit reason 2
0	08:56:48.516	Custom indicator 1fractal USDJPY,M5: removed
0	08:56:48.564	Custom indicator 1fractal USDJPY,M5: loaded successfully
0	08:56:48.623	1fractal USDJPY,M5: initialized
0	08:56:48.624	1fractal EURUSD,M5: uninit reason 2
0	08:56:48.632	Custom indicator 1fractal EURUSD,M5: removed
0	08:56:48.672	Custom indicator 1fractal EURUSD,M5: loaded successfully
0	08:56:48.794	1fractal EURUSD,M5: initialized
0	08:56:48.801	1fractal USDJPY,M5: uninit reason 2
0	08:56:48.809	Custom indicator 1fractal USDJPY,M5: removed
0	08:56:48.853	Custom indicator 1fractal USDJPY,M5: loaded successfully
0	08:56:48.908	1fractal USDJPY,M5: initialized
0	08:56:48.910	1fractal USDX,M5: uninit reason 2
0	08:56:48.917	Custom indicator 1fractal USDX,M5: removed
0	08:56:48.956	Custom indicator 1fractal USDX,M5: loaded successfully
0	08:56:49.011	1fractal USDX,M5: initialized
0	08:56:49.012	1fractal USDJPY,M5: uninit reason 2
0	08:56:49.021	Custom indicator 1fractal USDJPY,M5: removed
0	08:56:49.078	Custom indicator 1fractal USDJPY,M5: loaded successfully
0	08:56:49.147	1fractal USDJPY,M5: initialized
0	08:56:49.150	1fractal AUDUSD,M5: uninit reason 2
0	08:56:49.157	Custom indicator 1fractal AUDUSD,M5: removed
0	08:56:49.213	Custom indicator 1fractal AUDUSD,M5: loaded successfully
0	08:56:49.261	1fractal AUDUSD,M5: initialized
0	08:57:28.687	1fractal USDJPY,M5: uninit reason 2
0	08:57:28.695	Custom indicator 1fractal USDJPY,M5: removed
0	08:57:28.734	Custom indicator 1fractal USDJPY,M5: loaded successfully
0	08:57:28.773	1fractal USDJPY,M5: initialized
0	08:57:28.774	1fractal EURUSD,M5: uninit reason 2
0	08:57:28.779	Custom indicator 1fractal EURUSD,M5: removed
0	08:57:28.804	Custom indicator 1fractal EURUSD,M5: loaded successfully
0	08:57:28.842	1fractal EURUSD,M5: initialized
0	08:57:28.846	1fractal USDJPY,M5: uninit reason 2
0	08:57:28.850	Custom indicator 1fractal USDJPY,M5: removed
0	08:57:28.875	Custom indicator 1fractal USDJPY,M5: loaded successfully
0	08:57:28.909	1fractal USDJPY,M5: initialized
0	08:57:28.910	1fractal USDX,M5: uninit reason 2
0	08:57:28.915	Custom indicator 1fractal USDX,M5: removed
0	08:57:28.940	Custom indicator 1fractal USDX,M5: loaded successfully
0	08:57:28.975	1fractal USDX,M5: initialized
0	08:57:28.976	1fractal USDJPY,M5: uninit reason 2
0	08:57:28.980	Custom indicator 1fractal USDJPY,M5: removed
0	08:57:29.004	Custom indicator 1fractal USDJPY,M5: loaded successfully
0	08:57:29.039	1fractal USDJPY,M5: initialized
0	08:57:29.040	1fractal AUDUSD,M5: uninit reason 2
0	08:57:29.044	Custom indicator 1fractal AUDUSD,M5: removed
0	08:57:29.070	Custom indicator 1fractal AUDUSD,M5: loaded successfully
0	08:57:29.132	1fractal AUDUSD,M5: initialized
0	09:00:37.293	1fractal USDJPY,M5: uninit reason 2
0	09:00:37.301	Custom indicator 1fractal USDJPY,M5: removed
0	09:00:37.421	Custom indicator 1fractal USDJPY,M5: loaded successfully
0	09:00:37.516	1fractal USDJPY,M5: initialized
0	09:00:37.518	1fractal EURUSD,M5: uninit reason 2
0	09:00:37.526	Custom indicator 1fractal EURUSD,M5: removed
0	09:00:37.565	Custom indicator 1fractal EURUSD,M5: loaded successfully
0	09:00:37.612	1fractal EURUSD,M5: initialized
0	09:00:37.616	1fractal USDJPY,M5: uninit reason 2
0	09:00:37.621	Custom indicator 1fractal USDJPY,M5: removed
0	09:00:37.648	Custom indicator 1fractal USDJPY,M5: loaded successfully
0	09:00:37.685	1fractal USDJPY,M5: initialized
0	09:00:37.686	1fractal USDX,M5: uninit reason 2
0	09:00:37.752	Custom indicator 1fractal USDX,M5: removed
0	09:00:37.799	Custom indicator 1fractal USDX,M5: loaded successfully
0	09:00:37.868	1fractal USDX,M5: initialized
0	09:00:37.869	1fractal USDJPY,M5: uninit reason 2
0	09:00:37.876	Custom indicator 1fractal USDJPY,M5: removed
0	09:00:37.916	Custom indicator 1fractal USDJPY,M5: loaded successfully
0	09:00:38.045	1fractal USDJPY,M5: initialized
0	09:00:38.047	1fractal AUDUSD,M5: uninit reason 2
0	09:00:38.056	Custom indicator 1fractal AUDUSD,M5: removed
0	09:00:38.103	Custom indicator 1fractal AUDUSD,M5: loaded successfully
0	09:00:38.165	1fractal AUDUSD,M5: initialized
0	09:01:08.802	Custom Moving Averages USDJPY,M5: uninit reason 3
0	09:01:08.803	Gambit USDJPY,M5: uninit reason 3
0	09:01:08.805	Parabolic USDJPY,M5: uninit reason 3
0	09:01:08.806	1fractal USDJPY,M5: uninit reason 3
0	09:01:08.806	Stochastic USDJPY,M5: uninit reason 3
0	09:01:08.820	Custom Moving Averages USDJPY,M30: initialized
0	09:01:08.821	Gambit USDJPY,M30: initialized
0	09:01:08.825	Parabolic USDJPY,M30: initialized
0	09:01:08.825	1fractal USDJPY,M30: initialized
0	09:01:08.826	Stochastic USDJPY,M30: initialized
0	09:05:00.835	1fractal USDJPY,M30: uninit reason 2
0	09:05:00.840	Custom indicator 1fractal USDJPY,M30: removed
0	09:05:00.921	Custom indicator 1fractal USDJPY,M30: loaded successfully
0	09:05:00.988	1fractal USDJPY,M30: initialized
0	09:05:01.047	1fractal EURUSD,M5: uninit reason 2
0	09:05:01.056	Custom indicator 1fractal EURUSD,M5: removed
0	09:05:01.105	Custom indicator 1fractal EURUSD,M5: loaded successfully
0	09:05:01.171	1fractal EURUSD,M5: initialized
0	09:05:01.177	1fractal USDJPY,M5: uninit reason 2
0	09:05:01.185	Custom indicator 1fractal USDJPY,M5: removed
0	09:05:01.230	Custom indicator 1fractal USDJPY,M5: loaded successfully
0	09:05:01.291	1fractal USDJPY,M5: initialized
0	09:05:01.293	1fractal USDX,M5: uninit reason 2
0	09:05:01.301	Custom indicator 1fractal USDX,M5: removed
0	09:05:01.346	Custom indicator 1fractal USDX,M5: loaded successfully
0	09:05:01.413	1fractal USDX,M5: initialized
0	09:05:01.414	1fractal USDJPY,M5: uninit reason 2
0	09:05:01.418	Custom indicator 1fractal USDJPY,M5: removed
0	09:05:01.442	Custom indicator 1fractal USDJPY,M5: loaded successfully
0	09:05:01.481	1fractal USDJPY,M5: initialized
0	09:05:01.482	1fractal AUDUSD,M5: uninit reason 2
0	09:05:01.486	Custom indicator 1fractal AUDUSD,M5: removed
0	09:05:01.512	Custom indicator 1fractal AUDUSD,M5: loaded successfully
0	09:05:01.549	1fractal AUDUSD,M5: initialized
0	09:29:59.488	test EURUSD,M5: uninit reason 1
0	09:29:59.537	Expert test EURUSD,M5: removed
0	09:31:08.732	Script gamScript EURUSD,M5: loaded successfully
0	09:31:09.196	gamScript EURUSD,M5: initialized
0	09:31:09.199	gamScript EURUSD,M5: uninit reason 0
0	09:31:09.215	Script gamScript EURUSD,M5: removed
0	09:31:25.162	Script gamScript EURUSD,M5: loaded successfully
0	09:31:25.643	gamScript EURUSD,M5: initialized
0	09:31:25.645	gamScript EURUSD,M5: uninit reason 0
0	09:31:25.654	Script gamScript EURUSD,M5: removed
0	09:32:07.279	Script gamScript EURUSD,M5: loaded successfully
0	09:32:07.691	gamScript EURUSD,M5: initialized
0	09:32:07.693	gamScript EURUSD,M5: uninit reason 0
0	09:32:07.703	Script gamScript EURUSD,M5: removed
0	09:36:09.643	Custom Moving Averages EURUSD,M5: uninit reason 3
0	09:36:09.643	Gambit EURUSD,M5: uninit reason 3
0	09:36:09.643	Parabolic EURUSD,M5: uninit reason 3
0	09:36:09.643	1fractal EURUSD,M5: uninit reason 3
0	09:36:09.643	Stochastic EURUSD,M5: uninit reason 3
0	09:36:09.747	Custom Moving Averages EURUSD,H1: initialized
0	09:36:09.755	Gambit EURUSD,H1: initialized
0	09:36:09.815	Parabolic EURUSD,H1: initialized
0	09:36:09.826	1fractal EURUSD,H1: initialized
0	09:36:09.831	Stochastic EURUSD,H1: initialized
0	09:36:20.677	Custom Moving Averages EURUSD,H1: uninit reason 3
0	09:36:20.677	Gambit EURUSD,H1: uninit reason 3
0	09:36:20.677	Parabolic EURUSD,H1: uninit reason 3
0	09:36:20.677	1fractal EURUSD,H1: uninit reason 3
0	09:36:20.677	Stochastic EURUSD,H1: uninit reason 3
0	09:36:20.744	Custom Moving Averages EURUSD,Daily: initialized
0	09:36:20.745	Gambit EURUSD,Daily: initialized
0	09:36:20.747	Parabolic EURUSD,Daily: initialized
0	09:36:20.748	1fractal EURUSD,Daily: initialized
0	09:36:20.749	Stochastic EURUSD,Daily: initialized
0	09:36:33.160	Custom Moving Averages EURUSD,Daily: uninit reason 3
0	09:36:33.160	Gambit EURUSD,Daily: uninit reason 3
0	09:36:33.160	Parabolic EURUSD,Daily: uninit reason 3
0	09:36:33.160	1fractal EURUSD,Daily: uninit reason 3
0	09:36:33.222	Stochastic EURUSD,Daily: uninit reason 3
0	09:36:33.239	Custom Moving Averages EURUSD,M5: initialized
0	09:36:33.240	Gambit EURUSD,M5: initialized
0	09:36:33.242	Parabolic EURUSD,M5: initialized
0	09:36:33.243	1fractal EURUSD,M5: initialized
0	09:36:33.244	Stochastic EURUSD,M5: initialized
0	09:37:55.240	test USDX,M5: uninit reason 6
0	09:37:55.244	test USDX,M5: initialized
0	09:37:55.245	Gold_Fever XAUUSD,H1: uninit reason 6
0	09:37:55.248	Gold_Fever XAUUSD,H1: initialized
3	09:37:56.303	test USDX,M5: trade operations not allowed by settings
0	09:39:52.819	test USDX,M5: uninit reason 6
0	09:39:52.822	test USDX,M5: initialized
0	09:39:52.822	Gold_Fever XAUUSD,H1: uninit reason 6
0	09:39:52.824	Gold_Fever XAUUSD,H1: initialized
3	09:39:53.105	test USDX,M5: trade operations not allowed by settings
0	09:56:31.699	1fractal EURUSD,M5: uninit reason 2
0	09:56:31.708	Custom indicator 1fractal EURUSD,M5: removed
0	09:56:31.756	Custom indicator 1fractal EURUSD,M5: loaded successfully
0	09:56:31.808	1fractal EURUSD,M5: initialized
0	09:56:31.812	1fractal USDJPY,M5: uninit reason 2
0	09:56:31.817	Custom indicator 1fractal USDJPY,M5: removed
0	09:56:31.846	Custom indicator 1fractal USDJPY,M5: loaded successfully
0	09:56:31.881	1fractal USDJPY,M5: initialized
0	09:56:31.883	1fractal USDJPY,M30: uninit reason 2
0	09:56:31.888	Custom indicator 1fractal USDJPY,M30: removed
0	09:56:31.915	Custom indicator 1fractal USDJPY,M30: loaded successfully
0	09:56:31.949	1fractal USDJPY,M30: initialized
0	09:56:31.951	1fractal USDX,M5: uninit reason 2
0	09:56:31.956	Custom indicator 1fractal USDX,M5: removed
0	09:56:31.982	Custom indicator 1fractal USDX,M5: loaded successfully
0	09:56:32.021	1fractal USDX,M5: initialized
0	09:56:32.022	1fractal USDJPY,M5: uninit reason 2
0	09:56:32.027	Custom indicator 1fractal USDJPY,M5: removed
0	09:56:32.058	Custom indicator 1fractal USDJPY,M5: loaded successfully
0	09:56:32.089	1fractal USDJPY,M5: initialized
0	09:56:32.091	1fractal AUDUSD,M5: uninit reason 2
0	09:56:32.095	Custom indicator 1fractal AUDUSD,M5: removed
0	09:56:32.122	Custom indicator 1fractal AUDUSD,M5: loaded successfully
0	09:56:32.155	1fractal AUDUSD,M5: initialized
0	10:00:51.823	1fractal EURUSD,M5: uninit reason 2
0	10:00:51.830	Custom indicator 1fractal EURUSD,M5: removed
0	10:00:51.867	Custom indicator 1fractal EURUSD,M5: loaded successfully
0	10:00:51.904	1fractal EURUSD,M5: initialized
0	10:00:51.909	1fractal USDJPY,M5: uninit reason 2
0	10:00:51.915	Custom indicator 1fractal USDJPY,M5: removed
0	10:00:51.940	Custom indicator 1fractal USDJPY,M5: loaded successfully
0	10:00:51.975	1fractal USDJPY,M5: initialized
0	10:00:51.977	1fractal USDJPY,M30: uninit reason 2
0	10:00:51.982	Custom indicator 1fractal USDJPY,M30: removed
0	10:00:52.010	Custom indicator 1fractal USDJPY,M30: loaded successfully
0	10:00:52.070	1fractal USDJPY,M30: initialized
0	10:00:52.072	1fractal USDX,M5: uninit reason 2
0	10:00:52.077	Custom indicator 1fractal USDX,M5: removed
0	10:00:52.111	Custom indicator 1fractal USDX,M5: loaded successfully
0	10:00:52.156	1fractal USDX,M5: initialized
0	10:00:52.157	1fractal USDJPY,M5: uninit reason 2
0	10:00:52.162	Custom indicator 1fractal USDJPY,M5: removed
0	10:00:52.189	Custom indicator 1fractal USDJPY,M5: loaded successfully
0	10:00:52.225	1fractal USDJPY,M5: initialized
0	10:00:52.227	1fractal AUDUSD,M5: uninit reason 2
0	10:00:52.232	Custom indicator 1fractal AUDUSD,M5: removed
0	10:00:52.259	Custom indicator 1fractal AUDUSD,M5: loaded successfully
0	10:00:52.306	1fractal AUDUSD,M5: initialized
0	10:03:19.750	1fractal EURUSD,M5: uninit reason 2
0	10:03:19.759	Custom indicator 1fractal EURUSD,M5: removed
0	10:03:19.810	Custom indicator 1fractal EURUSD,M5: loaded successfully
0	10:03:19.881	1fractal EURUSD,M5: initialized
0	10:03:19.885	1fractal USDJPY,M5: uninit reason 2
0	10:03:19.891	Custom indicator 1fractal USDJPY,M5: removed
0	10:03:19.921	Custom indicator 1fractal USDJPY,M5: loaded successfully
0	10:03:20.058	1fractal USDJPY,M5: initialized
0	10:03:20.062	1fractal USDJPY,M30: uninit reason 2
0	10:03:20.072	Custom indicator 1fractal USDJPY,M30: removed
0	10:03:20.127	Custom indicator 1fractal USDJPY,M30: loaded successfully
0	10:03:20.193	1fractal USDJPY,M30: initialized
0	10:03:20.196	1fractal USDX,M5: uninit reason 2
0	10:03:20.203	Custom indicator 1fractal USDX,M5: removed
0	10:03:20.254	Custom indicator 1fractal USDX,M5: loaded successfully
0	10:03:20.345	1fractal USDX,M5: initialized
0	10:03:20.346	1fractal USDJPY,M5: uninit reason 2
0	10:03:20.351	Custom indicator 1fractal USDJPY,M5: removed
0	10:03:20.380	Custom indicator 1fractal USDJPY,M5: loaded successfully
0	10:03:20.419	1fractal USDJPY,M5: initialized
0	10:03:20.422	1fractal AUDUSD,M5: uninit reason 2
0	10:03:20.429	Custom indicator 1fractal AUDUSD,M5: removed
0	10:03:20.458	Custom indicator 1fractal AUDUSD,M5: loaded successfully
0	10:03:20.496	1fractal AUDUSD,M5: initialized
0	10:10:04.806	Expert Moving Average EURUSD,M5: loaded successfully
0	10:10:07.052	Moving Average EURUSD,M5 inputs: Lots=0.1; MaximumRisk=0.02; DecreaseFactor=3.0; MovingPeriod=12; MovingShift=6; 
0	10:10:07.166	Moving Average EURUSD,M5: initialized
0	10:10:22.499	Automated trading enabled
0	10:30:27.648	Moving Average EURUSD,M5: uninit reason 1
0	10:30:27.726	Expert Moving Average EURUSD,M5: removed
0	10:30:31.470	Expert WF_ADX-MA-Stochastic_v3.1 EURUSD,M5: loaded successfully
0	10:30:50.248	WF_ADX-MA-Stochastic_v3.1 EURUSD,M5 inputs: Magic=10012; ParamertSet1=ADX Set; ADXperiod=15; ADXLevel=30; ParamertSet2=MA Set; UseMA=true; MAperiod=30; CloseByMA=true; ParamertSet3=Stochastic Set; UseStochastic=true; Kperiod=16; Dperiod=3; Slowing=3; SellLevel=80; BuyLevel=20; ParamertSet4=Expert Set; TakeMA=280; StopMA=50; TakeStochastic=110; StopStochastic=110; Tral=false; TS=60; TralStep=30; MMSet=”Ô‡‚ÎÂÌËÂ Í‡ÔËÚ‡ÎÓÏ; MM=false; MMRisk=0.1; Lots=0.1; 
0	10:30:50.421	WF_ADX-MA-Stochastic_v3.1 EURUSD,M5: initialized
2	10:35:01.946	WF_ADX-MA-Stochastic_v3.1 EURUSD,M5: open #74457391 sell 0.10 EURUSD at 1.07925 sl: 1.08435 tp: 1.05124 ok
0	10:49:01.877	WF_ADX-MA-Stochastic_v3.1 EURUSD,M5: uninit reason 3
0	10:49:01.879	Custom Moving Averages EURUSD,M5: uninit reason 3
0	10:49:01.879	Gambit EURUSD,M5: uninit reason 3
0	10:49:01.879	Parabolic EURUSD,M5: uninit reason 3
0	10:49:01.879	1fractal EURUSD,M5: uninit reason 3
0	10:49:01.941	Stochastic EURUSD,M5: uninit reason 3
0	10:49:01.971	Custom Moving Averages EURUSD,H1: initialized
0	10:49:01.988	Gambit EURUSD,H1: initialized
0	10:49:02.054	Parabolic EURUSD,H1: initialized
0	10:49:02.064	1fractal EURUSD,H1: initialized
0	10:49:02.068	Stochastic EURUSD,H1: initialized
0	10:49:02.444	WF_ADX-MA-Stochastic_v3.1 EURUSD,H1: initialized
0	10:50:03.935	WF_ADX-MA-Stochastic_v3.1 EURUSD,H1: uninit reason 3
0	10:50:03.937	Custom Moving Averages EURUSD,H1: uninit reason 3
0	10:50:03.937	Gambit EURUSD,H1: uninit reason 3
0	10:50:03.937	Parabolic EURUSD,H1: uninit reason 3
0	10:50:03.937	1fractal EURUSD,H1: uninit reason 3
0	10:50:03.937	Stochastic EURUSD,H1: uninit reason 3
0	10:50:04.019	Custom Moving Averages EURUSD,M5: initialized
0	10:50:04.019	Gambit EURUSD,M5: initialized
0	10:50:04.024	Parabolic EURUSD,M5: initialized
0	10:50:04.024	1fractal EURUSD,M5: initialized
0	10:50:04.026	Stochastic EURUSD,M5: initialized
0	10:50:04.393	WF_ADX-MA-Stochastic_v3.1 EURUSD,M5: initialized
0	10:55:58.174	Custom Moving Averages ES,Daily: uninit reason 4
0	10:55:58.174	Gambit ES,Daily: uninit reason 4
0	10:55:58.175	Parabolic ES,Daily: uninit reason 4
0	10:55:58.175	iFractals_v2 ES,Daily: uninit reason 4
0	10:55:58.176	ifibonacci ES,Daily: uninit reason 4
1	10:55:58.177	ifibonacci ES,Daily: array out of range in 'ifibonacci.mq4' (205,28)
0	10:55:58.194	Stochastic ES,Daily: uninit reason 4
0	10:55:58.215	Custom indicator Custom Moving Averages ES,Daily: removed
0	10:55:58.234	Custom indicator Gambit ES,Daily: removed
0	10:55:58.249	Custom indicator Parabolic ES,Daily: removed
0	10:55:58.260	Custom indicator iFractals_v2 ES,Daily: removed
0	10:55:58.274	Custom indicator ifibonacci ES,Daily: removed
0	10:55:58.285	Custom indicator Stochastic ES,Daily: removed
0	10:56:41.730	Custom Moving Averages EURUSD,M5: uninit reason 7
0	10:56:41.730	Gambit EURUSD,M5: uninit reason 7
0	10:56:41.730	Parabolic EURUSD,M5: uninit reason 7
0	10:56:41.730	1fractal EURUSD,M5: uninit reason 7
0	10:56:41.732	Stochastic EURUSD,M5: uninit reason 7
0	10:56:41.732	WF_ADX-MA-Stochastic_v3.1 EURUSD,M5: uninit reason 7
0	10:56:41.808	Expert WF_ADX-MA-Stochastic_v3.1 EURUSD,M5: removed
0	10:56:41.819	Custom indicator Custom Moving Averages EURUSD,M5: removed
0	10:56:41.833	Custom indicator Gambit EURUSD,M5: removed
0	10:56:41.844	Custom indicator Parabolic EURUSD,M5: removed
0	10:56:41.854	Custom indicator 1fractal EURUSD,M5: removed
0	10:56:41.865	Custom indicator Stochastic EURUSD,M5: removed
0	10:56:41.932	Custom indicator Custom Moving Averages EURUSD,M5: loaded successfully
0	10:56:41.980	Custom indicator Gambit EURUSD,M5: loaded successfully
0	10:56:42.016	Custom indicator Parabolic EURUSD,M5: loaded successfully
0	10:56:42.058	Custom indicator ifibonacci EURUSD,M5: loaded successfully
0	10:56:42.092	Custom indicator 1fractal EURUSD,M5: loaded successfully
0	10:56:42.119	Custom indicator Stochastic EURUSD,M5: loaded successfully
0	10:56:42.151	Custom Moving Averages EURUSD,M5: initialized
0	10:56:42.182	Gambit EURUSD,M5: initialized
0	10:56:42.211	Parabolic EURUSD,M5: initialized
0	10:56:42.327	ifibonacci EURUSD,M5: initialized
0	10:56:42.390	1fractal EURUSD,M5: initialized
0	10:56:42.479	Stochastic EURUSD,M5: initialized
0	11:18:51.345	test USDX,M5: uninit reason 6
0	11:18:51.350	test USDX,M5: initialized
0	11:18:51.353	Gold_Fever XAUUSD,H1: uninit reason 6
0	11:18:51.357	Gold_Fever XAUUSD,H1: initialized
3	11:18:51.473	test USDX,M5: trade operations not allowed by settings
0	11:45:39.032	test USDX,M5: uninit reason 1
0	11:45:39.096	Expert test USDX,M5: removed
2	12:00:02.203	Gold_Fever XAUUSD,H1: open #2033754 sell stop 0.01 XAUUSD at 1659.96 sl: 1662.36 tp: 1649.96 ok
0	12:16:18.830	ifibonacci EURUSD,M5: uninit reason 1
1	12:16:18.831	ifibonacci EURUSD,M5: array out of range in 'ifibonacci.mq4' (205,28)
0	12:16:18.862	Custom indicator ifibonacci EURUSD,M5: removed
0	12:17:59.930	Custom Moving Averages XAUUSD,H1: uninit reason 3
0	12:17:59.930	Gambit XAUUSD,H1: uninit reason 3
0	12:17:59.931	Parabolic XAUUSD,H1: uninit reason 3
0	12:17:59.931	iFractals_v2 XAUUSD,H1: uninit reason 3
0	12:17:59.932	Stochastic XAUUSD,H1: uninit reason 3
0	12:17:59.970	Custom Moving Averages XAUUSD,M5: initialized
0	12:17:59.972	Gambit XAUUSD,M5: initialized
0	12:17:59.983	Parabolic XAUUSD,M5: initialized
0	12:17:59.984	iFractals_v2 XAUUSD,M5: initialized
0	12:17:59.985	Stochastic XAUUSD,M5: initialized
0	12:21:56.167	Custom Moving Averages EURUSD,M5: uninit reason 3
0	12:21:56.167	Gambit EURUSD,M5: uninit reason 3
0	12:21:56.230	Parabolic EURUSD,M5: uninit reason 3
0	12:21:56.230	1fractal EURUSD,M5: uninit reason 3
0	12:21:56.236	Stochastic EURUSD,M5: uninit reason 3
0	12:21:56.278	Custom Moving Averages EURUSD,M30: initialized
0	12:21:56.286	Gambit EURUSD,M30: initialized
0	12:21:56.324	Parabolic EURUSD,M30: initialized
0	12:21:56.331	1fractal EURUSD,M30: initialized
0	12:21:56.334	Stochastic EURUSD,M30: initialized
0	12:22:18.709	Custom Moving Averages EURUSD,M30: uninit reason 3
0	12:22:18.709	Gambit EURUSD,M30: uninit reason 3
0	12:22:18.709	Parabolic EURUSD,M30: uninit reason 3
0	12:22:18.709	1fractal EURUSD,M30: uninit reason 3
0	12:22:18.709	Stochastic EURUSD,M30: uninit reason 3
0	12:22:18.734	Custom Moving Averages EURUSD,H1: initialized
0	12:22:18.734	Gambit EURUSD,H1: initialized
0	12:22:18.735	Parabolic EURUSD,H1: initialized
0	12:22:18.735	1fractal EURUSD,H1: initialized
0	12:22:18.736	Stochastic EURUSD,H1: initialized
0	12:22:25.746	Custom Moving Averages EURUSD,H1: uninit reason 3
0	12:22:25.746	Gambit EURUSD,H1: uninit reason 3
0	12:22:25.746	Parabolic EURUSD,H1: uninit reason 3
0	12:22:25.746	1fractal EURUSD,H1: uninit reason 3
0	12:22:25.746	Stochastic EURUSD,H1: uninit reason 3
0	12:22:25.808	Custom Moving Averages EURUSD,Daily: initialized
0	12:22:25.809	Gambit EURUSD,Daily: initialized
0	12:22:25.811	Parabolic EURUSD,Daily: initialized
0	12:22:25.811	1fractal EURUSD,Daily: initialized
0	12:22:25.812	Stochastic EURUSD,Daily: initialized
0	12:23:54.065	Custom Moving Averages EURUSD,Daily: uninit reason 3
0	12:23:54.065	Gambit EURUSD,Daily: uninit reason 3
0	12:23:54.065	Parabolic EURUSD,Daily: uninit reason 3
0	12:23:54.126	1fractal EURUSD,Daily: uninit reason 3
0	12:23:54.126	Stochastic EURUSD,Daily: uninit reason 3
0	12:23:54.142	Custom Moving Averages EURUSD,M5: initialized
0	12:23:54.142	Gambit EURUSD,M5: initialized
0	12:23:54.144	Parabolic EURUSD,M5: initialized
0	12:23:54.144	1fractal EURUSD,M5: initialized
0	12:23:54.145	Stochastic EURUSD,M5: initialized
0	12:27:56.884	Custom Moving Averages EURUSD,M5: uninit reason 5
0	12:27:56.957	Custom Moving Averages EURUSD,M5: initialized
0	12:29:43.898	1fractal EURUSD,M5: uninit reason 2
0	12:29:43.902	Custom indicator 1fractal EURUSD,M5: removed
0	12:29:43.928	Custom indicator 1fractal EURUSD,M5: loaded successfully
0	12:29:43.955	1fractal EURUSD,M5: initialized
0	12:29:43.967	1fractal USDJPY,M5: uninit reason 2
0	12:29:43.973	Custom indicator 1fractal USDJPY,M5: removed
0	12:29:43.988	Custom indicator 1fractal USDJPY,M5: loaded successfully
0	12:29:44.008	1fractal USDJPY,M5: initialized
0	12:29:44.521	1fractal USDJPY,M30: uninit reason 2
0	12:29:44.525	Custom indicator 1fractal USDJPY,M30: removed
0	12:29:44.541	Custom indicator 1fractal USDJPY,M30: loaded successfully
0	12:29:44.561	1fractal USDJPY,M30: initialized
0	12:29:44.568	1fractal AUDUSD,M5: uninit reason 2
0	12:29:44.571	Custom indicator 1fractal AUDUSD,M5: removed
0	12:29:44.587	Custom indicator 1fractal AUDUSD,M5: loaded successfully
0	12:29:44.608	1fractal AUDUSD,M5: initialized
0	12:29:44.617	1fractal USDJPY,M5: uninit reason 2
0	12:29:44.621	Custom indicator 1fractal USDJPY,M5: removed
0	12:29:44.636	Custom indicator 1fractal USDJPY,M5: loaded successfully
0	12:29:44.655	1fractal USDJPY,M5: initialized
0	12:29:44.663	1fractal USDX,M5: uninit reason 2
0	12:29:44.667	Custom indicator 1fractal USDX,M5: removed
0	12:29:44.683	Custom indicator 1fractal USDX,M5: loaded successfully
0	12:29:44.703	1fractal USDX,M5: initialized
0	12:38:40.439	1fractal EURUSD,M5: uninit reason 2
0	12:38:40.442	Custom indicator 1fractal EURUSD,M5: removed
0	12:38:40.527	Custom indicator 1fractal EURUSD,M5: loaded successfully
0	12:38:40.559	1fractal EURUSD,M5: initialized
0	12:38:40.564	1fractal USDJPY,M5: uninit reason 2
0	12:38:40.567	Custom indicator 1fractal USDJPY,M5: removed
0	12:38:40.583	Custom indicator 1fractal USDJPY,M5: loaded successfully
0	12:38:40.606	1fractal USDJPY,M5: initialized
0	12:38:40.607	1fractal USDJPY,M30: uninit reason 2
0	12:38:40.610	Custom indicator 1fractal USDJPY,M30: removed
0	12:38:40.628	Custom indicator 1fractal USDJPY,M30: loaded successfully
0	12:38:40.648	1fractal USDJPY,M30: initialized
0	12:38:40.649	1fractal AUDUSD,M5: uninit reason 2
0	12:38:40.652	Custom indicator 1fractal AUDUSD,M5: removed
0	12:38:40.669	Custom indicator 1fractal AUDUSD,M5: loaded successfully
0	12:38:40.689	1fractal AUDUSD,M5: initialized
0	12:38:40.689	1fractal USDJPY,M5: uninit reason 2
0	12:38:40.693	Custom indicator 1fractal USDJPY,M5: removed
0	12:38:40.709	Custom indicator 1fractal USDJPY,M5: loaded successfully
0	12:38:40.729	1fractal USDJPY,M5: initialized
0	12:38:40.731	1fractal USDX,M5: uninit reason 2
0	12:38:40.734	Custom indicator 1fractal USDX,M5: removed
0	12:38:40.750	Custom indicator 1fractal USDX,M5: loaded successfully
0	12:38:40.769	1fractal USDX,M5: initialized
0	12:55:56.893	Custom Moving Averages EURUSD,M5: uninit reason 3
0	12:55:56.893	Gambit EURUSD,M5: uninit reason 3
0	12:55:56.893	Parabolic EURUSD,M5: uninit reason 3
0	12:55:56.893	1fractal EURUSD,M5: uninit reason 3
0	12:55:56.894	Stochastic EURUSD,M5: uninit reason 3
0	12:55:56.940	Custom Moving Averages EURUSD,M1: initialized
0	12:55:56.949	Gambit EURUSD,M1: initialized
0	12:55:56.991	Parabolic EURUSD,M1: initialized
0	12:55:56.997	1fractal EURUSD,M1: initialized
0	12:55:56.999	Stochastic EURUSD,M1: initialized
0	12:56:59.180	Custom Moving Averages EURUSD,M1: uninit reason 3
0	12:56:59.180	Gambit EURUSD,M1: uninit reason 3
0	12:56:59.180	Parabolic EURUSD,M1: uninit reason 3
0	12:56:59.180	1fractal EURUSD,M1: uninit reason 3
0	12:56:59.181	Stochastic EURUSD,M1: uninit reason 3
0	12:56:59.189	Custom Moving Averages EURUSD,M5: initialized
0	12:56:59.189	Gambit EURUSD,M5: initialized
0	12:56:59.191	Parabolic EURUSD,M5: initialized
0	12:56:59.191	1fractal EURUSD,M5: initialized
0	12:56:59.192	Stochastic EURUSD,M5: initialized
0	13:00:23.629	Custom Moving Averages EURUSD,M5: uninit reason 3
0	13:00:23.629	Gambit EURUSD,M5: uninit reason 3
0	13:00:23.629	Parabolic EURUSD,M5: uninit reason 3
0	13:00:23.629	1fractal EURUSD,M5: uninit reason 3
0	13:00:23.629	Stochastic EURUSD,M5: uninit reason 3
0	13:00:23.635	Custom Moving Averages EURUSD,M1: initialized
0	13:00:23.635	Gambit EURUSD,M1: initialized
0	13:00:23.636	Parabolic EURUSD,M1: initialized
0	13:00:23.637	1fractal EURUSD,M1: initialized
0	13:00:23.637	Stochastic EURUSD,M1: initialized
0	13:03:09.362	Custom Moving Averages EURUSD,M1: uninit reason 3
0	13:03:09.362	Gambit EURUSD,M1: uninit reason 3
0	13:03:09.362	Parabolic EURUSD,M1: uninit reason 3
0	13:03:09.362	1fractal EURUSD,M1: uninit reason 3
0	13:03:09.362	Stochastic EURUSD,M1: uninit reason 3
0	13:03:09.369	Custom Moving Averages EURUSD,H1: initialized
0	13:03:09.369	Gambit EURUSD,H1: initialized
0	13:03:09.371	Parabolic EURUSD,H1: initialized
0	13:03:09.371	1fractal EURUSD,H1: initialized
0	13:03:09.371	Stochastic EURUSD,H1: initialized
0	13:03:51.540	Custom Moving Averages EURUSD,H1: uninit reason 3
0	13:03:51.540	Gambit EURUSD,H1: uninit reason 3
0	13:03:51.540	Parabolic EURUSD,H1: uninit reason 3
0	13:03:51.540	1fractal EURUSD,H1: uninit reason 3
0	13:03:51.541	Stochastic EURUSD,H1: uninit reason 3
0	13:03:51.550	Custom Moving Averages EURUSD,M5: initialized
0	13:03:51.551	Gambit EURUSD,M5: initialized
0	13:03:51.552	Parabolic EURUSD,M5: initialized
0	13:03:51.553	1fractal EURUSD,M5: initialized
0	13:03:51.553	Stochastic EURUSD,M5: initialized
0	13:04:00.574	Custom Moving Averages EURUSD,M5: uninit reason 3
0	13:04:00.574	Gambit EURUSD,M5: uninit reason 3
0	13:04:00.574	Parabolic EURUSD,M5: uninit reason 3
0	13:04:00.574	1fractal EURUSD,M5: uninit reason 3
0	13:04:00.574	Stochastic EURUSD,M5: uninit reason 3
0	13:04:00.581	Custom Moving Averages EURUSD,M1: initialized
0	13:04:00.582	Gambit EURUSD,M1: initialized
0	13:04:00.583	Parabolic EURUSD,M1: initialized
0	13:04:00.583	1fractal EURUSD,M1: initialized
0	13:04:00.584	Stochastic EURUSD,M1: initialized
0	13:06:18.447	Custom Moving Averages EURUSD,M1: uninit reason 3
0	13:06:18.447	Gambit EURUSD,M1: uninit reason 3
0	13:06:18.447	Parabolic EURUSD,M1: uninit reason 3
0	13:06:18.448	1fractal EURUSD,M1: uninit reason 3
0	13:06:18.448	Stochastic EURUSD,M1: uninit reason 3
0	13:06:18.461	Custom Moving Averages EURUSD,M5: initialized
0	13:06:18.461	Gambit EURUSD,M5: initialized
0	13:06:18.463	Parabolic EURUSD,M5: initialized
0	13:06:18.463	1fractal EURUSD,M5: initialized
0	13:06:18.464	Stochastic EURUSD,M5: initialized
0	13:08:04.280	1fractal EURUSD,M5: uninit reason 1
0	13:08:04.356	Custom indicator 1fractal EURUSD,M5: removed
0	21:05:26.761	Custom indicator ZigZag happy XAUUSD,H1: loaded successfully
0	21:05:26.788	Custom indicator ifibonacci XAUUSD,H1: loaded successfully
0	21:05:26.819	Expert Gold_Fever XAUUSD,H1: loaded successfully
0	21:05:26.819	Gold_Fever XAUUSD,H1 inputs: Name_EA=; †Magic†=985412; Risk=1.0; FixLot=0.01; TrailingStop=80.0; †TrailingStop2†=80; †StopLoss†=240.0; TakeProfit=1000.0; 
0	21:05:26.837	ZigZag happy XAUUSD,H1: initialized
0	21:05:26.884	ifibonacci XAUUSD,H1: One of Fibo ARC Methods is requires DLL, Remember to allow DLL imports if you like to use it.
0	21:05:26.884	ifibonacci XAUUSD,H1: initialized
0	21:05:27.030	Custom indicator Stochastic USDX,Daily: loaded successfully
0	21:05:27.050	Custom indicator RSI USDX,Daily: loaded successfully
0	21:05:27.072	Custom indicator MACD USDX,Daily: loaded successfully
0	21:05:27.105	Stochastic USDX,Daily: initialized
0	21:05:27.128	RSI USDX,Daily: initialized
0	21:05:27.154	MACD USDX,Daily: initialized
0	21:05:27.204	Custom indicator Custom Moving Averages USDJPY,M5: loaded successfully
0	21:05:27.223	Custom indicator Gambit USDJPY,M5: loaded successfully
0	21:05:27.244	Custom indicator Parabolic USDJPY,M5: loaded successfully
0	21:05:27.266	Custom indicator ifibonacci USDJPY,M5: loaded successfully
0	21:05:27.289	Custom indicator 1fractal USDJPY,M5: loaded successfully
0	21:05:27.309	Custom indicator Stochastic USDJPY,M5: loaded successfully
0	21:05:27.358	Custom Moving Averages USDJPY,M5: initialized
0	21:05:27.390	Gambit USDJPY,M5: initialized
0	21:05:27.420	Parabolic USDJPY,M5: initialized
0	21:05:27.504	ifibonacci USDJPY,M5: initialized
0	21:05:27.526	1fractal USDJPY,M5: initialized
0	21:05:27.549	Stochastic USDJPY,M5: initialized
0	21:05:27.841	Custom indicator Custom Moving Averages EURUSD,M5: loaded successfully
0	21:05:27.859	Custom indicator Gambit EURUSD,M5: loaded successfully
0	21:05:27.877	Custom indicator Parabolic EURUSD,M5: loaded successfully
0	21:05:27.895	Custom indicator Stochastic EURUSD,M5: loaded successfully
0	21:05:27.954	Custom Moving Averages EURUSD,M5: initialized
0	21:05:27.986	Gambit EURUSD,M5: initialized
0	21:05:28.017	Parabolic EURUSD,M5: initialized
0	21:05:28.065	Stochastic EURUSD,M5: initialized
0	21:05:28.418	Custom indicator Custom Moving Averages GBPUSD,Daily: loaded successfully
0	21:05:28.444	Custom indicator Gambit GBPUSD,Daily: loaded successfully
0	21:05:28.467	Custom indicator Parabolic GBPUSD,Daily: loaded successfully
0	21:05:28.498	Custom indicator Stochastic GBPUSD,Daily: loaded successfully
0	21:05:28.552	Custom Moving Averages GBPUSD,Daily: initialized
0	21:05:28.589	Gambit GBPUSD,Daily: initialized
0	21:05:28.628	Parabolic GBPUSD,Daily: initialized
0	21:05:28.656	Stochastic GBPUSD,Daily: initialized
0	21:05:28.717	Custom indicator Custom Moving Averages USDJPY,M5: loaded successfully
0	21:05:28.734	Custom indicator Gambit USDJPY,M5: loaded successfully
0	21:05:28.752	Custom indicator Parabolic USDJPY,M5: loaded successfully
0	21:05:28.767	Custom indicator 1fractal USDJPY,M5: loaded successfully
0	21:05:28.783	Custom indicator Stochastic USDJPY,M5: loaded successfully
0	21:05:28.811	Custom Moving Averages USDJPY,M5: initialized
0	21:05:28.842	Gambit USDJPY,M5: initialized
0	21:05:28.867	Parabolic USDJPY,M5: initialized
0	21:05:28.887	1fractal USDJPY,M5: initialized
0	21:05:28.907	Stochastic USDJPY,M5: initialized
0	21:05:29.079	Custom indicator Custom Moving Averages AUDUSD,M5: loaded successfully
0	21:05:29.095	Custom indicator Gambit AUDUSD,M5: loaded successfully
0	21:05:29.112	Custom indicator Parabolic AUDUSD,M5: loaded successfully
0	21:05:29.135	Custom indicator ifibonacci AUDUSD,M5: loaded successfully
0	21:05:29.158	Custom indicator 1fractal AUDUSD,M5: loaded successfully
0	21:05:29.174	Custom indicator Stochastic AUDUSD,M5: loaded successfully
0	21:05:29.212	Custom Moving Averages AUDUSD,M5: initialized
0	21:05:29.241	Gambit AUDUSD,M5: initialized
0	21:05:29.267	Parabolic AUDUSD,M5: initialized
0	21:05:29.328	ifibonacci AUDUSD,M5: initialized
0	21:05:29.348	1fractal AUDUSD,M5: initialized
0	21:05:29.369	Stochastic AUDUSD,M5: initialized
0	21:05:29.519	Custom indicator Custom Moving Averages USDJPY,M5: loaded successfully
0	21:05:29.537	Custom indicator Gambit USDJPY,M5: loaded successfully
0	21:05:29.555	Custom indicator Parabolic USDJPY,M5: loaded successfully
0	21:05:29.574	Custom indicator ifibonacci USDJPY,M5: loaded successfully
0	21:05:29.590	Custom indicator 1fractal USDJPY,M5: loaded successfully
0	21:05:29.606	Custom indicator Stochastic USDJPY,M5: loaded successfully
0	21:05:29.635	Custom Moving Averages USDJPY,M5: initialized
0	21:05:29.661	Gambit USDJPY,M5: initialized
0	21:05:29.688	Parabolic USDJPY,M5: initialized
0	21:05:29.736	ifibonacci USDJPY,M5: initialized
0	21:05:29.756	1fractal USDJPY,M5: initialized
0	21:05:29.778	Stochastic USDJPY,M5: initialized
0	21:05:30.009	Custom indicator Custom Moving Averages USDX,M5: loaded successfully
0	21:05:30.025	Custom indicator Gambit USDX,M5: loaded successfully
0	21:05:30.042	Custom indicator Parabolic USDX,M5: loaded successfully
0	21:05:30.058	Custom indicator 1fractal USDX,M5: loaded successfully
0	21:05:30.075	Custom indicator Stochastic USDX,M5: loaded successfully
0	21:05:30.117	Custom Moving Averages USDX,M5: initialized
0	21:05:30.143	Gambit USDX,M5: initialized
0	21:05:30.183	Parabolic USDX,M5: initialized
0	21:05:30.210	1fractal USDX,M5: initialized
0	21:05:30.231	Stochastic USDX,M5: initialized
0	21:05:30.309	Custom indicator Custom Moving Averages XAUUSD,H1: loaded successfully
0	21:05:30.325	Custom indicator Gambit XAUUSD,H1: loaded successfully
0	21:05:30.344	Custom indicator Parabolic XAUUSD,H1: loaded successfully
0	21:05:30.360	Custom indicator iFractals_v2 XAUUSD,H1: loaded successfully
0	21:05:30.376	Custom indicator Stochastic XAUUSD,H1: loaded successfully
0	21:05:30.403	Custom Moving Averages XAUUSD,H1: initialized
0	21:05:30.431	Gambit XAUUSD,H1: initialized
0	21:05:30.456	Parabolic XAUUSD,H1: initialized
0	21:05:30.478	iFractals_v2 XAUUSD,H1: initialized
0	21:05:30.499	Stochastic XAUUSD,H1: initialized
0	21:05:35.626	Gold_Fever XAUUSD,H1: initialized
0	21:05:35.851	Custom indicator ZigZag happy XAUUSD,H1: loaded successfully
0	21:05:35.851	ZigZag happy XAUUSD,H1: initialized
0	21:14:18.505	Custom Moving Averages XAUUSD,H1: uninit reason 3
0	21:14:18.505	Gambit XAUUSD,H1: uninit reason 3
0	21:14:18.505	Parabolic XAUUSD,H1: uninit reason 3
0	21:14:18.505	iFractals_v2 XAUUSD,H1: uninit reason 3
0	21:14:18.505	Stochastic XAUUSD,H1: uninit reason 3
0	21:14:18.531	Custom Moving Averages XAUUSD,M5: initialized
0	21:14:18.531	Gambit XAUUSD,M5: initialized
0	21:14:18.531	Parabolic XAUUSD,M5: initialized
0	21:14:18.531	iFractals_v2 XAUUSD,M5: initialized
0	21:14:18.531	Stochastic XAUUSD,M5: initialized
0	21:16:22.781	Gambit XAUUSD,M5: uninit reason 5
0	21:16:22.812	Gambit XAUUSD,M5: initialized
0	21:20:22.391	Expert up3x1 XAUUSD,M5: loaded successfully
0	21:20:39.880	up3x1 XAUUSD,M5 inputs: Lots=0.1; TakeProfit=150.0; StopLoss=100.0; TrailingStop=100.0; 
0	21:20:39.943	up3x1 XAUUSD,M5: initialized
0	21:25:26.013	Custom Moving Averages XAUUSD,M5: uninit reason 5
0	21:25:26.051	Custom Moving Averages XAUUSD,M5: initialized
0	21:35:19.205	up3x1 XAUUSD,M5: uninit reason 1
0	21:35:19.213	Expert up3x1 XAUUSD,M5: removed
0	21:53:06.679	Custom Moving Averages USDX,M5: uninit reason 5
0	21:53:06.709	Custom Moving Averages USDX,M5: initialized
0	22:10:50.469	Custom Moving Averages USDJPY,M5: uninit reason 7
0	22:10:50.469	Gambit USDJPY,M5: uninit reason 7
0	22:10:50.469	Parabolic USDJPY,M5: uninit reason 7
0	22:10:50.469	ifibonacci USDJPY,M5: uninit reason 7
1	22:10:50.469	ifibonacci USDJPY,M5: array out of range in 'ifibonacci.mq4' (205,28)
0	22:10:50.475	1fractal USDJPY,M5: uninit reason 7
0	22:10:50.476	Stochastic USDJPY,M5: uninit reason 7
0	22:10:50.480	Custom indicator Custom Moving Averages USDJPY,M5: removed
0	22:10:50.483	Custom indicator Gambit USDJPY,M5: removed
0	22:10:50.487	Custom indicator Parabolic USDJPY,M5: removed
0	22:10:50.491	Custom indicator ifibonacci USDJPY,M5: removed
0	22:10:50.495	Custom indicator 1fractal USDJPY,M5: removed
0	22:10:50.499	Custom indicator Stochastic USDJPY,M5: removed
0	22:10:50.585	Custom indicator Custom Moving Averages USDJPY,M5: loaded successfully
0	22:10:50.657	Custom indicator Gambit USDJPY,M5: loaded successfully
0	22:10:50.684	Custom indicator Parabolic USDJPY,M5: loaded successfully
0	22:10:50.772	Custom indicator ifibonacci USDJPY,M5: loaded successfully
0	22:10:50.804	Custom indicator 1fractal USDJPY,M5: loaded successfully
0	22:10:50.869	Custom indicator Stochastic USDJPY,M5: loaded successfully
0	22:10:50.897	Custom Moving Averages USDJPY,M5: initialized
0	22:10:50.927	Gambit USDJPY,M5: initialized
0	22:10:50.954	Parabolic USDJPY,M5: initialized
0	22:10:51.006	ifibonacci USDJPY,M5: initialized
0	22:10:51.027	1fractal USDJPY,M5: initialized
0	22:10:51.051	Stochastic USDJPY,M5: initialized
0	22:11:05.669	ifibonacci USDJPY,M5: uninit reason 1
1	22:11:05.669	ifibonacci USDJPY,M5: array out of range in 'ifibonacci.mq4' (205,28)
0	22:11:05.678	Custom indicator ifibonacci USDJPY,M5: removed
0	22:40:53.344	1fractal USDJPY,M5: uninit reason 2
0	22:40:53.349	Custom indicator 1fractal USDJPY,M5: removed
0	22:40:53.368	Custom indicator 1fractal USDJPY,M5: loaded successfully
0	22:40:53.389	1fractal USDJPY,M5: initialized
0	22:40:53.399	1fractal USDX,M5: uninit reason 2
0	22:40:53.402	Custom indicator 1fractal USDX,M5: removed
0	22:40:53.421	Custom indicator 1fractal USDX,M5: loaded successfully
0	22:40:53.444	1fractal USDX,M5: initialized
0	22:40:53.451	1fractal USDJPY,M5: uninit reason 2
0	22:40:53.455	Custom indicator 1fractal USDJPY,M5: removed
0	22:40:53.471	Custom indicator 1fractal USDJPY,M5: loaded successfully
0	22:40:53.494	1fractal USDJPY,M5: initialized
0	22:40:53.506	1fractal AUDUSD,M5: uninit reason 2
0	22:40:53.509	Custom indicator 1fractal AUDUSD,M5: removed
0	22:40:53.525	Custom indicator 1fractal AUDUSD,M5: loaded successfully
0	22:40:53.549	1fractal AUDUSD,M5: initialized
0	22:40:53.553	1fractal USDJPY,M5: uninit reason 2
0	22:40:53.557	Custom indicator 1fractal USDJPY,M5: removed
0	22:40:53.578	Custom indicator 1fractal USDJPY,M5: loaded successfully
0	22:40:53.599	1fractal USDJPY,M5: initialized
0	22:46:08.482	1fractal USDJPY,M5: uninit reason 2
0	22:46:08.486	Custom indicator 1fractal USDJPY,M5: removed
0	22:46:08.502	Custom indicator 1fractal USDJPY,M5: loaded successfully
0	22:46:08.529	1fractal USDJPY,M5: initialized
0	22:46:08.531	1fractal USDX,M5: uninit reason 2
0	22:46:08.534	Custom indicator 1fractal USDX,M5: removed
0	22:46:08.551	Custom indicator 1fractal USDX,M5: loaded successfully
0	22:46:08.579	1fractal USDX,M5: initialized
0	22:46:08.580	1fractal USDJPY,M5: uninit reason 2
0	22:46:08.583	Custom indicator 1fractal USDJPY,M5: removed
0	22:46:08.600	Custom indicator 1fractal USDJPY,M5: loaded successfully
0	22:46:08.627	1fractal USDJPY,M5: initialized
0	22:46:08.628	1fractal AUDUSD,M5: uninit reason 2
0	22:46:08.631	Custom indicator 1fractal AUDUSD,M5: removed
0	22:46:08.648	Custom indicator 1fractal AUDUSD,M5: loaded successfully
0	22:46:08.675	1fractal AUDUSD,M5: initialized
0	22:46:08.676	1fractal USDJPY,M5: uninit reason 2
0	22:46:08.679	Custom indicator 1fractal USDJPY,M5: removed
0	22:46:08.696	Custom indicator 1fractal USDJPY,M5: loaded successfully
0	22:46:08.723	1fractal USDJPY,M5: initialized
0	22:51:11.917	ifibonacci USDJPY,M5: uninit reason 1
1	22:51:11.917	ifibonacci USDJPY,M5: array out of range in 'ifibonacci.mq4' (205,28)
0	22:51:11.927	Custom indicator ifibonacci USDJPY,M5: removed
0	22:51:31.259	1fractal USDJPY,M5: uninit reason 2
0	22:51:31.263	Custom indicator 1fractal USDJPY,M5: removed
0	22:51:31.280	Custom indicator 1fractal USDJPY,M5: loaded successfully
0	22:51:31.303	1fractal USDJPY,M5: initialized
0	22:51:31.305	1fractal AUDUSD,M5: uninit reason 2
0	22:51:31.308	Custom indicator 1fractal AUDUSD,M5: removed
0	22:51:31.323	Custom indicator 1fractal AUDUSD,M5: loaded successfully
0	22:51:31.346	1fractal AUDUSD,M5: initialized
0	22:51:31.347	1fractal USDJPY,M5: uninit reason 2
0	22:51:31.351	Custom indicator 1fractal USDJPY,M5: removed
0	22:51:31.369	Custom indicator 1fractal USDJPY,M5: loaded successfully
0	22:51:31.394	1fractal USDJPY,M5: initialized
0	22:51:31.396	1fractal USDJPY,M5: uninit reason 2
0	22:51:31.399	Custom indicator 1fractal USDJPY,M5: removed
0	22:51:31.417	Custom indicator 1fractal USDJPY,M5: loaded successfully
0	22:51:31.439	1fractal USDJPY,M5: initialized
0	22:51:31.441	1fractal USDX,M5: uninit reason 2
0	22:51:31.444	Custom indicator 1fractal USDX,M5: removed
0	22:51:31.461	Custom indicator 1fractal USDX,M5: loaded successfully
0	22:51:31.483	1fractal USDX,M5: initialized
0	22:52:00.315	1fractal USDJPY,M5: uninit reason 2
0	22:52:00.318	Custom indicator 1fractal USDJPY,M5: removed
0	22:52:00.337	Custom indicator 1fractal USDJPY,M5: loaded successfully
0	22:52:00.360	1fractal USDJPY,M5: initialized
0	22:52:00.361	1fractal AUDUSD,M5: uninit reason 2
0	22:52:00.365	Custom indicator 1fractal AUDUSD,M5: removed
0	22:52:00.380	Custom indicator 1fractal AUDUSD,M5: loaded successfully
0	22:52:00.403	1fractal AUDUSD,M5: initialized
0	22:52:00.404	1fractal USDJPY,M5: uninit reason 2
0	22:52:00.407	Custom indicator 1fractal USDJPY,M5: removed
0	22:52:00.424	Custom indicator 1fractal USDJPY,M5: loaded successfully
0	22:52:00.445	1fractal USDJPY,M5: initialized
0	22:52:00.447	1fractal USDJPY,M5: uninit reason 2
0	22:52:00.451	Custom indicator 1fractal USDJPY,M5: removed
0	22:52:00.467	Custom indicator 1fractal USDJPY,M5: loaded successfully
0	22:52:00.492	1fractal USDJPY,M5: initialized
0	22:52:00.494	1fractal USDX,M5: uninit reason 2
0	22:52:00.497	Custom indicator 1fractal USDX,M5: removed
0	22:52:00.513	Custom indicator 1fractal USDX,M5: loaded successfully
0	22:52:00.538	1fractal USDX,M5: initialized
0	22:52:20.499	ifibonacci AUDUSD,M5: uninit reason 1
1	22:52:20.500	ifibonacci AUDUSD,M5: array out of range in 'ifibonacci.mq4' (205,28)
0	22:52:20.506	Custom indicator ifibonacci AUDUSD,M5: removed
0	22:53:48.048	1fractal AUDUSD,M5: uninit reason 2
0	22:53:48.052	Custom indicator 1fractal AUDUSD,M5: removed
0	22:53:48.071	Custom indicator 1fractal AUDUSD,M5: loaded successfully
0	22:53:48.091	1fractal AUDUSD,M5: initialized
0	22:53:48.091	1fractal USDJPY,M5: uninit reason 2
0	22:53:48.094	Custom indicator 1fractal USDJPY,M5: removed
0	22:53:48.111	Custom indicator 1fractal USDJPY,M5: loaded successfully
0	22:53:48.133	1fractal USDJPY,M5: initialized
0	22:53:48.134	1fractal USDJPY,M5: uninit reason 2
0	22:53:48.137	Custom indicator 1fractal USDJPY,M5: removed
0	22:53:48.152	Custom indicator 1fractal USDJPY,M5: loaded successfully
0	22:53:48.175	1fractal USDJPY,M5: initialized
0	22:53:48.177	1fractal USDJPY,M5: uninit reason 2
0	22:53:48.180	Custom indicator 1fractal USDJPY,M5: removed
0	22:53:48.197	Custom indicator 1fractal USDJPY,M5: loaded successfully
0	22:53:48.220	1fractal USDJPY,M5: initialized
0	22:53:48.221	1fractal USDX,M5: uninit reason 2
0	22:53:48.224	Custom indicator 1fractal USDX,M5: removed
0	22:53:48.241	Custom indicator 1fractal USDX,M5: loaded successfully
0	22:53:48.261	1fractal USDX,M5: initialized
0	22:56:34.245	1fractal AUDUSD,M5: uninit reason 2
0	22:56:34.248	Custom indicator 1fractal AUDUSD,M5: removed
0	22:56:34.264	Custom indicator 1fractal AUDUSD,M5: loaded successfully
0	22:56:34.286	1fractal AUDUSD,M5: initialized
0	22:56:34.287	1fractal USDJPY,M5: uninit reason 2
0	22:56:34.290	Custom indicator 1fractal USDJPY,M5: removed
0	22:56:34.307	Custom indicator 1fractal USDJPY,M5: loaded successfully
0	22:56:34.331	1fractal USDJPY,M5: initialized
0	22:56:34.333	1fractal USDJPY,M5: uninit reason 2
0	22:56:34.336	Custom indicator 1fractal USDJPY,M5: removed
0	22:56:34.351	Custom indicator 1fractal USDJPY,M5: loaded successfully
0	22:56:34.375	1fractal USDJPY,M5: initialized
0	22:56:34.377	1fractal USDJPY,M5: uninit reason 2
0	22:56:34.380	Custom indicator 1fractal USDJPY,M5: removed
0	22:56:34.397	Custom indicator 1fractal USDJPY,M5: loaded successfully
0	22:56:34.418	1fractal USDJPY,M5: initialized
0	22:56:34.419	1fractal USDX,M5: uninit reason 2
0	22:56:34.423	Custom indicator 1fractal USDX,M5: removed
0	22:56:34.439	Custom indicator 1fractal USDX,M5: loaded successfully
0	22:56:34.462	1fractal USDX,M5: initialized
0	22:57:35.362	1fractal AUDUSD,M5: uninit reason 2
0	22:57:35.364	Custom indicator 1fractal AUDUSD,M5: removed
0	22:57:35.381	Custom indicator 1fractal AUDUSD,M5: loaded successfully
0	22:57:35.408	1fractal AUDUSD,M5: initialized
0	22:57:35.409	1fractal USDJPY,M5: uninit reason 2
0	22:57:35.414	Custom indicator 1fractal USDJPY,M5: removed
0	22:57:35.437	Custom indicator 1fractal USDJPY,M5: loaded successfully
0	22:57:35.462	1fractal USDJPY,M5: initialized
0	22:57:35.463	1fractal USDJPY,M5: uninit reason 2
0	22:57:35.467	Custom indicator 1fractal USDJPY,M5: removed
0	22:57:35.484	Custom indicator 1fractal USDJPY,M5: loaded successfully
0	22:57:35.508	1fractal USDJPY,M5: initialized
0	22:57:35.509	1fractal USDJPY,M5: uninit reason 2
0	22:57:35.513	Custom indicator 1fractal USDJPY,M5: removed
0	22:57:35.529	Custom indicator 1fractal USDJPY,M5: loaded successfully
0	22:57:35.551	1fractal USDJPY,M5: initialized
0	22:57:35.553	1fractal USDX,M5: uninit reason 2
0	22:57:35.557	Custom indicator 1fractal USDX,M5: removed
0	22:57:35.572	Custom indicator 1fractal USDX,M5: loaded successfully
0	22:57:35.596	1fractal USDX,M5: initialized
0	23:02:19.258	1fractal AUDUSD,M5: uninit reason 2
0	23:02:19.262	Custom indicator 1fractal AUDUSD,M5: removed
0	23:02:19.280	Custom indicator 1fractal AUDUSD,M5: loaded successfully
0	23:02:19.303	1fractal AUDUSD,M5: initialized
0	23:02:19.304	1fractal USDJPY,M5: uninit reason 2
0	23:02:19.307	Custom indicator 1fractal USDJPY,M5: removed
0	23:02:19.325	Custom indicator 1fractal USDJPY,M5: loaded successfully
0	23:02:19.352	1fractal USDJPY,M5: initialized
0	23:02:19.354	1fractal USDJPY,M5: uninit reason 2
0	23:02:19.357	Custom indicator 1fractal USDJPY,M5: removed
0	23:02:19.379	Custom indicator 1fractal USDJPY,M5: loaded successfully
0	23:02:19.403	1fractal USDJPY,M5: initialized
0	23:02:19.405	1fractal USDJPY,M5: uninit reason 2
0	23:02:19.408	Custom indicator 1fractal USDJPY,M5: removed
0	23:02:19.430	Custom indicator 1fractal USDJPY,M5: loaded successfully
0	23:02:19.450	1fractal USDJPY,M5: initialized
0	23:02:19.452	1fractal USDX,M5: uninit reason 2
0	23:02:19.455	Custom indicator 1fractal USDX,M5: removed
0	23:02:19.472	Custom indicator 1fractal USDX,M5: loaded successfully
0	23:02:19.494	1fractal USDX,M5: initialized
0	23:03:38.374	1fractal AUDUSD,M5: uninit reason 2
0	23:03:38.377	Custom indicator 1fractal AUDUSD,M5: removed
0	23:03:38.395	Custom indicator 1fractal AUDUSD,M5: loaded successfully
0	23:03:38.420	1fractal AUDUSD,M5: initialized
0	23:03:38.421	1fractal USDJPY,M5: uninit reason 2
0	23:03:38.423	Custom indicator 1fractal USDJPY,M5: removed
0	23:03:38.441	Custom indicator 1fractal USDJPY,M5: loaded successfully
0	23:03:38.464	1fractal USDJPY,M5: initialized
0	23:03:38.465	1fractal USDJPY,M5: uninit reason 2
0	23:03:38.468	Custom indicator 1fractal USDJPY,M5: removed
0	23:03:38.487	Custom indicator 1fractal USDJPY,M5: loaded successfully
0	23:03:38.509	1fractal USDJPY,M5: initialized
0	23:03:38.510	1fractal USDJPY,M5: uninit reason 2
0	23:03:38.513	Custom indicator 1fractal USDJPY,M5: removed
0	23:03:38.532	Custom indicator 1fractal USDJPY,M5: loaded successfully
0	23:03:38.556	1fractal USDJPY,M5: initialized
0	23:03:38.557	1fractal USDX,M5: uninit reason 2
0	23:03:38.561	Custom indicator 1fractal USDX,M5: removed
0	23:03:38.576	Custom indicator 1fractal USDX,M5: loaded successfully
0	23:03:38.599	1fractal USDX,M5: initialized
0	23:09:54.306	1fractal AUDUSD,M5: uninit reason 2
0	23:09:54.309	Custom indicator 1fractal AUDUSD,M5: removed
0	23:09:54.326	Custom indicator 1fractal AUDUSD,M5: loaded successfully
0	23:09:54.347	1fractal AUDUSD,M5: initialized
0	23:09:54.348	1fractal USDJPY,M5: uninit reason 2
0	23:09:54.352	Custom indicator 1fractal USDJPY,M5: removed
0	23:09:54.368	Custom indicator 1fractal USDJPY,M5: loaded successfully
0	23:09:54.390	1fractal USDJPY,M5: initialized
0	23:09:54.392	1fractal USDJPY,M5: uninit reason 2
0	23:09:54.395	Custom indicator 1fractal USDJPY,M5: removed
0	23:09:54.412	Custom indicator 1fractal USDJPY,M5: loaded successfully
0	23:09:54.435	1fractal USDJPY,M5: initialized
0	23:09:54.437	1fractal USDJPY,M5: uninit reason 2
0	23:09:54.440	Custom indicator 1fractal USDJPY,M5: removed
0	23:09:54.456	Custom indicator 1fractal USDJPY,M5: loaded successfully
0	23:09:54.479	1fractal USDJPY,M5: initialized
0	23:09:54.480	1fractal USDX,M5: uninit reason 2
0	23:09:54.483	Custom indicator 1fractal USDX,M5: removed
0	23:09:54.502	Custom indicator 1fractal USDX,M5: loaded successfully
0	23:09:54.530	1fractal USDX,M5: initialized
0	23:11:29.158	1fractal AUDUSD,M5: uninit reason 2
0	23:11:29.161	Custom indicator 1fractal AUDUSD,M5: removed
0	23:11:29.177	Custom indicator 1fractal AUDUSD,M5: loaded successfully
0	23:11:29.200	1fractal AUDUSD,M5: initialized
0	23:11:29.201	1fractal USDJPY,M5: uninit reason 2
0	23:11:29.204	Custom indicator 1fractal USDJPY,M5: removed
0	23:11:29.221	Custom indicator 1fractal USDJPY,M5: loaded successfully
0	23:11:29.244	1fractal USDJPY,M5: initialized
0	23:11:29.246	1fractal USDJPY,M5: uninit reason 2
0	23:11:29.249	Custom indicator 1fractal USDJPY,M5: removed
0	23:11:29.267	Custom indicator 1fractal USDJPY,M5: loaded successfully
0	23:11:29.289	1fractal USDJPY,M5: initialized
0	23:11:29.291	1fractal USDJPY,M5: uninit reason 2
0	23:11:29.294	Custom indicator 1fractal USDJPY,M5: removed
0	23:11:29.317	Custom indicator 1fractal USDJPY,M5: loaded successfully
0	23:11:29.348	1fractal USDJPY,M5: initialized
0	23:11:29.349	1fractal USDX,M5: uninit reason 2
0	23:11:29.353	Custom indicator 1fractal USDX,M5: removed
0	23:11:29.371	Custom indicator 1fractal USDX,M5: loaded successfully
0	23:11:29.395	1fractal USDX,M5: initialized
0	23:16:43.704	1fractal AUDUSD,M5: uninit reason 2
0	23:16:43.707	Custom indicator 1fractal AUDUSD,M5: removed
0	23:16:43.723	Custom indicator 1fractal AUDUSD,M5: loaded successfully
0	23:16:43.746	1fractal AUDUSD,M5: initialized
0	23:16:43.747	1fractal USDJPY,M5: uninit reason 2
0	23:16:43.751	Custom indicator 1fractal USDJPY,M5: removed
0	23:16:43.768	Custom indicator 1fractal USDJPY,M5: loaded successfully
0	23:16:43.789	1fractal USDJPY,M5: initialized
0	23:16:43.791	1fractal USDJPY,M5: uninit reason 2
0	23:16:43.794	Custom indicator 1fractal USDJPY,M5: removed
0	23:16:43.811	Custom indicator 1fractal USDJPY,M5: loaded successfully
0	23:16:43.834	1fractal USDJPY,M5: initialized
0	23:16:43.837	1fractal USDJPY,M5: uninit reason 2
0	23:16:43.840	Custom indicator 1fractal USDJPY,M5: removed
0	23:16:43.856	Custom indicator 1fractal USDJPY,M5: loaded successfully
0	23:16:43.880	1fractal USDJPY,M5: initialized
0	23:16:43.882	1fractal USDX,M5: uninit reason 2
0	23:16:43.885	Custom indicator 1fractal USDX,M5: removed
0	23:16:43.902	Custom indicator 1fractal USDX,M5: loaded successfully
0	23:16:43.923	1fractal USDX,M5: initialized
0	23:19:22.971	1fractal AUDUSD,M5: uninit reason 2
0	23:19:22.974	Custom indicator 1fractal AUDUSD,M5: removed
0	23:19:22.991	Custom indicator 1fractal AUDUSD,M5: loaded successfully
0	23:19:23.012	1fractal AUDUSD,M5: initialized
0	23:19:23.013	1fractal USDJPY,M5: uninit reason 2
0	23:19:23.016	Custom indicator 1fractal USDJPY,M5: removed
0	23:19:23.031	Custom indicator 1fractal USDJPY,M5: loaded successfully
0	23:19:23.054	1fractal USDJPY,M5: initialized
0	23:19:23.055	1fractal USDJPY,M5: uninit reason 2
0	23:19:23.059	Custom indicator 1fractal USDJPY,M5: removed
0	23:19:23.075	Custom indicator 1fractal USDJPY,M5: loaded successfully
0	23:19:23.097	1fractal USDJPY,M5: initialized
0	23:19:23.099	1fractal USDJPY,M5: uninit reason 2
0	23:19:23.103	Custom indicator 1fractal USDJPY,M5: removed
0	23:19:23.121	Custom indicator 1fractal USDJPY,M5: loaded successfully
0	23:19:23.143	1fractal USDJPY,M5: initialized
0	23:19:23.145	1fractal USDX,M5: uninit reason 2
0	23:19:23.148	Custom indicator 1fractal USDX,M5: removed
0	23:19:23.168	Custom indicator 1fractal USDX,M5: loaded successfully
0	23:19:23.194	1fractal USDX,M5: initialized
0	23:20:41.661	Custom indicator ZigZag happy AUDUSD,M5: loaded successfully
0	23:20:44.355	ZigZag happy AUDUSD,M5: initialized
0	23:27:11.859	1fractal USDJPY,M5: uninit reason 2
0	23:27:11.862	Custom indicator 1fractal USDJPY,M5: removed
0	23:27:11.879	Custom indicator 1fractal USDJPY,M5: loaded successfully
0	23:27:11.904	1fractal USDJPY,M5: initialized
0	23:27:11.906	1fractal AUDUSD,M5: uninit reason 2
0	23:27:11.909	Custom indicator 1fractal AUDUSD,M5: removed
0	23:27:11.927	Custom indicator 1fractal AUDUSD,M5: loaded successfully
0	23:27:11.951	1fractal AUDUSD,M5: initialized
0	23:27:11.952	1fractal USDJPY,M5: uninit reason 2
0	23:27:11.955	Custom indicator 1fractal USDJPY,M5: removed
0	23:27:11.971	Custom indicator 1fractal USDJPY,M5: loaded successfully
0	23:27:11.996	1fractal USDJPY,M5: initialized
0	23:27:11.999	1fractal USDJPY,M5: uninit reason 2
0	23:27:12.002	Custom indicator 1fractal USDJPY,M5: removed
0	23:27:12.019	Custom indicator 1fractal USDJPY,M5: loaded successfully
0	23:27:12.043	1fractal USDJPY,M5: initialized
0	23:27:12.046	1fractal USDX,M5: uninit reason 2
0	23:27:12.050	Custom indicator 1fractal USDX,M5: removed
0	23:27:12.065	Custom indicator 1fractal USDX,M5: loaded successfully
0	23:27:12.090	1fractal USDX,M5: initialized
0	23:27:58.454	1fractal USDJPY,M5: uninit reason 2
0	23:27:58.458	Custom indicator 1fractal USDJPY,M5: removed
0	23:27:58.474	Custom indicator 1fractal USDJPY,M5: loaded successfully
0	23:27:58.501	1fractal USDJPY,M5: initialized
0	23:27:58.503	1fractal AUDUSD,M5: uninit reason 2
0	23:27:58.506	Custom indicator 1fractal AUDUSD,M5: removed
0	23:27:58.524	Custom indicator 1fractal AUDUSD,M5: loaded successfully
0	23:27:58.550	1fractal AUDUSD,M5: initialized
0	23:27:58.551	1fractal USDJPY,M5: uninit reason 2
0	23:27:58.554	Custom indicator 1fractal USDJPY,M5: removed
0	23:27:58.570	Custom indicator 1fractal USDJPY,M5: loaded successfully
0	23:27:58.595	1fractal USDJPY,M5: initialized
0	23:27:58.597	1fractal USDJPY,M5: uninit reason 2
0	23:27:58.601	Custom indicator 1fractal USDJPY,M5: removed
0	23:27:58.619	Custom indicator 1fractal USDJPY,M5: loaded successfully
0	23:27:58.644	1fractal USDJPY,M5: initialized
0	23:27:58.645	1fractal USDX,M5: uninit reason 2
0	23:27:58.648	Custom indicator 1fractal USDX,M5: removed
0	23:27:58.666	Custom indicator 1fractal USDX,M5: loaded successfully
0	23:27:58.689	1fractal USDX,M5: initialized
0	23:29:06.898	Custom Moving Averages USDJPY,M5: uninit reason 7
0	23:29:06.899	Gambit USDJPY,M5: uninit reason 7
0	23:29:06.899	Parabolic USDJPY,M5: uninit reason 7
0	23:29:06.899	1fractal USDJPY,M5: uninit reason 7
0	23:29:06.899	Stochastic USDJPY,M5: uninit reason 7
0	23:29:06.903	Custom indicator Custom Moving Averages USDJPY,M5: removed
0	23:29:06.907	Custom indicator Gambit USDJPY,M5: removed
0	23:29:06.912	Custom indicator Parabolic USDJPY,M5: removed
0	23:29:06.915	Custom indicator 1fractal USDJPY,M5: removed
0	23:29:06.918	Custom indicator Stochastic USDJPY,M5: removed
0	23:29:06.960	Custom indicator Custom Moving Averages USDJPY,M5: loaded successfully
0	23:29:06.984	Custom indicator Gambit USDJPY,M5: loaded successfully
0	23:29:07.015	Custom indicator Parabolic USDJPY,M5: loaded successfully
0	23:29:07.043	Custom indicator 1fractal USDJPY,M5: loaded successfully
0	23:29:07.093	Custom indicator ZigZag happy USDJPY,M5: loaded successfully
0	23:29:07.122	Custom indicator Stochastic USDJPY,M5: loaded successfully
0	23:29:07.153	Custom Moving Averages USDJPY,M5: initialized
0	23:29:07.181	Gambit USDJPY,M5: initialized
0	23:29:07.211	Parabolic USDJPY,M5: initialized
0	23:29:07.235	1fractal USDJPY,M5: initialized
0	23:29:07.235	ZigZag happy USDJPY,M5: initialized
0	23:29:07.258	Stochastic USDJPY,M5: initialized
0	23:32:39.294	Custom Moving Averages EURUSD,M5: uninit reason 7
0	23:32:39.294	Gambit EURUSD,M5: uninit reason 7
0	23:32:39.294	Parabolic EURUSD,M5: uninit reason 7
0	23:32:39.294	Stochastic EURUSD,M5: uninit reason 7
0	23:32:39.299	Custom indicator Custom Moving Averages EURUSD,M5: removed
0	23:32:39.303	Custom indicator Gambit EURUSD,M5: removed
0	23:32:39.307	Custom indicator Parabolic EURUSD,M5: removed
0	23:32:39.310	Custom indicator Stochastic EURUSD,M5: removed
0	23:32:39.348	Custom indicator Custom Moving Averages EURUSD,M5: loaded successfully
0	23:32:39.370	Custom indicator Gambit EURUSD,M5: loaded successfully
0	23:32:39.400	Custom indicator Parabolic EURUSD,M5: loaded successfully
0	23:32:39.426	Custom indicator 1fractal EURUSD,M5: loaded successfully
0	23:32:39.478	Custom indicator ZigZag happy EURUSD,M5: loaded successfully
0	23:32:39.509	Custom indicator Stochastic EURUSD,M5: loaded successfully
0	23:32:39.543	Custom Moving Averages EURUSD,M5: initialized
0	23:32:39.575	Gambit EURUSD,M5: initialized
0	23:32:39.604	Parabolic EURUSD,M5: initialized
0	23:32:39.632	1fractal EURUSD,M5: initialized
0	23:32:39.632	ZigZag happy EURUSD,M5: initialized
0	23:32:39.655	Stochastic EURUSD,M5: initialized
0	23:36:21.009	1fractal EURUSD,M5: uninit reason 5
0	23:36:21.036	1fractal EURUSD,M5: initialized
0	23:36:48.425	Parabolic EURUSD,M5: uninit reason 5
0	23:36:48.447	Parabolic EURUSD,M5: initialized
0	23:37:18.308	Gambit EURUSD,M5: uninit reason 5
0	23:37:18.329	Gambit EURUSD,M5: initialized
0	23:40:14.479	Custom indicator MACD EURUSD,M5: loaded successfully
0	23:40:30.160	MACD EURUSD,M5: initialized
0	23:40:41.568	Custom indicator ifibonacci EURUSD,M5: loaded successfully
0	23:45:01.397	ifibonacci EURUSD,M5: initialized
0	23:45:07.563	Custom Moving Averages EURUSD,M5: uninit reason 3
0	23:45:07.563	Gambit EURUSD,M5: uninit reason 3
0	23:45:07.563	Parabolic EURUSD,M5: uninit reason 3
0	23:45:07.563	1fractal EURUSD,M5: uninit reason 3
0	23:45:07.563	ZigZag happy EURUSD,M5: uninit reason 3
0	23:45:07.563	ifibonacci EURUSD,M5: uninit reason 3
1	23:45:07.564	ifibonacci EURUSD,M5: array out of range in 'ifibonacci.mq4' (205,28)
0	23:45:07.570	Stochastic EURUSD,M5: uninit reason 3
0	23:45:07.570	MACD EURUSD,M5: uninit reason 3
0	23:45:07.600	Custom Moving Averages EURUSD,H1: initialized
0	23:45:07.600	Gambit EURUSD,H1: initialized
0	23:45:07.600	Parabolic EURUSD,H1: initialized
0	23:45:07.600	1fractal EURUSD,H1: initialized
0	23:45:07.600	ZigZag happy EURUSD,H1: initialized
0	23:45:07.601	ifibonacci EURUSD,H1: initialized
0	23:45:07.601	Stochastic EURUSD,H1: initialized
0	23:45:07.602	MACD EURUSD,H1: initialized
0	23:46:08.462	Custom Moving Averages EURUSD,H1: uninit reason 3
0	23:46:08.462	Gambit EURUSD,H1: uninit reason 3
0	23:46:08.462	Parabolic EURUSD,H1: uninit reason 3
0	23:46:08.462	1fractal EURUSD,H1: uninit reason 3
0	23:46:08.462	ZigZag happy EURUSD,H1: uninit reason 3
0	23:46:08.462	ifibonacci EURUSD,H1: uninit reason 3
1	23:46:08.462	ifibonacci EURUSD,H1: array out of range in 'ifibonacci.mq4' (205,28)
0	23:46:08.467	Stochastic EURUSD,H1: uninit reason 3
0	23:46:08.467	MACD EURUSD,H1: uninit reason 3
0	23:46:08.467	Custom Moving Averages EURUSD,Daily: initialized
0	23:46:08.467	Gambit EURUSD,Daily: initialized
0	23:46:08.467	Parabolic EURUSD,Daily: initialized
0	23:46:08.467	1fractal EURUSD,Daily: initialized
0	23:46:08.467	ZigZag happy EURUSD,Daily: initialized
0	23:46:08.468	ifibonacci EURUSD,Daily: initialized
0	23:46:08.468	Stochastic EURUSD,Daily: initialized
0	23:46:08.468	MACD EURUSD,Daily: initialized
0	23:49:49.320	ifibonacci EURUSD,Daily: uninit reason 5
1	23:49:49.320	ifibonacci EURUSD,Daily: array out of range in 'ifibonacci.mq4' (205,28)
0	23:49:49.392	ifibonacci EURUSD,Daily: initialized
0	23:50:28.068	Custom Moving Averages EURUSD,Daily: uninit reason 3
0	23:50:28.068	Gambit EURUSD,Daily: uninit reason 3
0	23:50:28.068	Parabolic EURUSD,Daily: uninit reason 3
0	23:50:28.068	1fractal EURUSD,Daily: uninit reason 3
0	23:50:28.068	ZigZag happy EURUSD,Daily: uninit reason 3
0	23:50:28.068	ifibonacci EURUSD,Daily: uninit reason 3
1	23:50:28.069	ifibonacci EURUSD,Daily: array out of range in 'ifibonacci.mq4' (205,28)
0	23:50:28.073	Stochastic EURUSD,Daily: uninit reason 3
0	23:50:28.073	MACD EURUSD,Daily: uninit reason 3
0	23:50:28.079	Custom Moving Averages EURUSD,H1: initialized
0	23:50:28.080	Gambit EURUSD,H1: initialized
0	23:50:28.080	Parabolic EURUSD,H1: initialized
0	23:50:28.080	1fractal EURUSD,H1: initialized
0	23:50:28.080	ZigZag happy EURUSD,H1: initialized
0	23:50:28.080	ifibonacci EURUSD,H1: initialized
0	23:50:28.080	Stochastic EURUSD,H1: initialized
0	23:50:28.081	MACD EURUSD,H1: initialized
0	23:53:00.116	ifibonacci EURUSD,H1: uninit reason 1
1	23:53:00.116	ifibonacci EURUSD,H1: array out of range in 'ifibonacci.mq4' (205,28)
0	23:53:00.125	Custom indicator ifibonacci EURUSD,H1: removed
0	23:54:11.028	Custom Moving Averages EURUSD,H1: uninit reason 7
0	23:54:11.028	Gambit EURUSD,H1: uninit reason 7
0	23:54:11.028	Parabolic EURUSD,H1: uninit reason 7
0	23:54:11.028	1fractal EURUSD,H1: uninit reason 7
0	23:54:11.028	ZigZag happy EURUSD,H1: uninit reason 7
0	23:54:11.028	Stochastic EURUSD,H1: uninit reason 7
0	23:54:11.028	MACD EURUSD,H1: uninit reason 7
0	23:54:11.032	Custom indicator Custom Moving Averages EURUSD,H1: removed
0	23:54:11.035	Custom indicator Gambit EURUSD,H1: removed
0	23:54:11.039	Custom indicator Parabolic EURUSD,H1: removed
0	23:54:11.042	Custom indicator 1fractal EURUSD,H1: removed
0	23:54:11.042	Custom indicator ZigZag happy EURUSD,H1: removed
0	23:54:11.046	Custom indicator Stochastic EURUSD,H1: removed
0	23:54:11.049	Custom indicator MACD EURUSD,H1: removed
0	23:54:11.085	Custom indicator Custom Moving Averages EURUSD,H1: loaded successfully
0	23:54:11.102	Custom indicator Gambit EURUSD,H1: loaded successfully
0	23:54:11.122	Custom indicator Parabolic EURUSD,H1: loaded successfully
0	23:54:11.139	Custom indicator 1fractal EURUSD,H1: loaded successfully
0	23:54:11.199	Custom indicator ZigZag happy EURUSD,H1: loaded successfully
0	23:54:11.228	Custom indicator Stochastic EURUSD,H1: loaded successfully
0	23:54:11.259	Custom Moving Averages EURUSD,H1: initialized
0	23:54:11.286	Gambit EURUSD,H1: initialized
0	23:54:11.313	Parabolic EURUSD,H1: initialized
0	23:54:11.339	1fractal EURUSD,H1: initialized
0	23:54:11.339	ZigZag happy EURUSD,H1: initialized
0	23:54:11.361	Stochastic EURUSD,H1: initialized
0	23:54:30.475	Custom Moving Averages EURUSD,H1: uninit reason 3
0	23:54:30.475	Gambit EURUSD,H1: uninit reason 3
0	23:54:30.475	Parabolic EURUSD,H1: uninit reason 3
0	23:54:30.475	1fractal EURUSD,H1: uninit reason 3
0	23:54:30.475	ZigZag happy EURUSD,H1: uninit reason 3
0	23:54:30.475	Stochastic EURUSD,H1: uninit reason 3
0	23:54:30.476	Custom Moving Averages EURUSD,M5: initialized
0	23:54:30.477	Gambit EURUSD,M5: initialized
0	23:54:30.477	Parabolic EURUSD,M5: initialized
0	23:54:30.478	1fractal EURUSD,M5: initialized
0	23:54:30.478	ZigZag happy EURUSD,M5: initialized
0	23:54:30.479	Stochastic EURUSD,M5: initialized
0	23:56:53.400	1fractal EURUSD,M5: uninit reason 5
0	23:56:53.427	1fractal EURUSD,M5: initialized
0	23:57:24.314	1fractal EURUSD,M5: uninit reason 5
0	23:57:24.341	1fractal EURUSD,M5: initialized
0	23:57:38.515	1fractal EURUSD,M5: uninit reason 5
0	23:57:38.540	1fractal EURUSD,M5: initialized
