0	00:00:22.154	1fractal AUDUSD,M5: uninit reason 2
0	00:00:22.160	Custom indicator 1fractal AUDUSD,M5: removed
0	00:00:22.179	Custom indicator 1fractal AUDUSD,M5: loaded successfully
0	00:00:22.203	1fractal AUDUSD,M5: initialized
0	00:00:22.205	1fractal USDJPY,M5: uninit reason 2
0	00:00:22.208	Custom indicator 1fractal USDJPY,M5: removed
0	00:00:22.227	Custom indicator 1fractal USDJPY,M5: loaded successfully
0	00:00:22.252	1fractal USDJPY,M5: initialized
0	00:00:22.254	1fractal EURUSD,M5: uninit reason 2
0	00:00:22.257	Custom indicator 1fractal EURUSD,M5: removed
0	00:00:22.274	Custom indicator 1fractal EURUSD,M5: loaded successfully
0	00:00:22.296	1fractal EURUSD,M5: initialized
0	00:00:22.300	1fractal USDJPY,M5: uninit reason 2
0	00:00:22.303	Custom indicator 1fractal USDJPY,M5: removed
0	00:00:22.319	Custom indicator 1fractal USDJPY,M5: loaded successfully
0	00:00:22.343	1fractal USDJPY,M5: initialized
0	00:00:22.349	1fractal USDJPY,M5: uninit reason 2
0	00:00:22.352	Custom indicator 1fractal USDJPY,M5: removed
0	00:00:22.369	Custom indicator 1fractal USDJPY,M5: loaded successfully
0	00:00:22.392	1fractal USDJPY,M5: initialized
0	00:00:22.401	1fractal USDX,M5: uninit reason 2
0	00:00:22.404	Custom indicator 1fractal USDX,M5: removed
0	00:00:22.421	Custom indicator 1fractal USDX,M5: loaded successfully
0	00:00:22.443	1fractal USDX,M5: initialized
0	00:00:47.359	1fractal AUDUSD,M5: uninit reason 2
0	00:00:47.362	Custom indicator 1fractal AUDUSD,M5: removed
0	00:00:47.378	Custom indicator 1fractal AUDUSD,M5: loaded successfully
0	00:00:47.405	1fractal AUDUSD,M5: initialized
0	00:00:47.406	1fractal USDJPY,M5: uninit reason 2
0	00:00:47.409	Custom indicator 1fractal USDJPY,M5: removed
0	00:00:47.425	Custom indicator 1fractal USDJPY,M5: loaded successfully
0	00:00:47.451	1fractal USDJPY,M5: initialized
0	00:00:47.452	1fractal EURUSD,M5: uninit reason 2
0	00:00:47.456	Custom indicator 1fractal EURUSD,M5: removed
0	00:00:47.472	Custom indicator 1fractal EURUSD,M5: loaded successfully
0	00:00:47.498	1fractal EURUSD,M5: initialized
0	00:00:47.500	1fractal USDJPY,M5: uninit reason 2
0	00:00:47.503	Custom indicator 1fractal USDJPY,M5: removed
0	00:00:47.520	Custom indicator 1fractal USDJPY,M5: loaded successfully
0	00:00:47.545	1fractal USDJPY,M5: initialized
0	00:00:47.546	1fractal USDJPY,M5: uninit reason 2
0	00:00:47.549	Custom indicator 1fractal USDJPY,M5: removed
0	00:00:47.567	Custom indicator 1fractal USDJPY,M5: loaded successfully
0	00:00:47.592	1fractal USDJPY,M5: initialized
0	00:00:47.593	1fractal USDX,M5: uninit reason 2
0	00:00:47.596	Custom indicator 1fractal USDX,M5: removed
0	00:00:47.612	Custom indicator 1fractal USDX,M5: loaded successfully
0	00:00:47.638	1fractal USDX,M5: initialized
0	00:04:51.563	1fractal AUDUSD,M5: uninit reason 2
0	00:04:51.567	Custom indicator 1fractal AUDUSD,M5: removed
0	00:04:51.583	Custom indicator 1fractal AUDUSD,M5: loaded successfully
0	00:04:51.604	1fractal AUDUSD,M5: initialized
0	00:04:51.605	1fractal USDJPY,M5: uninit reason 2
0	00:04:51.609	Custom indicator 1fractal USDJPY,M5: removed
0	00:04:51.625	Custom indicator 1fractal USDJPY,M5: loaded successfully
0	00:04:51.645	1fractal USDJPY,M5: initialized
0	00:04:51.646	1fractal EURUSD,M5: uninit reason 2
0	00:04:51.650	Custom indicator 1fractal EURUSD,M5: removed
0	00:04:51.664	Custom indicator 1fractal EURUSD,M5: loaded successfully
0	00:04:51.687	1fractal EURUSD,M5: initialized
0	00:04:51.691	1fractal USDJPY,M5: uninit reason 2
0	00:04:51.695	Custom indicator 1fractal USDJPY,M5: removed
0	00:04:51.712	Custom indicator 1fractal USDJPY,M5: loaded successfully
0	00:04:51.734	1fractal USDJPY,M5: initialized
0	00:04:51.736	1fractal USDJPY,M5: uninit reason 2
0	00:04:51.739	Custom indicator 1fractal USDJPY,M5: removed
0	00:04:51.754	Custom indicator 1fractal USDJPY,M5: loaded successfully
0	00:04:51.772	1fractal USDJPY,M5: initialized
0	00:04:51.773	1fractal USDX,M5: uninit reason 2
0	00:04:51.776	Custom indicator 1fractal USDX,M5: removed
0	00:04:51.793	Custom indicator 1fractal USDX,M5: loaded successfully
0	00:04:51.813	1fractal USDX,M5: initialized
0	00:21:54.044	1fractal AUDUSD,M5: uninit reason 2
0	00:21:54.053	Custom indicator 1fractal AUDUSD,M5: removed
0	00:21:54.077	Custom indicator 1fractal AUDUSD,M5: loaded successfully
0	00:21:54.112	1fractal AUDUSD,M5: initialized
0	00:21:54.114	1fractal USDJPY,M5: uninit reason 2
0	00:21:54.118	Custom indicator 1fractal USDJPY,M5: removed
0	00:21:54.135	Custom indicator 1fractal USDJPY,M5: loaded successfully
0	00:21:54.157	1fractal USDJPY,M5: initialized
0	00:21:54.161	1fractal EURUSD,M5: uninit reason 2
0	00:21:54.170	Custom indicator 1fractal EURUSD,M5: removed
0	00:21:54.186	Custom indicator 1fractal EURUSD,M5: loaded successfully
0	00:21:54.211	1fractal EURUSD,M5: initialized
0	00:21:54.217	1fractal USDJPY,M5: uninit reason 2
0	00:21:54.220	Custom indicator 1fractal USDJPY,M5: removed
0	00:21:54.238	Custom indicator 1fractal USDJPY,M5: loaded successfully
0	00:21:54.261	1fractal USDJPY,M5: initialized
0	00:21:54.277	1fractal USDJPY,M5: uninit reason 2
0	00:21:54.282	Custom indicator 1fractal USDJPY,M5: removed
0	00:21:54.299	Custom indicator 1fractal USDJPY,M5: loaded successfully
0	00:21:54.321	1fractal USDJPY,M5: initialized
0	00:21:54.341	1fractal USDX,M5: uninit reason 2
0	00:21:54.345	Custom indicator 1fractal USDX,M5: removed
0	00:21:54.362	Custom indicator 1fractal USDX,M5: loaded successfully
0	00:21:54.387	1fractal USDX,M5: initialized
0	00:25:27.026	1fractal AUDUSD,M5: uninit reason 2
0	00:25:27.032	Custom indicator 1fractal AUDUSD,M5: removed
0	00:25:27.055	Custom indicator 1fractal AUDUSD,M5: loaded successfully
0	00:25:27.080	1fractal AUDUSD,M5: initialized
0	00:25:27.080	1fractal USDJPY,M5: uninit reason 2
0	00:25:27.084	Custom indicator 1fractal USDJPY,M5: removed
0	00:25:27.101	Custom indicator 1fractal USDJPY,M5: loaded successfully
0	00:25:27.124	1fractal USDJPY,M5: initialized
0	00:25:27.125	1fractal EURUSD,M5: uninit reason 2
0	00:25:27.128	Custom indicator 1fractal EURUSD,M5: removed
0	00:25:27.145	Custom indicator 1fractal EURUSD,M5: loaded successfully
0	00:25:27.168	1fractal EURUSD,M5: initialized
0	00:25:27.171	1fractal USDJPY,M5: uninit reason 2
0	00:25:27.175	Custom indicator 1fractal USDJPY,M5: removed
0	00:25:27.191	Custom indicator 1fractal USDJPY,M5: loaded successfully
0	00:25:27.213	1fractal USDJPY,M5: initialized
0	00:25:27.215	1fractal USDJPY,M5: uninit reason 2
0	00:25:27.219	Custom indicator 1fractal USDJPY,M5: removed
0	00:25:27.237	Custom indicator 1fractal USDJPY,M5: loaded successfully
0	00:25:27.264	1fractal USDJPY,M5: initialized
0	00:25:27.265	1fractal USDX,M5: uninit reason 2
0	00:25:27.269	Custom indicator 1fractal USDX,M5: removed
0	00:25:27.287	Custom indicator 1fractal USDX,M5: loaded successfully
0	00:25:27.311	1fractal USDX,M5: initialized
2	07:00:01.316	Gold_Fever XAUUSD,H1: open #2046080 buy stop 0.01 XAUUSD at 1739.23 sl: 1736.83 tp: 1749.23 ok
0	17:25:41.693	Custom Moving Averages AUDUSD,M5: uninit reason 3
0	17:25:41.693	Gambit AUDUSD,M5: uninit reason 3
0	17:25:41.693	Parabolic AUDUSD,M5: uninit reason 3
0	17:25:41.694	1fractal AUDUSD,M5: uninit reason 3
0	17:25:41.694	ZigZag happy AUDUSD,M5: uninit reason 3
0	17:25:41.694	Stochastic AUDUSD,M5: uninit reason 3
0	17:25:41.716	Custom Moving Averages AUDUSD,M15: initialized
0	17:25:41.716	Gambit AUDUSD,M15: initialized
0	17:25:41.717	Parabolic AUDUSD,M15: initialized
0	17:25:41.717	1fractal AUDUSD,M15: initialized
0	17:25:41.717	ZigZag happy AUDUSD,M15: initialized
0	17:25:41.717	Stochastic AUDUSD,M15: initialized
0	17:32:50.205	Gold_Fever XAUUSD,H1: uninit reason 1
0	17:32:50.207	ZigZag happy XAUUSD,H1: uninit reason 1
0	17:32:50.209	Custom indicator ZigZag happy XAUUSD,H1: removed
0	17:32:50.222	Expert Gold_Fever XAUUSD,H1: removed
0	18:17:15.710	1fractal USDJPY,M5: uninit reason 2
0	18:17:15.716	Custom indicator 1fractal USDJPY,M5: removed
0	18:17:15.737	Custom indicator 1fractal USDJPY,M5: loaded successfully
0	18:17:15.765	1fractal USDJPY,M5: initialized
0	18:17:15.767	1fractal EURUSD,M5: uninit reason 2
0	18:17:15.773	Custom indicator 1fractal EURUSD,M5: removed
0	18:17:15.792	Custom indicator 1fractal EURUSD,M5: loaded successfully
0	18:17:15.818	1fractal EURUSD,M5: initialized
0	18:17:15.824	1fractal AUDUSD,M15: uninit reason 2
0	18:17:15.827	Custom indicator 1fractal AUDUSD,M15: removed
0	18:17:15.845	Custom indicator 1fractal AUDUSD,M15: loaded successfully
0	18:17:15.870	1fractal AUDUSD,M15: initialized
0	18:17:15.872	1fractal USDJPY,M5: uninit reason 2
0	18:17:15.875	Custom indicator 1fractal USDJPY,M5: removed
0	18:17:15.893	Custom indicator 1fractal USDJPY,M5: loaded successfully
0	18:17:15.916	1fractal USDJPY,M5: initialized
0	18:17:15.919	1fractal USDJPY,M5: uninit reason 2
0	18:17:15.922	Custom indicator 1fractal USDJPY,M5: removed
0	18:17:15.938	Custom indicator 1fractal USDJPY,M5: loaded successfully
0	18:17:15.963	1fractal USDJPY,M5: initialized
0	18:17:15.965	1fractal USDX,M5: uninit reason 2
0	18:17:15.968	Custom indicator 1fractal USDX,M5: removed
0	18:17:15.985	Custom indicator 1fractal USDX,M5: loaded successfully
0	18:17:16.010	1fractal USDX,M5: initialized
0	18:25:28.028	Custom Moving Averages USDJPY,M5: uninit reason 3
0	18:25:28.028	Gambit USDJPY,M5: uninit reason 3
0	18:25:28.029	Parabolic USDJPY,M5: uninit reason 3
0	18:25:28.030	1fractal USDJPY,M5: uninit reason 3
0	18:25:28.030	Stochastic USDJPY,M5: uninit reason 3
0	18:25:28.055	Custom Moving Averages USDJPY,M1: initialized
0	18:25:28.055	Gambit USDJPY,M1: initialized
0	18:25:28.058	Parabolic USDJPY,M1: initialized
0	18:25:28.058	1fractal USDJPY,M1: initialized
0	18:25:28.061	Stochastic USDJPY,M1: initialized
0	18:33:41.134	1fractal USDJPY,M1: uninit reason 2
0	18:33:41.137	Custom indicator 1fractal USDJPY,M1: removed
0	18:33:41.156	Custom indicator 1fractal USDJPY,M1: loaded successfully
0	18:33:41.186	1fractal USDJPY,M1: initialized
0	18:33:41.191	1fractal EURUSD,M5: uninit reason 2
0	18:33:41.195	Custom indicator 1fractal EURUSD,M5: removed
0	18:33:41.217	Custom indicator 1fractal EURUSD,M5: loaded successfully
0	18:33:41.241	1fractal EURUSD,M5: initialized
0	18:33:41.244	1fractal AUDUSD,M15: uninit reason 2
0	18:33:41.248	Custom indicator 1fractal AUDUSD,M15: removed
0	18:33:41.263	Custom indicator 1fractal AUDUSD,M15: loaded successfully
0	18:33:41.285	1fractal AUDUSD,M15: initialized
0	18:33:41.286	1fractal USDJPY,M5: uninit reason 2
0	18:33:41.289	Custom indicator 1fractal USDJPY,M5: removed
0	18:33:41.306	Custom indicator 1fractal USDJPY,M5: loaded successfully
0	18:33:41.330	1fractal USDJPY,M5: initialized
0	18:33:41.332	1fractal USDJPY,M5: uninit reason 2
0	18:33:41.335	Custom indicator 1fractal USDJPY,M5: removed
0	18:33:41.351	Custom indicator 1fractal USDJPY,M5: loaded successfully
0	18:33:41.375	1fractal USDJPY,M5: initialized
0	18:33:41.377	1fractal USDX,M5: uninit reason 2
0	18:33:41.381	Custom indicator 1fractal USDX,M5: removed
0	18:33:41.397	Custom indicator 1fractal USDX,M5: loaded successfully
0	18:33:41.418	1fractal USDX,M5: initialized
0	18:34:29.012	1fractal USDJPY,M1: uninit reason 2
0	18:34:29.015	Custom indicator 1fractal USDJPY,M1: removed
0	18:34:29.032	Custom indicator 1fractal USDJPY,M1: loaded successfully
0	18:34:29.053	1fractal USDJPY,M1: initialized
0	18:34:29.057	1fractal EURUSD,M5: uninit reason 2
0	18:34:29.060	Custom indicator 1fractal EURUSD,M5: removed
0	18:34:29.076	Custom indicator 1fractal EURUSD,M5: loaded successfully
0	18:34:29.097	1fractal EURUSD,M5: initialized
0	18:34:29.100	1fractal AUDUSD,M15: uninit reason 2
0	18:34:29.103	Custom indicator 1fractal AUDUSD,M15: removed
0	18:34:29.148	Custom indicator 1fractal AUDUSD,M15: loaded successfully
0	18:34:29.172	1fractal AUDUSD,M15: initialized
0	18:34:29.173	1fractal USDJPY,M5: uninit reason 2
0	18:34:29.176	Custom indicator 1fractal USDJPY,M5: removed
0	18:34:29.192	Custom indicator 1fractal USDJPY,M5: loaded successfully
0	18:34:29.215	1fractal USDJPY,M5: initialized
0	18:34:29.217	1fractal USDJPY,M5: uninit reason 2
0	18:34:29.220	Custom indicator 1fractal USDJPY,M5: removed
0	18:34:29.236	Custom indicator 1fractal USDJPY,M5: loaded successfully
0	18:34:29.259	1fractal USDJPY,M5: initialized
0	18:34:29.260	1fractal USDX,M5: uninit reason 2
0	18:34:29.263	Custom indicator 1fractal USDX,M5: removed
0	18:34:29.278	Custom indicator 1fractal USDX,M5: loaded successfully
0	18:34:29.300	1fractal USDX,M5: initialized
0	18:36:45.569	Gambit USDJPY,M1: uninit reason 5
0	18:36:45.600	Gambit USDJPY,M1: initialized
0	18:37:15.605	Gambit USDJPY,M1: uninit reason 5
0	18:37:15.646	Gambit USDJPY,M1: initialized
0	19:46:29.004	Custom indicator ZigZag happy XAUUSD,H1: loaded successfully
0	19:46:29.037	Custom indicator ifibonacci XAUUSD,H1: loaded successfully
0	19:46:29.064	ZigZag happy XAUUSD,H1: initialized
0	19:46:29.129	ifibonacci XAUUSD,H1: One of Fibo ARC Methods is requires DLL, Remember to allow DLL imports if you like to use it.
0	19:46:29.129	ifibonacci XAUUSD,H1: initialized
0	19:46:29.449	Custom indicator Stochastic USDX,Daily: loaded successfully
0	19:46:29.475	Custom indicator RSI USDX,Daily: loaded successfully
0	19:46:29.499	Custom indicator MACD USDX,Daily: loaded successfully
0	19:46:29.649	Stochastic USDX,Daily: initialized
0	19:46:29.705	RSI USDX,Daily: initialized
0	19:46:29.748	MACD USDX,Daily: initialized
0	19:46:29.925	Custom indicator Custom Moving Averages USDJPY,M5: loaded successfully
0	19:46:29.987	Custom indicator Gambit USDJPY,M5: loaded successfully
0	19:46:30.025	Custom indicator Parabolic USDJPY,M5: loaded successfully
0	19:46:30.055	Custom indicator ifibonacci USDJPY,M5: loaded successfully
0	19:46:30.079	Custom indicator 1fractal USDJPY,M5: loaded successfully
0	19:46:30.103	Custom indicator Stochastic USDJPY,M5: loaded successfully
0	19:46:30.268	Custom Moving Averages USDJPY,M5: initialized
0	19:46:30.306	Gambit USDJPY,M5: initialized
0	19:46:30.333	Parabolic USDJPY,M5: initialized
0	19:46:30.468	ifibonacci USDJPY,M5: initialized
0	19:46:30.524	1fractal USDJPY,M5: initialized
0	19:46:30.566	Stochastic USDJPY,M5: initialized
0	19:46:31.039	Custom indicator Custom Moving Averages EURUSD,H1: loaded successfully
0	19:46:31.056	Custom indicator Gambit EURUSD,H1: loaded successfully
0	19:46:31.074	Custom indicator Parabolic EURUSD,H1: loaded successfully
0	19:46:31.091	Custom indicator 1fractal EURUSD,H1: loaded successfully
0	19:46:31.136	Custom indicator ZigZag happy EURUSD,H1: loaded successfully
0	19:46:31.152	Custom indicator Stochastic EURUSD,H1: loaded successfully
0	19:46:31.288	Custom Moving Averages EURUSD,H1: initialized
0	19:46:31.324	Gambit EURUSD,H1: initialized
0	19:46:31.363	Parabolic EURUSD,H1: initialized
0	19:46:31.391	1fractal EURUSD,H1: initialized
0	19:46:31.391	ZigZag happy EURUSD,H1: initialized
0	19:46:31.415	Stochastic EURUSD,H1: initialized
0	19:46:31.754	Custom indicator Custom Moving Averages GBPUSD,Daily: loaded successfully
0	19:46:31.790	Custom indicator Gambit GBPUSD,Daily: loaded successfully
0	19:46:31.810	Custom indicator Parabolic GBPUSD,Daily: loaded successfully
0	19:46:31.827	Custom indicator Stochastic GBPUSD,Daily: loaded successfully
0	19:46:31.872	Custom Moving Averages GBPUSD,Daily: initialized
0	19:46:31.900	Gambit GBPUSD,Daily: initialized
0	19:46:31.927	Parabolic GBPUSD,Daily: initialized
0	19:46:31.954	Stochastic GBPUSD,Daily: initialized
0	19:46:32.141	Custom indicator Custom Moving Averages USDJPY,M5: loaded successfully
0	19:46:32.166	Custom indicator Gambit USDJPY,M5: loaded successfully
0	19:46:32.187	Custom indicator Parabolic USDJPY,M5: loaded successfully
0	19:46:32.208	Custom indicator 1fractal USDJPY,M5: loaded successfully
0	19:46:32.271	Custom indicator ZigZag happy USDJPY,M5: loaded successfully
0	19:46:32.296	Custom indicator Stochastic USDJPY,M5: loaded successfully
0	19:46:32.329	Custom Moving Averages USDJPY,M5: initialized
0	19:46:32.356	Gambit USDJPY,M5: initialized
0	19:46:32.385	Parabolic USDJPY,M5: initialized
0	19:46:32.407	1fractal USDJPY,M5: initialized
0	19:46:32.407	ZigZag happy USDJPY,M5: initialized
0	19:46:32.429	Stochastic USDJPY,M5: initialized
0	19:46:32.691	Custom indicator Custom Moving Averages AUDUSD,M5: loaded successfully
0	19:46:32.717	Custom indicator Gambit AUDUSD,M5: loaded successfully
0	19:46:32.739	Custom indicator Parabolic AUDUSD,M5: loaded successfully
0	19:46:32.756	Custom indicator 1fractal AUDUSD,M5: loaded successfully
0	19:46:32.801	Custom indicator ZigZag happy AUDUSD,M5: loaded successfully
0	19:46:32.819	Custom indicator Stochastic AUDUSD,M5: loaded successfully
0	19:46:32.877	Custom Moving Averages AUDUSD,M5: initialized
0	19:46:32.907	Gambit AUDUSD,M5: initialized
0	19:46:32.933	Parabolic AUDUSD,M5: initialized
0	19:46:32.955	1fractal AUDUSD,M5: initialized
0	19:46:32.955	ZigZag happy AUDUSD,M5: initialized
0	19:46:32.977	Stochastic AUDUSD,M5: initialized
0	19:46:33.175	Custom indicator Custom Moving Averages USDJPY,M5: loaded successfully
0	19:46:33.220	Custom indicator Gambit USDJPY,M5: loaded successfully
0	19:46:33.241	Custom indicator Parabolic USDJPY,M5: loaded successfully
0	19:46:33.260	Custom indicator ifibonacci USDJPY,M5: loaded successfully
0	19:46:33.276	Custom indicator 1fractal USDJPY,M5: loaded successfully
0	19:46:33.291	Custom indicator Stochastic USDJPY,M5: loaded successfully
0	19:46:33.322	Custom Moving Averages USDJPY,M5: initialized
0	19:46:33.349	Gambit USDJPY,M5: initialized
0	19:46:33.374	Parabolic USDJPY,M5: initialized
0	19:46:33.436	ifibonacci USDJPY,M5: initialized
0	19:46:33.458	1fractal USDJPY,M5: initialized
0	19:46:33.481	Stochastic USDJPY,M5: initialized
0	19:46:33.763	Custom indicator Custom Moving Averages USDX,M5: loaded successfully
0	19:46:33.780	Custom indicator Gambit USDX,M5: loaded successfully
0	19:46:33.802	Custom indicator Parabolic USDX,M5: loaded successfully
0	19:46:33.821	Custom indicator 1fractal USDX,M5: loaded successfully
0	19:46:33.842	Custom indicator Stochastic USDX,M5: loaded successfully
0	19:46:33.908	Custom Moving Averages USDX,M5: initialized
0	19:46:33.949	Gambit USDX,M5: initialized
0	19:46:33.975	Parabolic USDX,M5: initialized
0	19:46:33.997	1fractal USDX,M5: initialized
0	19:46:34.019	Stochastic USDX,M5: initialized
0	19:46:34.141	Custom indicator Custom Moving Averages XAUUSD,M5: loaded successfully
0	19:46:34.159	Custom indicator Gambit XAUUSD,M5: loaded successfully
0	19:46:34.181	Custom indicator Parabolic XAUUSD,M5: loaded successfully
0	19:46:34.200	Custom indicator iFractals_v2 XAUUSD,M5: loaded successfully
0	19:46:34.226	Custom indicator Stochastic XAUUSD,M5: loaded successfully
0	19:46:34.344	Custom Moving Averages XAUUSD,M5: initialized
0	19:46:34.377	Gambit XAUUSD,M5: initialized
0	19:46:34.408	Parabolic XAUUSD,M5: initialized
0	19:46:34.433	iFractals_v2 XAUUSD,M5: initialized
0	19:46:34.457	Stochastic XAUUSD,M5: initialized
0	19:47:07.721	Custom Moving Averages USDX,M5: uninit reason 3
0	19:47:07.721	Gambit USDX,M5: uninit reason 3
0	19:47:07.721	Parabolic USDX,M5: uninit reason 3
0	19:47:07.721	1fractal USDX,M5: uninit reason 3
0	19:47:07.721	Stochastic USDX,M5: uninit reason 3
0	19:47:07.783	Custom Moving Averages USDX,M1: initialized
0	19:47:07.783	Gambit USDX,M1: initialized
0	19:47:07.783	Parabolic USDX,M1: initialized
0	19:47:07.784	1fractal USDX,M1: initialized
0	19:47:07.784	Stochastic USDX,M1: initialized
0	19:48:22.101	Custom Moving Averages XAUUSD,M5: uninit reason 3
0	19:48:22.101	Gambit XAUUSD,M5: uninit reason 3
0	19:48:22.101	Parabolic XAUUSD,M5: uninit reason 3
0	19:48:22.101	iFractals_v2 XAUUSD,M5: uninit reason 3
0	19:48:22.101	Stochastic XAUUSD,M5: uninit reason 3
0	19:48:22.101	Custom Moving Averages XAUUSD,M1: initialized
0	19:48:22.101	Gambit XAUUSD,M1: initialized
0	19:48:22.103	Parabolic XAUUSD,M1: initialized
0	19:48:22.103	iFractals_v2 XAUUSD,M1: initialized
0	19:48:22.103	Stochastic XAUUSD,M1: initialized
0	19:49:10.647	iFractals_v2 XAUUSD,M1: uninit reason 1
0	19:49:10.650	Custom indicator iFractals_v2 XAUUSD,M1: removed
0	19:49:16.275	Custom indicator 1fractal XAUUSD,M1: loaded successfully
0	19:49:19.280	1fractal XAUUSD,M1: initialized
0	19:52:39.339	Custom Moving Averages USDJPY,M5: uninit reason 3
0	19:52:39.339	Gambit USDJPY,M5: uninit reason 3
0	19:52:39.339	Parabolic USDJPY,M5: uninit reason 3
0	19:52:39.339	ifibonacci USDJPY,M5: uninit reason 3
1	19:52:39.339	ifibonacci USDJPY,M5: array out of range in 'ifibonacci.mq4' (205,28)
0	19:52:39.343	1fractal USDJPY,M5: uninit reason 3
0	19:52:39.343	Stochastic USDJPY,M5: uninit reason 3
0	19:52:39.425	Custom Moving Averages USDJPY,M1: initialized
0	19:52:39.426	Gambit USDJPY,M1: initialized
0	19:52:39.427	Parabolic USDJPY,M1: initialized
0	19:52:39.427	ifibonacci USDJPY,M1: initialized
0	19:52:39.429	1fractal USDJPY,M1: initialized
0	19:52:39.429	Stochastic USDJPY,M1: initialized
0	19:53:53.323	Script gamScript XAUUSD,M1: loaded successfully
0	19:53:53.469	gamScript XAUUSD,M1: initialized
0	19:53:53.469	gamScript XAUUSD,M1: uninit reason 0
0	19:53:53.475	Script gamScript XAUUSD,M1: removed
0	19:54:08.362	Script cm_CloseMousePercent USDX,M1: loaded successfully
0	19:54:13.920	Script cm_CloseMousePercent USDX,M1: removed
0	19:54:17.502	Script gamScript USDX,M1: loaded successfully
0	19:54:17.658	gamScript USDX,M1: initialized
0	19:54:17.658	gamScript USDX,M1: uninit reason 0
0	19:54:17.664	Script gamScript USDX,M1: removed
0	19:54:23.518	Script gamScript USDX,M1: loaded successfully
0	19:54:23.674	gamScript USDX,M1: initialized
0	19:54:23.674	gamScript USDX,M1: uninit reason 0
0	19:54:23.681	Script gamScript USDX,M1: removed
0	19:54:52.438	Custom indicator 1fractal GBPUSD,Daily: loaded successfully
0	19:54:55.215	1fractal GBPUSD,Daily: initialized
0	19:55:11.367	Custom Moving Averages GBPUSD,Daily: uninit reason 3
0	19:55:11.367	Gambit GBPUSD,Daily: uninit reason 3
0	19:55:11.367	Parabolic GBPUSD,Daily: uninit reason 3
0	19:55:11.367	1fractal GBPUSD,Daily: uninit reason 3
0	19:55:11.367	Stochastic GBPUSD,Daily: uninit reason 3
0	19:55:11.459	Custom Moving Averages GBPUSD,H4: initialized
0	19:55:11.459	Gambit GBPUSD,H4: initialized
0	19:55:11.459	Parabolic GBPUSD,H4: initialized
0	19:55:11.459	1fractal GBPUSD,H4: initialized
0	19:55:11.459	Stochastic GBPUSD,H4: initialized
0	19:56:12.175	Custom Moving Averages USDJPY,M5: uninit reason 3
0	19:56:12.175	Gambit USDJPY,M5: uninit reason 3
0	19:56:12.175	Parabolic USDJPY,M5: uninit reason 3
0	19:56:12.175	1fractal USDJPY,M5: uninit reason 3
0	19:56:12.175	ZigZag happy USDJPY,M5: uninit reason 3
0	19:56:12.175	Stochastic USDJPY,M5: uninit reason 3
0	19:56:12.175	Custom Moving Averages USDJPY,Daily: initialized
0	19:56:12.175	Gambit USDJPY,Daily: initialized
0	19:56:12.176	Parabolic USDJPY,Daily: initialized
0	19:56:12.176	1fractal USDJPY,Daily: initialized
0	19:56:12.176	ZigZag happy USDJPY,Daily: initialized
0	19:56:12.177	Stochastic USDJPY,Daily: initialized
0	19:57:17.307	Custom Moving Averages AUDUSD,M5: uninit reason 3
0	19:57:17.307	Gambit AUDUSD,M5: uninit reason 3
0	19:57:17.307	Parabolic AUDUSD,M5: uninit reason 3
0	19:57:17.307	1fractal AUDUSD,M5: uninit reason 3
0	19:57:17.307	ZigZag happy AUDUSD,M5: uninit reason 3
0	19:57:17.307	Stochastic AUDUSD,M5: uninit reason 3
0	19:57:17.327	Custom Moving Averages AUDUSD,Daily: initialized
0	19:57:17.327	Gambit AUDUSD,Daily: initialized
0	19:57:17.327	Parabolic AUDUSD,Daily: initialized
0	19:57:17.327	1fractal AUDUSD,Daily: initialized
0	19:57:17.327	ZigZag happy AUDUSD,Daily: initialized
0	19:57:17.328	Stochastic AUDUSD,Daily: initialized
0	19:57:59.674	Custom Moving Averages USDJPY,M1: uninit reason 3
0	19:57:59.674	Gambit USDJPY,M1: uninit reason 3
0	19:57:59.674	Parabolic USDJPY,M1: uninit reason 3
0	19:57:59.674	ifibonacci USDJPY,M1: uninit reason 3
1	19:57:59.674	ifibonacci USDJPY,M1: array out of range in 'ifibonacci.mq4' (205,28)
0	19:57:59.683	1fractal USDJPY,M1: uninit reason 3
0	19:57:59.683	Stochastic USDJPY,M1: uninit reason 3
0	19:57:59.683	Custom Moving Averages USDJPY,Daily: initialized
0	19:57:59.683	Gambit USDJPY,Daily: initialized
0	19:57:59.685	Parabolic USDJPY,Daily: initialized
0	19:57:59.685	ifibonacci USDJPY,Daily: initialized
0	19:57:59.686	1fractal USDJPY,Daily: initialized
0	19:57:59.687	Stochastic USDJPY,Daily: initialized
0	19:58:46.259	Custom Moving Averages USDX,M1: uninit reason 3
0	19:58:46.259	Gambit USDX,M1: uninit reason 3
0	19:58:46.259	Parabolic USDX,M1: uninit reason 3
0	19:58:46.259	1fractal USDX,M1: uninit reason 3
0	19:58:46.259	Stochastic USDX,M1: uninit reason 3
0	19:58:46.259	Custom Moving Averages USDX,Daily: initialized
0	19:58:46.259	Gambit USDX,Daily: initialized
0	19:58:46.259	Parabolic USDX,Daily: initialized
0	19:58:46.259	1fractal USDX,Daily: initialized
0	19:58:46.259	Stochastic USDX,Daily: initialized
0	20:00:19.096	Custom Moving Averages XAUUSD,M1: uninit reason 3
0	20:00:19.096	Gambit XAUUSD,M1: uninit reason 3
0	20:00:19.096	Parabolic XAUUSD,M1: uninit reason 3
0	20:00:19.096	1fractal XAUUSD,M1: uninit reason 3
0	20:00:19.096	Stochastic XAUUSD,M1: uninit reason 3
0	20:00:19.096	Custom Moving Averages XAUUSD,Daily: initialized
0	20:00:19.096	Gambit XAUUSD,Daily: initialized
0	20:00:19.098	Parabolic XAUUSD,Daily: initialized
0	20:00:19.098	1fractal XAUUSD,Daily: initialized
0	20:00:19.099	Stochastic XAUUSD,Daily: initialized
0	20:01:25.074	Custom Moving Averages XAUUSD,Daily: uninit reason 3
0	20:01:25.074	Gambit XAUUSD,Daily: uninit reason 3
0	20:01:25.074	Parabolic XAUUSD,Daily: uninit reason 3
0	20:01:25.074	1fractal XAUUSD,Daily: uninit reason 3
0	20:01:25.074	Stochastic XAUUSD,Daily: uninit reason 3
0	20:01:25.074	Custom Moving Averages XAUUSD,Weekly: initialized
0	20:01:25.075	Gambit XAUUSD,Weekly: initialized
0	20:01:25.077	Parabolic XAUUSD,Weekly: initialized
0	20:01:25.078	1fractal XAUUSD,Weekly: initialized
0	20:01:25.079	Stochastic XAUUSD,Weekly: initialized
0	20:02:23.043	Custom Moving Averages XAUUSD,Weekly: uninit reason 3
0	20:02:23.043	Gambit XAUUSD,Weekly: uninit reason 3
0	20:02:23.043	Parabolic XAUUSD,Weekly: uninit reason 3
0	20:02:23.043	1fractal XAUUSD,Weekly: uninit reason 3
0	20:02:23.044	Stochastic XAUUSD,Weekly: uninit reason 3
0	20:02:23.045	Custom Moving Averages XAUUSD,H1: initialized
0	20:02:23.045	Gambit XAUUSD,H1: initialized
0	20:02:23.048	Parabolic XAUUSD,H1: initialized
0	20:02:23.049	1fractal XAUUSD,H1: initialized
0	20:02:23.050	Stochastic XAUUSD,H1: initialized
0	20:02:29.743	Custom Moving Averages EURUSD,H1: uninit reason 3
0	20:02:29.744	Gambit EURUSD,H1: uninit reason 3
0	20:02:29.744	Parabolic EURUSD,H1: uninit reason 3
0	20:02:29.744	1fractal EURUSD,H1: uninit reason 3
0	20:02:29.744	ZigZag happy EURUSD,H1: uninit reason 3
0	20:02:29.744	Stochastic EURUSD,H1: uninit reason 3
0	20:02:29.825	Custom Moving Averages EURUSD,Weekly: initialized
0	20:02:29.825	Gambit EURUSD,Weekly: initialized
0	20:02:29.827	Parabolic EURUSD,Weekly: initialized
0	20:02:29.827	1fractal EURUSD,Weekly: initialized
0	20:02:29.828	ZigZag happy EURUSD,Weekly: initialized
0	20:02:29.829	Stochastic EURUSD,Weekly: initialized
0	20:05:11.510	Custom Moving Averages EURUSD,Weekly: uninit reason 3
0	20:05:11.510	Gambit EURUSD,Weekly: uninit reason 3
0	20:05:11.510	Parabolic EURUSD,Weekly: uninit reason 3
0	20:05:11.510	1fractal EURUSD,Weekly: uninit reason 3
0	20:05:11.510	ZigZag happy EURUSD,Weekly: uninit reason 3
0	20:05:11.510	Stochastic EURUSD,Weekly: uninit reason 3
0	20:05:11.537	Custom Moving Averages EURUSD,Monthly: initialized
0	20:05:11.537	Gambit EURUSD,Monthly: initialized
0	20:05:11.539	Parabolic EURUSD,Monthly: initialized
0	20:05:11.539	1fractal EURUSD,Monthly: initialized
0	20:05:11.540	ZigZag happy EURUSD,Monthly: initialized
0	20:05:11.540	Stochastic EURUSD,Monthly: initialized
0	20:09:13.864	Gambit EURUSD,Monthly: uninit reason 5
0	20:09:13.934	Gambit EURUSD,Monthly: initialized
0	20:09:40.181	Gambit EURUSD,Monthly: uninit reason 5
0	20:09:40.241	Gambit EURUSD,Monthly: initialized
0	20:09:57.345	Gambit EURUSD,Monthly: uninit reason 5
0	20:09:57.418	Gambit EURUSD,Monthly: initialized
0	20:10:07.865	Custom Moving Averages EURUSD,Monthly: uninit reason 3
0	20:10:07.865	Gambit EURUSD,Monthly: uninit reason 3
0	20:10:07.865	Parabolic EURUSD,Monthly: uninit reason 3
0	20:10:07.865	1fractal EURUSD,Monthly: uninit reason 3
0	20:10:07.865	ZigZag happy EURUSD,Monthly: uninit reason 3
0	20:10:07.865	Stochastic EURUSD,Monthly: uninit reason 3
0	20:10:07.966	Custom Moving Averages EURUSD,M5: initialized
0	20:10:07.967	Gambit EURUSD,M5: initialized
0	20:10:07.968	Parabolic EURUSD,M5: initialized
0	20:10:07.968	1fractal EURUSD,M5: initialized
0	20:10:07.969	ZigZag happy EURUSD,M5: initialized
0	20:10:07.970	Stochastic EURUSD,M5: initialized
0	20:10:28.112	Gambit EURUSD,M5: uninit reason 5
0	20:10:28.182	Gambit EURUSD,M5: initialized
0	20:10:53.855	Gambit EURUSD,M5: uninit reason 5
0	20:10:53.926	Gambit EURUSD,M5: initialized
0	20:22:19.824	Script gamScript EURUSD,M5: loaded successfully
0	20:22:20.440	gamScript EURUSD,M5: initialized
0	20:22:20.442	gamScript EURUSD,M5: uninit reason 0
0	20:22:20.453	Script gamScript EURUSD,M5: removed
0	20:22:25.106	Script gamScript EURUSD,M5: loaded successfully
0	20:22:25.529	gamScript EURUSD,M5: initialized
0	20:22:25.532	gamScript EURUSD,M5: uninit reason 0
0	20:22:25.543	Script gamScript EURUSD,M5: removed
0	20:22:37.456	Script gamScript GBPUSD,H4: loaded successfully
0	20:22:37.609	gamScript GBPUSD,H4: initialized
0	20:22:37.609	gamScript GBPUSD,H4: uninit reason 0
0	20:22:37.617	Script gamScript GBPUSD,H4: removed
0	20:22:42.418	Script gamScript GBPUSD,H4: loaded successfully
0	20:22:42.600	gamScript GBPUSD,H4: initialized
0	20:22:42.601	gamScript GBPUSD,H4: uninit reason 0
0	20:22:42.607	Script gamScript GBPUSD,H4: removed
0	20:24:25.229	Script gamScript USDJPY,M5: loaded successfully
0	20:24:25.394	gamScript USDJPY,M5: initialized
2	20:24:26.299	gamScript USDJPY,M5: open #74496853 sell 1.00 USDJPY at 107.442 sl: 107.472 tp: 107.422 ok
0	20:24:26.299	gamScript USDJPY,M5: uninit reason 0
0	20:24:26.324	Script gamScript USDJPY,M5: removed
0	20:25:14.869	ifibonacci USDJPY,M5: uninit reason 1
1	20:25:14.869	ifibonacci USDJPY,M5: array out of range in 'ifibonacci.mq4' (205,28)
0	20:25:14.888	Custom indicator ifibonacci USDJPY,M5: removed
0	20:27:18.514	Custom Moving Averages USDJPY,M5: uninit reason 3
0	20:27:18.514	Gambit USDJPY,M5: uninit reason 3
0	20:27:18.514	Parabolic USDJPY,M5: uninit reason 3
0	20:27:18.514	1fractal USDJPY,M5: uninit reason 3
0	20:27:18.515	Stochastic USDJPY,M5: uninit reason 3
0	20:27:18.594	Custom Moving Averages USDJPY,M1: initialized
0	20:27:18.599	Gambit USDJPY,M1: initialized
0	20:27:18.610	Parabolic USDJPY,M1: initialized
0	20:27:18.612	1fractal USDJPY,M1: initialized
0	20:27:18.614	Stochastic USDJPY,M1: initialized
0	20:28:59.623	Expert up3x1 USDJPY,M1: loaded successfully
0	20:29:06.769	up3x1 USDJPY,M1 inputs: Lots=0.1; TakeProfit=150.0; StopLoss=100.0; TrailingStop=100.0; 
0	20:29:06.845	up3x1 USDJPY,M1: initialized
0	20:29:32.086	up3x1 USDJPY,M1: uninit reason 5
0	20:29:32.088	up3x1 USDJPY,M1: initialized
0	20:29:32.185	up3x1 USDJPY,M1 inputs: Lots=0.1; TakeProfit=150.0; StopLoss=100.0; TrailingStop=100.0; 
0	20:32:32.173	Custom Moving Averages USDJPY,M1: uninit reason 4
0	20:32:32.173	Gambit USDJPY,M1: uninit reason 4
0	20:32:32.173	Parabolic USDJPY,M1: uninit reason 4
0	20:32:32.173	1fractal USDJPY,M1: uninit reason 4
0	20:32:32.174	Stochastic USDJPY,M1: uninit reason 4
0	20:32:32.174	up3x1 USDJPY,M1: uninit reason 4
0	20:32:32.185	Expert up3x1 USDJPY,M1: removed
0	20:32:32.200	Custom indicator Custom Moving Averages USDJPY,M1: removed
0	20:32:32.208	Custom indicator Gambit USDJPY,M1: removed
0	20:32:32.218	Custom indicator Parabolic USDJPY,M1: removed
0	20:32:32.225	Custom indicator 1fractal USDJPY,M1: removed
0	20:32:32.230	Custom indicator Stochastic USDJPY,M1: removed
0	20:32:35.463	Custom Moving Averages GBPUSD,H4: uninit reason 4
0	20:32:35.463	Gambit GBPUSD,H4: uninit reason 4
0	20:32:35.463	Parabolic GBPUSD,H4: uninit reason 4
0	20:32:35.463	1fractal GBPUSD,H4: uninit reason 4
0	20:32:35.463	Stochastic GBPUSD,H4: uninit reason 4
0	20:32:35.474	Custom indicator Custom Moving Averages GBPUSD,H4: removed
0	20:32:35.481	Custom indicator Gambit GBPUSD,H4: removed
0	20:32:35.489	Custom indicator Parabolic GBPUSD,H4: removed
0	20:32:35.497	Custom indicator 1fractal GBPUSD,H4: removed
0	20:32:35.504	Custom indicator Stochastic GBPUSD,H4: removed
0	20:33:51.850	Custom Moving Averages USDJPY,Daily: uninit reason 3
0	20:33:51.850	Gambit USDJPY,Daily: uninit reason 3
0	20:33:51.850	Parabolic USDJPY,Daily: uninit reason 3
0	20:33:51.850	1fractal USDJPY,Daily: uninit reason 3
0	20:33:51.850	ZigZag happy USDJPY,Daily: uninit reason 3
0	20:33:51.850	Stochastic USDJPY,Daily: uninit reason 3
0	20:33:51.852	Custom Moving Averages USDJPY,H4: initialized
0	20:33:51.852	Gambit USDJPY,H4: initialized
0	20:33:51.855	Parabolic USDJPY,H4: initialized
0	20:33:51.856	1fractal USDJPY,H4: initialized
0	20:33:51.857	ZigZag happy USDJPY,H4: initialized
0	20:33:51.859	Stochastic USDJPY,H4: initialized
0	20:35:53.456	Custom Moving Averages EURUSD,M5: uninit reason 3
0	20:35:53.456	Gambit EURUSD,M5: uninit reason 3
0	20:35:53.456	Parabolic EURUSD,M5: uninit reason 3
0	20:35:53.456	1fractal EURUSD,M5: uninit reason 3
0	20:35:53.456	ZigZag happy EURUSD,M5: uninit reason 3
0	20:35:53.456	Stochastic EURUSD,M5: uninit reason 3
0	20:35:53.481	Custom Moving Averages EURUSD,H4: initialized
0	20:35:53.482	Gambit EURUSD,H4: initialized
0	20:35:53.485	Parabolic EURUSD,H4: initialized
0	20:35:53.486	1fractal EURUSD,H4: initialized
0	20:35:53.487	ZigZag happy EURUSD,H4: initialized
0	20:35:53.489	Stochastic EURUSD,H4: initialized
0	20:36:36.474	Custom Moving Averages AUDUSD,Daily: uninit reason 3
0	20:36:36.474	Gambit AUDUSD,Daily: uninit reason 3
0	20:36:36.474	Parabolic AUDUSD,Daily: uninit reason 3
0	20:36:36.474	1fractal AUDUSD,Daily: uninit reason 3
0	20:36:36.474	ZigZag happy AUDUSD,Daily: uninit reason 3
0	20:36:36.474	Stochastic AUDUSD,Daily: uninit reason 3
0	20:36:36.559	Custom Moving Averages AUDUSD,H4: initialized
0	20:36:36.559	Gambit AUDUSD,H4: initialized
0	20:36:36.560	Parabolic AUDUSD,H4: initialized
0	20:36:36.560	1fractal AUDUSD,H4: initialized
0	20:36:36.560	ZigZag happy AUDUSD,H4: initialized
0	20:36:36.561	Stochastic AUDUSD,H4: initialized
0	20:37:08.002	Stochastic USDX,Daily: uninit reason 3
0	20:37:08.002	RSI USDX,Daily: uninit reason 3
0	20:37:08.002	MACD USDX,Daily: uninit reason 3
0	20:37:08.086	Stochastic USDX,H4: initialized
0	20:37:08.088	RSI USDX,H4: initialized
0	20:37:08.088	MACD USDX,H4: initialized
0	20:37:14.941	Stochastic USDX,H4: uninit reason 4
0	20:37:14.941	RSI USDX,H4: uninit reason 4
0	20:37:14.941	MACD USDX,H4: uninit reason 4
0	20:37:14.953	Custom indicator Stochastic USDX,H4: removed
0	20:37:14.962	Custom indicator RSI USDX,H4: removed
0	20:37:14.970	Custom indicator MACD USDX,H4: removed
0	20:38:20.933	Custom Moving Averages EURUSD,H4: uninit reason 3
0	20:38:20.933	Gambit EURUSD,H4: uninit reason 3
0	20:38:20.933	Parabolic EURUSD,H4: uninit reason 3
0	20:38:20.933	1fractal EURUSD,H4: uninit reason 3
0	20:38:20.933	ZigZag happy EURUSD,H4: uninit reason 3
0	20:38:20.933	Stochastic EURUSD,H4: uninit reason 3
0	20:38:20.944	Custom Moving Averages EURUSD,M5: initialized
0	20:38:20.946	Gambit EURUSD,M5: initialized
0	20:38:20.948	Parabolic EURUSD,M5: initialized
0	20:38:20.948	1fractal EURUSD,M5: initialized
0	20:38:20.948	ZigZag happy EURUSD,M5: initialized
0	20:38:20.950	Stochastic EURUSD,M5: initialized
0	20:38:40.672	Script gamScript EURUSD,M5: loaded successfully
0	20:38:41.041	gamScript EURUSD,M5: initialized
2	20:38:42.072	gamScript EURUSD,M5: open #74497004 sell 1.00 EURUSD at 1.07899 sl: 1.07927 tp: 1.07845 ok
0	20:38:42.072	gamScript EURUSD,M5: uninit reason 0
0	20:38:42.107	Script gamScript EURUSD,M5: removed
0	20:40:16.195	Custom Moving Averages EURUSD,M5: uninit reason 3
0	20:40:16.195	Gambit EURUSD,M5: uninit reason 3
0	20:40:16.195	Parabolic EURUSD,M5: uninit reason 3
0	20:40:16.195	1fractal EURUSD,M5: uninit reason 3
0	20:40:16.196	ZigZag happy EURUSD,M5: uninit reason 3
0	20:40:16.196	Stochastic EURUSD,M5: uninit reason 3
0	20:40:16.199	Custom Moving Averages EURUSD,H4: initialized
0	20:40:16.200	Gambit EURUSD,H4: initialized
0	20:40:16.203	Parabolic EURUSD,H4: initialized
0	20:40:16.204	1fractal EURUSD,H4: initialized
0	20:40:16.206	ZigZag happy EURUSD,H4: initialized
0	20:40:16.207	Stochastic EURUSD,H4: initialized
0	20:40:59.601	Custom indicator ifibonacci EURUSD,H4: loaded successfully
0	20:41:02.685	ifibonacci EURUSD,H4: initialized
0	20:44:34.090	ifibonacci EURUSD,H4: uninit reason 1
1	20:44:34.090	ifibonacci EURUSD,H4: array out of range in 'ifibonacci.mq4' (205,28)
0	20:44:34.108	Custom indicator ifibonacci EURUSD,H4: removed
0	20:49:12.206	1fractal EURUSD,H4: uninit reason 2
0	20:49:12.210	Custom indicator 1fractal EURUSD,H4: removed
0	20:49:12.238	Custom indicator 1fractal EURUSD,H4: loaded successfully
0	20:49:12.290	1fractal EURUSD,H4: initialized
0	20:49:12.294	1fractal USDJPY,Daily: uninit reason 2
0	20:49:12.300	Custom indicator 1fractal USDJPY,Daily: removed
0	20:49:12.327	Custom indicator 1fractal USDJPY,Daily: loaded successfully
0	20:49:12.367	1fractal USDJPY,Daily: initialized
0	20:49:12.371	1fractal AUDUSD,H4: uninit reason 2
0	20:49:12.376	Custom indicator 1fractal AUDUSD,H4: removed
0	20:49:12.404	Custom indicator 1fractal AUDUSD,H4: loaded successfully
0	20:49:12.444	1fractal AUDUSD,H4: initialized
0	20:49:12.446	1fractal USDJPY,H4: uninit reason 2
0	20:49:12.451	Custom indicator 1fractal USDJPY,H4: removed
0	20:49:12.481	Custom indicator 1fractal USDJPY,H4: loaded successfully
0	20:49:12.521	1fractal USDJPY,H4: initialized
0	20:49:12.523	1fractal XAUUSD,H1: uninit reason 2
0	20:49:12.528	Custom indicator 1fractal XAUUSD,H1: removed
0	20:49:12.557	Custom indicator 1fractal XAUUSD,H1: loaded successfully
0	20:49:12.598	1fractal XAUUSD,H1: initialized
0	20:49:12.604	1fractal USDX,Daily: uninit reason 2
0	20:49:12.608	Custom indicator 1fractal USDX,Daily: removed
0	20:49:12.637	Custom indicator 1fractal USDX,Daily: loaded successfully
0	20:49:12.678	1fractal USDX,Daily: initialized
0	20:54:20.024	1fractal EURUSD,H4: uninit reason 2
0	20:54:20.030	Custom indicator 1fractal EURUSD,H4: removed
0	20:54:20.067	Custom indicator 1fractal EURUSD,H4: loaded successfully
0	20:54:20.117	1fractal EURUSD,H4: initialized
0	20:54:20.122	1fractal USDJPY,Daily: uninit reason 2
0	20:54:20.128	Custom indicator 1fractal USDJPY,Daily: removed
0	20:54:20.162	Custom indicator 1fractal USDJPY,Daily: loaded successfully
0	20:54:20.208	1fractal USDJPY,Daily: initialized
0	20:54:20.210	1fractal AUDUSD,H4: uninit reason 2
0	20:54:20.216	Custom indicator 1fractal AUDUSD,H4: removed
0	20:54:20.245	Custom indicator 1fractal AUDUSD,H4: loaded successfully
0	20:54:20.280	1fractal AUDUSD,H4: initialized
0	20:54:20.282	1fractal USDJPY,H4: uninit reason 2
0	20:54:20.286	Custom indicator 1fractal USDJPY,H4: removed
0	20:54:20.309	Custom indicator 1fractal USDJPY,H4: loaded successfully
0	20:54:20.346	1fractal USDJPY,H4: initialized
0	20:54:20.348	1fractal XAUUSD,H1: uninit reason 2
0	20:54:20.352	Custom indicator 1fractal XAUUSD,H1: removed
0	20:54:20.378	Custom indicator 1fractal XAUUSD,H1: loaded successfully
0	20:54:20.418	1fractal XAUUSD,H1: initialized
0	20:54:20.421	1fractal USDX,Daily: uninit reason 2
0	20:54:20.427	Custom indicator 1fractal USDX,Daily: removed
0	20:54:20.456	Custom indicator 1fractal USDX,Daily: loaded successfully
0	20:54:20.492	1fractal USDX,Daily: initialized
0	20:55:34.220	ZigZag happy EURUSD,H4: uninit reason 1
0	20:55:34.220	Custom indicator ZigZag happy EURUSD,H4: removed
0	20:58:13.194	Custom Moving Averages EURUSD,H4: uninit reason 3
0	20:58:13.194	Gambit EURUSD,H4: uninit reason 3
0	20:58:13.194	Parabolic EURUSD,H4: uninit reason 3
0	20:58:13.195	1fractal EURUSD,H4: uninit reason 3
0	20:58:13.195	Stochastic EURUSD,H4: uninit reason 3
0	20:58:13.288	Custom Moving Averages EURUSD,H1: initialized
0	20:58:13.289	Gambit EURUSD,H1: initialized
0	20:58:13.294	Parabolic EURUSD,H1: initialized
0	20:58:13.295	1fractal EURUSD,H1: initialized
0	20:58:13.297	Stochastic EURUSD,H1: initialized
0	20:58:47.555	Custom Moving Averages EURUSD,H1: uninit reason 3
0	20:58:47.555	Gambit EURUSD,H1: uninit reason 3
0	20:58:47.555	Parabolic EURUSD,H1: uninit reason 3
0	20:58:47.555	1fractal EURUSD,H1: uninit reason 3
0	20:58:47.555	Stochastic EURUSD,H1: uninit reason 3
0	20:58:47.557	Custom Moving Averages EURUSD,H4: initialized
0	20:58:47.557	Gambit EURUSD,H4: initialized
0	20:58:47.559	Parabolic EURUSD,H4: initialized
0	20:58:47.559	1fractal EURUSD,H4: initialized
0	20:58:47.560	Stochastic EURUSD,H4: initialized
