2	04:00:24.902	MACD Sample EURUSD,H1: open #74572850 sell 0.10 EURUSD at 1.08588 tp: 1.08487 ok
0	04:00:24.911	MACD Sample EURUSD,H1: SELL order opened : 1.0859
2	07:16:51.543	MACD Sample EURUSD,H1: modify #74572850 sell 0.10 EURUSD at 1.08588 sl: 1.08587 tp: 1.08487 ok
2	07:16:51.911	MACD Sample EURUSD,H1: modify #74572850 sell 0.10 EURUSD at 1.08588 sl: 1.08586 tp: 1.08487 ok
2	07:16:53.262	MACD Sample EURUSD,H1: modify #74572850 sell 0.10 EURUSD at 1.08588 sl: 1.08585 tp: 1.08487 ok
2	07:16:53.615	MACD Sample EURUSD,H1: modify #74572850 sell 0.10 EURUSD at 1.08588 sl: 1.08584 tp: 1.08487 ok
2	07:16:53.923	MACD Sample EURUSD,H1: modify #74572850 sell 0.10 EURUSD at 1.08588 sl: 1.08583 tp: 1.08487 ok
2	07:18:24.928	MACD Sample EURUSD,H1: modify #74572850 sell 0.10 EURUSD at 1.08588 sl: 1.08581 tp: 1.08487 ok
0	08:27:44.365	MACD Sample EURUSD,H1: uninit reason 1
0	08:27:44.449	Expert MACD Sample EURUSD,H1: removed
0	08:29:41.127	Custom indicator Stochastic EURUSD,H1: loaded successfully
0	08:29:45.165	Stochastic EURUSD,H1: initialized
0	08:29:59.552	ifibonacci EURUSD,H1: uninit reason 3
1	08:29:59.552	ifibonacci EURUSD,H1: array out of range in 'ifibonacci.mq4' (205,28)
0	08:29:59.626	Stochastic EURUSD,H1: uninit reason 3
0	08:29:59.655	ifibonacci EURUSD,H4: initialized
0	08:29:59.656	Stochastic EURUSD,H4: initialized
0	08:31:22.281	ifibonacci EURUSD,H4: uninit reason 3
1	08:31:22.281	ifibonacci EURUSD,H4: array out of range in 'ifibonacci.mq4' (205,28)
0	08:31:22.292	Stochastic EURUSD,H4: uninit reason 3
0	08:31:22.429	ifibonacci USDJPY,H4: initialized
0	08:31:22.429	Stochastic USDJPY,H4: initialized
0	08:31:36.799	ifibonacci USDJPY,H4: uninit reason 3
1	08:31:36.799	ifibonacci USDJPY,H4: array out of range in 'ifibonacci.mq4' (205,28)
0	08:31:36.808	Stochastic USDJPY,H4: uninit reason 3
0	08:31:36.896	ifibonacci USDJPY,H1: initialized
0	08:31:36.896	Stochastic USDJPY,H1: initialized
0	08:36:37.502	ifibonacci USDJPY,H1: uninit reason 3
1	08:36:37.502	ifibonacci USDJPY,H1: array out of range in 'ifibonacci.mq4' (205,28)
0	08:36:37.513	Stochastic USDJPY,H1: uninit reason 3
0	08:36:37.516	ifibonacci EURUSD,H1: initialized
0	08:36:37.516	Stochastic EURUSD,H1: initialized
0	08:36:55.589	ifibonacci EURUSD,H1: uninit reason 3
1	08:36:55.590	ifibonacci EURUSD,H1: array out of range in 'ifibonacci.mq4' (205,28)
0	08:36:55.599	Stochastic EURUSD,H1: uninit reason 3
0	08:36:55.603	ifibonacci EURUSD,H4: initialized
0	08:36:55.603	Stochastic EURUSD,H4: initialized
0	08:37:11.773	ifibonacci EURUSD,H4: uninit reason 3
1	08:37:11.773	ifibonacci EURUSD,H4: array out of range in 'ifibonacci.mq4' (205,28)
0	08:37:11.783	Stochastic EURUSD,H4: uninit reason 3
0	08:37:11.783	ifibonacci EURUSD,H1: initialized
0	08:37:11.784	Stochastic EURUSD,H1: initialized
0	08:37:21.668	ifibonacci EURUSD,H1: uninit reason 3
1	08:37:21.668	ifibonacci EURUSD,H1: array out of range in 'ifibonacci.mq4' (205,28)
0	08:37:21.676	Stochastic EURUSD,H1: uninit reason 3
0	08:37:21.727	ifibonacci AUDUSD,H1: initialized
0	08:37:21.728	Stochastic AUDUSD,H1: initialized
0	08:37:53.362	ifibonacci AUDUSD,H1: uninit reason 3
1	08:37:53.362	ifibonacci AUDUSD,H1: array out of range in 'ifibonacci.mq4' (205,28)
0	08:37:53.375	Stochastic AUDUSD,H1: uninit reason 3
0	08:37:53.467	ifibonacci AUDUSD,H4: initialized
0	08:37:53.468	Stochastic AUDUSD,H4: initialized
0	08:40:31.540	ifibonacci AUDUSD,H4: uninit reason 3
1	08:40:31.540	ifibonacci AUDUSD,H4: array out of range in 'ifibonacci.mq4' (205,28)
0	08:40:31.549	Stochastic AUDUSD,H4: uninit reason 3
0	08:40:31.658	ifibonacci USDCAD,H4: initialized
0	08:40:31.658	Stochastic USDCAD,H4: initialized
0	08:40:38.705	ifibonacci USDCAD,H4: uninit reason 3
1	08:40:38.706	ifibonacci USDCAD,H4: array out of range in 'ifibonacci.mq4' (205,28)
0	08:40:38.715	Stochastic USDCAD,H4: uninit reason 3
0	08:40:38.805	ifibonacci USDCAD,H1: initialized
0	08:40:38.805	Stochastic USDCAD,H1: initialized
0	08:40:44.420	ifibonacci USDCAD,H1: uninit reason 3
1	08:40:44.420	ifibonacci USDCAD,H1: array out of range in 'ifibonacci.mq4' (205,28)
0	08:40:44.432	Stochastic USDCAD,H1: uninit reason 3
0	08:40:44.434	ifibonacci AUDUSD,H1: initialized
0	08:40:44.434	Stochastic AUDUSD,H1: initialized
0	08:41:01.418	ifibonacci AUDUSD,H1: uninit reason 3
1	08:41:01.418	ifibonacci AUDUSD,H1: array out of range in 'ifibonacci.mq4' (205,28)
0	08:41:01.427	Stochastic AUDUSD,H1: uninit reason 3
0	08:41:01.428	ifibonacci AUDUSD,H4: initialized
0	08:41:01.428	Stochastic AUDUSD,H4: initialized
0	08:41:29.522	ifibonacci AUDUSD,H4: uninit reason 3
1	08:41:29.522	ifibonacci AUDUSD,H4: array out of range in 'ifibonacci.mq4' (205,28)
0	08:41:29.530	Stochastic AUDUSD,H4: uninit reason 3
0	08:41:29.534	ifibonacci EURUSD,H4: initialized
0	08:41:29.534	Stochastic EURUSD,H4: initialized
0	08:41:48.111	ifibonacci EURUSD,H4: uninit reason 3
1	08:41:48.111	ifibonacci EURUSD,H4: array out of range in 'ifibonacci.mq4' (205,28)
0	08:41:48.121	Stochastic EURUSD,H4: uninit reason 3
0	08:41:48.121	ifibonacci XAUUSD,H4: initialized
0	08:41:48.121	Stochastic XAUUSD,H4: initialized
0	08:42:32.482	ifibonacci XAUUSD,H4: uninit reason 3
1	08:42:32.482	ifibonacci XAUUSD,H4: array out of range in 'ifibonacci.mq4' (205,28)
0	08:42:32.487	Stochastic XAUUSD,H4: uninit reason 3
0	08:42:32.574	ifibonacci XAUUSD,M1: initialized
0	08:42:32.575	Stochastic XAUUSD,M1: initialized
0	08:42:43.663	ifibonacci XAUUSD,M1: uninit reason 3
1	08:42:43.663	ifibonacci XAUUSD,M1: array out of range in 'ifibonacci.mq4' (205,28)
0	08:42:43.672	Stochastic XAUUSD,M1: uninit reason 3
0	08:42:43.754	ifibonacci XAUUSD,M5: initialized
0	08:42:43.755	Stochastic XAUUSD,M5: initialized
0	08:43:05.096	ifibonacci XAUUSD,M5: uninit reason 3
1	08:43:05.096	ifibonacci XAUUSD,M5: array out of range in 'ifibonacci.mq4' (205,28)
0	08:43:05.106	Stochastic XAUUSD,M5: uninit reason 3
0	08:43:05.191	ifibonacci XAUUSD,M15: initialized
0	08:43:05.191	Stochastic XAUUSD,M15: initialized
0	08:43:42.406	gamExpert USDCAD,M15: uninit reason 6
0	08:43:42.409	gamExpert AUDUSD,M15: uninit reason 6
0	08:43:42.409	gamExpert USDCAD,M15: initialized
0	08:43:42.411	gamExpert AUDUSD,M15: initialized
0	08:43:42.411	gamExpert USDJPY,M15: uninit reason 6
0	08:43:42.413	gamExpert GBPUSD,M15: uninit reason 6
0	08:43:42.414	gamExpert USDJPY,M15: initialized
0	08:43:42.415	gamExpert USDX,H1: uninit reason 6
0	08:43:42.415	gamExpert GBPUSD,M15: initialized
0	08:43:42.417	gamExpert EURUSD,M15: uninit reason 6
0	08:43:42.417	gamExpert USDX,H1: initialized
0	08:43:42.423	gamExpert EURUSD,M15: initialized
0	08:43:42.424	ToolKit_v2.0 XAUUSD,H1: uninit reason 6
0	08:43:42.427	ToolKit_v2.0 XAUUSD,H1: Получено строк: 1. Использован разделитель ' ' с кодом 32
0	08:43:42.427	ToolKit_v2.0 XAUUSD,H1: result[0]=XAUUSD
0	08:43:42.427	ToolKit_v2.0 XAUUSD,H1: initialized
0	08:44:32.239	ToolKit_v2.0 XAUUSD,H1: uninit reason 3
0	08:44:32.241	ZigZag happy XAUUSD,H1: uninit reason 3
0	08:44:32.242	ifibonacci XAUUSD,H1: uninit reason 3
1	08:44:32.242	ifibonacci XAUUSD,H1: array out of range in 'ifibonacci.mq4' (205,28)
0	08:44:32.263	ZigZag happy XAUUSD,M15: initialized
0	08:44:32.266	ifibonacci XAUUSD,M15: initialized
0	08:44:32.455	ToolKit_v2.0 XAUUSD,M15: Получено строк: 1. Использован разделитель ' ' с кодом 32
0	08:44:32.455	ToolKit_v2.0 XAUUSD,M15: result[0]=XAUUSD
0	08:44:32.455	ToolKit_v2.0 XAUUSD,M15: initialized
0	08:44:36.316	ToolKit_v2.0 XAUUSD,M15: uninit reason 3
0	08:44:36.318	ZigZag happy XAUUSD,M15: uninit reason 3
0	08:44:36.318	ifibonacci XAUUSD,M15: uninit reason 3
1	08:44:36.318	ifibonacci XAUUSD,M15: array out of range in 'ifibonacci.mq4' (205,28)
0	08:44:36.327	ZigZag happy XAUUSD,H1: initialized
0	08:44:36.329	ifibonacci XAUUSD,H1: initialized
0	08:44:36.556	ToolKit_v2.0 XAUUSD,H1: Получено строк: 1. Использован разделитель ' ' с кодом 32
0	08:44:36.556	ToolKit_v2.0 XAUUSD,H1: result[0]=XAUUSD
0	08:44:36.556	ToolKit_v2.0 XAUUSD,H1: initialized
0	08:54:49.996	ifibonacci XAUUSD,M15: uninit reason 3
1	08:54:49.996	ifibonacci XAUUSD,M15: array out of range in 'ifibonacci.mq4' (205,28)
0	08:54:50.007	Stochastic XAUUSD,M15: uninit reason 3
0	08:54:50.007	ifibonacci XAUUSD,H1: initialized
0	08:54:50.008	Stochastic XAUUSD,H1: initialized
0	09:26:26.492	Custom indicator ifibonacci AUDUSD,H1: loaded successfully
0	09:26:26.633	ifibonacci AUDUSD,H1: initialized
0	09:26:36.392	ifibonacci AUDUSD,H1: uninit reason 3
1	09:26:36.392	ifibonacci AUDUSD,H1: array out of range in 'ifibonacci.mq4' (205,28)
0	09:26:36.429	ifibonacci AUDUSD,H4: initialized
0	09:30:55.401	ifibonacci AUDUSD,H4: uninit reason 4
1	09:30:55.401	ifibonacci AUDUSD,H4: array out of range in 'ifibonacci.mq4' (205,28)
0	09:30:55.425	Custom indicator ifibonacci AUDUSD,H4: removed
0	09:32:31.331	ifibonacci XAUUSD,H1: uninit reason 3
1	09:32:31.331	ifibonacci XAUUSD,H1: array out of range in 'ifibonacci.mq4' (205,28)
0	09:32:31.406	Stochastic XAUUSD,H1: uninit reason 3
0	09:32:31.409	ifibonacci XAUUSD,H4: initialized
0	09:32:31.411	Stochastic XAUUSD,H4: initialized
0	09:32:45.350	ifibonacci XAUUSD,H4: uninit reason 3
1	09:32:45.350	ifibonacci XAUUSD,H4: array out of range in 'ifibonacci.mq4' (205,28)
0	09:32:45.360	Stochastic XAUUSD,H4: uninit reason 3
0	09:32:45.361	ifibonacci XAUUSD,H1: initialized
0	09:32:45.361	Stochastic XAUUSD,H1: initialized
0	09:33:01.951	ifibonacci XAUUSD,H1: uninit reason 3
1	09:33:01.951	ifibonacci XAUUSD,H1: array out of range in 'ifibonacci.mq4' (205,28)
0	09:33:01.961	Stochastic XAUUSD,H1: uninit reason 3
0	09:33:01.961	ifibonacci XAUUSD,H4: initialized
0	09:33:01.961	Stochastic XAUUSD,H4: initialized
0	09:33:07.084	ifibonacci XAUUSD,H4: uninit reason 3
1	09:33:07.084	ifibonacci XAUUSD,H4: array out of range in 'ifibonacci.mq4' (205,28)
0	09:33:07.092	Stochastic XAUUSD,H4: uninit reason 3
0	09:33:07.094	ifibonacci XAUUSD,H1: initialized
0	09:33:07.094	Stochastic XAUUSD,H1: initialized
0	09:33:34.445	Custom indicator ifibonacci EURUSD,H1: loaded successfully
0	09:33:34.574	ifibonacci EURUSD,H1: initialized
0	09:33:39.032	ifibonacci EURUSD,H1: uninit reason 3
1	09:33:39.032	ifibonacci EURUSD,H1: array out of range in 'ifibonacci.mq4' (205,28)
0	09:33:39.100	ifibonacci EURUSD,H4: initialized
0	09:33:43.677	ifibonacci EURUSD,H4: uninit reason 3
1	09:33:43.677	ifibonacci EURUSD,H4: array out of range in 'ifibonacci.mq4' (205,28)
0	09:33:43.687	ifibonacci EURUSD,H1: initialized
0	10:24:48.479	ToolKit_v2.0 XAUUSD,H1: uninit reason 5
0	10:24:48.549	ToolKit_v2.0 XAUUSD,H1 inputs: Magic=100; Lots=0.02; Symbols=XAUUSD; StopLoss=100.0; TakeProfit=300.0; ProfPlus=5737262; ProfMinus=7504122; Buy=16711680; Sell=255; DisplayInfo=true; 
0	10:24:48.590	ToolKit_v2.0 XAUUSD,H1: Получено строк: 1. Использован разделитель ' ' с кодом 32
0	10:24:48.590	ToolKit_v2.0 XAUUSD,H1: result[0]=XAUUSD
0	10:24:48.590	ToolKit_v2.0 XAUUSD,H1: initialized
0	10:36:12.015	ifibonacci XAUUSD,H1: uninit reason 3
1	10:36:12.015	ifibonacci XAUUSD,H1: array out of range in 'ifibonacci.mq4' (205,28)
0	10:36:12.027	Stochastic XAUUSD,H1: uninit reason 3
0	10:36:12.169	ifibonacci XAUUSD,M15: initialized
0	10:36:12.170	Stochastic XAUUSD,M15: initialized
0	10:36:37.571	ifibonacci XAUUSD,M15: uninit reason 3
1	10:36:37.571	ifibonacci XAUUSD,M15: array out of range in 'ifibonacci.mq4' (205,28)
0	10:36:37.580	Stochastic XAUUSD,M15: uninit reason 3
0	10:36:37.680	ifibonacci XAUUSD,M30: initialized
0	10:36:37.681	Stochastic XAUUSD,M30: initialized
0	10:36:49.664	ifibonacci XAUUSD,M30: uninit reason 3
1	10:36:49.664	ifibonacci XAUUSD,M30: array out of range in 'ifibonacci.mq4' (205,28)
0	10:36:49.674	Stochastic XAUUSD,M30: uninit reason 3
0	10:36:49.688	ifibonacci XAUUSD,M15: initialized
0	10:36:49.688	Stochastic XAUUSD,M15: initialized
0	11:09:52.064	ifibonacci XAUUSD,M15: uninit reason 3
1	11:09:52.065	ifibonacci XAUUSD,M15: array out of range in 'ifibonacci.mq4' (205,28)
0	11:09:52.084	Stochastic XAUUSD,M15: uninit reason 3
0	11:09:52.122	ifibonacci XAUUSD,M30: initialized
0	11:09:52.125	Stochastic XAUUSD,M30: initialized
0	11:09:59.745	ifibonacci XAUUSD,M30: uninit reason 3
1	11:09:59.745	ifibonacci XAUUSD,M30: array out of range in 'ifibonacci.mq4' (205,28)
0	11:09:59.749	Stochastic XAUUSD,M30: uninit reason 3
0	11:09:59.751	ifibonacci XAUUSD,M15: initialized
0	11:09:59.751	Stochastic XAUUSD,M15: initialized
0	11:20:33.359	Gambit USDJPY,M15: uninit reason 5
0	11:20:33.402	Gambit USDJPY,M15: initialized
0	11:21:19.318	Gambit USDJPY,M15: uninit reason 5
0	11:21:19.354	Gambit USDJPY,M15: initialized
0	11:21:23.836	gamExpert USDJPY,M15: uninit reason 3
0	11:21:23.838	Custom Moving Averages USDJPY,M15: uninit reason 3
0	11:21:23.838	Gambit USDJPY,M15: uninit reason 3
0	11:21:23.838	Parabolic USDJPY,M15: uninit reason 3
0	11:21:23.839	1fractal USDJPY,M15: uninit reason 3
0	11:21:23.842	Stochastic USDJPY,M15: uninit reason 3
0	11:21:23.842	RSI USDJPY,M15: uninit reason 3
0	11:21:23.868	Custom Moving Averages USDJPY,H1: initialized
0	11:21:23.868	Gambit USDJPY,H1: initialized
0	11:21:23.870	Parabolic USDJPY,H1: initialized
0	11:21:23.871	1fractal USDJPY,H1: initialized
0	11:21:23.873	Stochastic USDJPY,H1: initialized
0	11:21:23.875	RSI USDJPY,H1: initialized
0	11:21:24.027	gamExpert USDJPY,H1: initialized
0	11:21:42.314	gamExpert USDJPY,H1: uninit reason 3
0	11:21:42.316	Custom Moving Averages USDJPY,H1: uninit reason 3
0	11:21:42.316	Gambit USDJPY,H1: uninit reason 3
0	11:21:42.316	Parabolic USDJPY,H1: uninit reason 3
0	11:21:42.316	1fractal USDJPY,H1: uninit reason 3
0	11:21:42.316	Stochastic USDJPY,H1: uninit reason 3
0	11:21:42.316	RSI USDJPY,H1: uninit reason 3
0	11:21:42.381	Custom Moving Averages USDJPY,M15: initialized
0	11:21:42.381	Gambit USDJPY,M15: initialized
0	11:21:42.382	Parabolic USDJPY,M15: initialized
0	11:21:42.382	1fractal USDJPY,M15: initialized
0	11:21:42.382	Stochastic USDJPY,M15: initialized
0	11:21:42.382	RSI USDJPY,M15: initialized
0	11:21:42.414	gamExpert USDJPY,M15: initialized
0	11:29:26.018	ifibonacci XAUUSD,M15: uninit reason 3
1	11:29:26.079	ifibonacci XAUUSD,M15: array out of range in 'ifibonacci.mq4' (205,28)
0	11:29:26.086	Stochastic XAUUSD,M15: uninit reason 3
0	11:29:26.095	ifibonacci XAUUSD,H1: initialized
0	11:29:26.096	Stochastic XAUUSD,H1: initialized
0	11:29:40.027	ifibonacci XAUUSD,H1: uninit reason 3
1	11:29:40.027	ifibonacci XAUUSD,H1: array out of range in 'ifibonacci.mq4' (205,28)
0	11:29:40.031	Stochastic XAUUSD,H1: uninit reason 3
0	11:29:40.043	ifibonacci XAUUSD,M15: initialized
0	11:29:40.043	Stochastic XAUUSD,M15: initialized
0	11:29:58.314	ifibonacci XAUUSD,M15: uninit reason 3
1	11:29:58.314	ifibonacci XAUUSD,M15: array out of range in 'ifibonacci.mq4' (205,28)
0	11:29:58.317	Stochastic XAUUSD,M15: uninit reason 3
0	11:29:58.318	ifibonacci XAUUSD,H1: initialized
0	11:29:58.318	Stochastic XAUUSD,H1: initialized
0	11:54:02.097	Custom indicator Custom Moving Averages EURUSD,H1: loaded successfully
0	11:54:16.604	Custom Moving Averages EURUSD,H1: initialized
0	11:54:41.144	Custom indicator Custom Moving Averages EURUSD,H1: loaded successfully
0	11:54:51.871	Custom Moving Averages EURUSD,H1: initialized
0	11:57:28.186	ifibonacci EURUSD,H1: uninit reason 7
1	11:57:28.186	ifibonacci EURUSD,H1: array out of range in 'ifibonacci.mq4' (205,28)
0	11:57:28.197	Custom Moving Averages EURUSD,H1: uninit reason 7
0	11:57:28.197	Custom Moving Averages EURUSD,H1: uninit reason 7
0	11:57:28.202	Custom indicator ifibonacci EURUSD,H1: removed
0	11:57:28.206	Custom indicator Custom Moving Averages EURUSD,H1: removed
0	11:57:28.211	Custom indicator Custom Moving Averages EURUSD,H1: removed
0	11:57:28.239	Custom indicator ifibonacci EURUSD,H1: loaded successfully
0	11:57:28.303	ifibonacci EURUSD,H1: initialized
0	11:57:42.402	Custom indicator Custom Moving Averages EURUSD,H1: loaded successfully
0	11:58:02.456	Custom Moving Averages EURUSD,H1: initialized
0	11:58:09.740	Custom indicator Custom Moving Averages EURUSD,H1: loaded successfully
0	11:58:31.790	Custom Moving Averages EURUSD,H1: initialized
0	12:10:41.783	ifibonacci XAUUSD,H1: uninit reason 3
1	12:10:41.783	ifibonacci XAUUSD,H1: array out of range in 'ifibonacci.mq4' (205,28)
0	12:10:41.793	Stochastic XAUUSD,H1: uninit reason 3
0	12:10:41.852	ifibonacci XAUUSD,M15: initialized
0	12:10:41.854	Stochastic XAUUSD,M15: initialized
0	12:40:26.800	ifibonacci EURUSD,H1: uninit reason 3
1	12:40:26.803	ifibonacci EURUSD,H1: array out of range in 'ifibonacci.mq4' (205,28)
0	12:40:26.815	Custom Moving Averages EURUSD,H1: uninit reason 3
0	12:40:26.815	Custom Moving Averages EURUSD,H1: uninit reason 3
0	12:40:26.855	ifibonacci EURUSD,M15: initialized
0	12:40:26.855	Custom Moving Averages EURUSD,M15: initialized
0	12:40:26.858	Custom Moving Averages EURUSD,M15: initialized
0	12:42:09.995	Custom indicator ifibonacci USDX,H1: loaded successfully
0	12:42:10.050	Custom indicator Custom Moving Averages USDX,H1: loaded successfully
0	12:42:10.076	Custom indicator Custom Moving Averages USDX,H1: loaded successfully
0	12:42:10.147	ifibonacci USDX,H1: initialized
0	12:42:10.183	Custom Moving Averages USDX,H1: initialized
0	12:42:10.218	Custom Moving Averages USDX,H1: initialized
0	12:42:56.653	ifibonacci USDX,H1: uninit reason 3
1	12:42:56.653	ifibonacci USDX,H1: array out of range in 'ifibonacci.mq4' (205,28)
0	12:42:56.658	Custom Moving Averages USDX,H1: uninit reason 3
0	12:42:56.658	Custom Moving Averages USDX,H1: uninit reason 3
0	12:42:56.683	ifibonacci BRN,H1: initialized
0	12:42:56.683	Custom Moving Averages BRN,H1: initialized
0	12:42:56.683	Custom Moving Averages BRN,H1: initialized
0	12:43:38.604	ifibonacci BRN,H1: uninit reason 3
1	12:43:38.604	ifibonacci BRN,H1: array out of range in 'ifibonacci.mq4' (205,28)
0	12:43:38.607	Custom Moving Averages BRN,H1: uninit reason 3
0	12:43:38.607	Custom Moving Averages BRN,H1: uninit reason 3
0	12:43:38.703	ifibonacci USDJPY,H1: initialized
0	12:43:38.703	Custom Moving Averages USDJPY,H1: initialized
0	12:43:38.703	Custom Moving Averages USDJPY,H1: initialized
0	12:45:51.664	gamExpert USDX,H1: uninit reason 3
0	12:45:51.665	Custom Moving Averages USDX,H1: uninit reason 3
0	12:45:51.725	Gambit USDX,H1: uninit reason 3
0	12:45:51.726	Parabolic USDX,H1: uninit reason 3
0	12:45:51.726	1fractal USDX,H1: uninit reason 3
0	12:45:51.728	Stochastic USDX,H1: uninit reason 3
0	12:45:51.728	RSI USDX,H1: uninit reason 3
0	12:45:51.747	Custom Moving Averages USDX,M15: initialized
0	12:45:51.748	Gambit USDX,M15: initialized
0	12:45:51.756	Parabolic USDX,M15: initialized
0	12:45:51.757	1fractal USDX,M15: initialized
0	12:45:51.759	Stochastic USDX,M15: initialized
0	12:45:51.761	RSI USDX,M15: initialized
0	12:45:51.892	gamExpert USDX,M15: initialized
0	12:45:58.294	Custom Moving Averages USDX,M15: uninit reason 4
0	12:45:58.294	Gambit USDX,M15: uninit reason 4
0	12:45:58.294	Parabolic USDX,M15: uninit reason 4
0	12:45:58.294	1fractal USDX,M15: uninit reason 4
0	12:45:58.294	Stochastic USDX,M15: uninit reason 4
0	12:45:58.294	RSI USDX,M15: uninit reason 4
0	12:45:58.294	gamExpert USDX,M15: uninit reason 4
0	12:45:58.320	Expert gamExpert USDX,M15: removed
0	12:45:58.335	Custom indicator Custom Moving Averages USDX,M15: removed
0	12:45:58.340	Custom indicator Gambit USDX,M15: removed
0	12:45:58.344	Custom indicator Parabolic USDX,M15: removed
0	12:45:58.349	Custom indicator 1fractal USDX,M15: removed
0	12:45:58.355	Custom indicator Stochastic USDX,M15: removed
0	12:45:58.358	Custom indicator RSI USDX,M15: removed
0	12:47:30.239	ToolKit_v2.0 XAUUSD,H1: uninit reason 5
0	12:47:30.271	ToolKit_v2.0 XAUUSD,H1 inputs: Magic=100; Lots=0.02; Symbols=XAUUSD; StopLoss=300.0; TakeProfit=300.0; ProfPlus=5737262; ProfMinus=7504122; Buy=16711680; Sell=255; DisplayInfo=true; 
0	12:47:30.315	ToolKit_v2.0 XAUUSD,H1: Получено строк: 1. Использован разделитель ' ' с кодом 32
0	12:47:30.315	ToolKit_v2.0 XAUUSD,H1: result[0]=XAUUSD
0	12:47:30.315	ToolKit_v2.0 XAUUSD,H1: initialized
0	12:54:12.283	Custom indicator ifibonacci BTCUSD,Daily: loaded successfully
0	12:54:12.311	Custom indicator Custom Moving Averages BTCUSD,Daily: loaded successfully
0	12:54:12.333	Custom indicator Custom Moving Averages BTCUSD,Daily: loaded successfully
0	12:54:12.391	ifibonacci BTCUSD,Daily: initialized
0	12:54:12.425	Custom Moving Averages BTCUSD,Daily: initialized
0	12:54:12.458	Custom Moving Averages BTCUSD,Daily: initialized
0	12:54:52.172	ifibonacci BTCUSD,Daily: uninit reason 3
1	12:54:52.172	ifibonacci BTCUSD,Daily: array out of range in 'ifibonacci.mq4' (205,28)
0	12:54:52.176	Custom Moving Averages BTCUSD,Daily: uninit reason 3
0	12:54:52.176	Custom Moving Averages BTCUSD,Daily: uninit reason 3
0	12:54:52.176	ifibonacci BTCUSD,H1: initialized
0	12:54:52.176	Custom Moving Averages BTCUSD,H1: initialized
0	12:54:52.176	Custom Moving Averages BTCUSD,H1: initialized
0	12:58:03.174	ifibonacci BTCUSD,H1: uninit reason 3
1	12:58:03.174	ifibonacci BTCUSD,H1: array out of range in 'ifibonacci.mq4' (205,28)
0	12:58:03.178	Custom Moving Averages BTCUSD,H1: uninit reason 3
0	12:58:03.178	Custom Moving Averages BTCUSD,H1: uninit reason 3
0	12:58:03.178	ifibonacci BTCUSD,M15: initialized
0	12:58:03.178	Custom Moving Averages BTCUSD,M15: initialized
0	12:58:03.178	Custom Moving Averages BTCUSD,M15: initialized
0	12:58:15.560	ifibonacci BTCUSD,M15: uninit reason 3
1	12:58:15.560	ifibonacci BTCUSD,M15: array out of range in 'ifibonacci.mq4' (205,28)
0	12:58:15.564	Custom Moving Averages BTCUSD,M15: uninit reason 3
0	12:58:15.564	Custom Moving Averages BTCUSD,M15: uninit reason 3
0	12:58:15.565	ifibonacci BTCUSD,H1: initialized
0	12:58:15.565	Custom Moving Averages BTCUSD,H1: initialized
0	12:58:15.565	Custom Moving Averages BTCUSD,H1: initialized
0	12:58:45.873	ifibonacci BTCUSD,H1: uninit reason 5
1	12:58:45.873	ifibonacci BTCUSD,H1: array out of range in 'ifibonacci.mq4' (205,28)
0	12:58:45.900	ifibonacci BTCUSD,H1: initialized
0	13:00:23.262	gamExpert EURUSD,M15: uninit reason 2
0	13:00:23.296	Expert gamExpert EURUSD,M15: removed
0	13:00:23.319	Expert gamExpert EURUSD,M15: loaded successfully
0	13:00:23.322	gamExpert GBPUSD,M15: uninit reason 2
0	13:00:23.349	Expert gamExpert GBPUSD,M15: removed
0	13:00:23.372	Expert gamExpert GBPUSD,M15: loaded successfully
0	13:00:23.377	gamExpert USDJPY,M15: uninit reason 2
0	13:00:23.404	Expert gamExpert USDJPY,M15: removed
0	13:00:23.450	Expert gamExpert USDJPY,M15: loaded successfully
0	13:00:23.454	gamExpert AUDUSD,M15: uninit reason 2
0	13:00:23.482	Expert gamExpert AUDUSD,M15: removed
0	13:00:23.512	Expert gamExpert AUDUSD,M15: loaded successfully
0	13:00:23.515	gamExpert USDCAD,M15: uninit reason 2
0	13:00:23.554	Expert gamExpert USDCAD,M15: removed
0	13:00:23.599	Expert gamExpert USDCAD,M15: loaded successfully
0	13:00:23.806	gamExpert GBPUSD,M15: initialized
0	13:00:24.031	gamExpert USDJPY,M15: initialized
0	13:00:24.064	gamExpert AUDUSD,M15: initialized
0	13:00:24.162	gamExpert USDCAD,M15: initialized
0	13:00:24.439	gamExpert EURUSD,M15: initialized
2	13:00:24.614	gamExpert AUDUSD,M15: open #2117285 sell 0.10 AUDUSD at 0.65403 sl: 0.65446 tp: 0.65319 ok
0	13:04:59.700	gamExpert AUDUSD,M15: uninit reason 5
0	13:04:59.703	gamExpert AUDUSD,M15: initialized
0	13:04:59.779	gamExpert AUDUSD,M15 inputs: Lot=0.01; 
0	13:05:17.839	gamExpert EURUSD,M15: uninit reason 5
0	13:05:17.841	gamExpert EURUSD,M15: initialized
0	13:05:17.872	gamExpert EURUSD,M15 inputs: Lot=0.01; 
0	13:05:37.309	gamExpert USDJPY,M15: uninit reason 5
0	13:05:37.311	gamExpert USDJPY,M15: initialized
0	13:05:37.341	gamExpert USDJPY,M15 inputs: Lot=0.01; 
0	13:06:10.092	gamExpert USDCAD,M15: uninit reason 5
0	13:06:10.094	gamExpert USDCAD,M15: initialized
0	13:06:10.126	gamExpert USDCAD,M15 inputs: Lot=0.01; 
0	13:23:47.897	ifibonacci XAUUSD,M15: uninit reason 3
1	13:23:47.898	ifibonacci XAUUSD,M15: array out of range in 'ifibonacci.mq4' (205,28)
0	13:23:47.916	Stochastic XAUUSD,M15: uninit reason 3
0	13:23:48.142	ifibonacci XAUUSD,H1: initialized
0	13:23:48.144	Stochastic XAUUSD,H1: initialized
0	13:24:46.384	ifibonacci XAUUSD,H1: uninit reason 3
1	13:24:46.384	ifibonacci XAUUSD,H1: array out of range in 'ifibonacci.mq4' (205,28)
0	13:24:46.388	Stochastic XAUUSD,H1: uninit reason 3
0	13:24:46.398	ifibonacci XAUUSD,M15: initialized
0	13:24:46.398	Stochastic XAUUSD,M15: initialized
0	13:54:08.532	gamExpert EURUSD,M15: uninit reason 2
0	13:54:08.584	Expert gamExpert EURUSD,M15: removed
0	13:54:08.613	Expert gamExpert EURUSD,M15: loaded successfully
0	13:54:08.615	gamExpert GBPUSD,M15: uninit reason 2
0	13:54:08.654	Expert gamExpert GBPUSD,M15: removed
0	13:54:08.673	Expert gamExpert GBPUSD,M15: loaded successfully
0	13:54:08.675	gamExpert USDJPY,M15: uninit reason 2
0	13:54:08.695	Expert gamExpert USDJPY,M15: removed
0	13:54:08.718	Expert gamExpert USDJPY,M15: loaded successfully
0	13:54:08.719	gamExpert AUDUSD,M15: uninit reason 2
0	13:54:08.741	Expert gamExpert AUDUSD,M15: removed
0	13:54:08.762	Expert gamExpert AUDUSD,M15: loaded successfully
0	13:54:08.764	gamExpert USDCAD,M15: uninit reason 2
0	13:54:08.788	Expert gamExpert USDCAD,M15: removed
0	13:54:08.810	Expert gamExpert USDCAD,M15: loaded successfully
0	13:54:08.843	gamExpert GBPUSD,M15: initialized
0	13:54:08.856	gamExpert USDJPY,M15: initialized
0	13:54:08.907	gamExpert AUDUSD,M15: initialized
0	13:54:08.915	gamExpert USDCAD,M15: initialized
0	13:54:08.993	gamExpert EURUSD,M15: initialized
0	13:56:36.519	ifibonacci EURUSD,M15: uninit reason 3
1	13:56:36.519	ifibonacci EURUSD,M15: array out of range in 'ifibonacci.mq4' (205,28)
0	13:56:36.539	Custom Moving Averages EURUSD,M15: uninit reason 3
0	13:56:36.539	Custom Moving Averages EURUSD,M15: uninit reason 3
0	13:56:36.559	ifibonacci AUDUSD,M15: initialized
0	13:56:36.561	Custom Moving Averages AUDUSD,M15: initialized
0	13:56:36.566	Custom Moving Averages AUDUSD,M15: initialized
0	13:57:27.338	ifibonacci AUDUSD,M15: uninit reason 5
1	13:57:27.338	ifibonacci AUDUSD,M15: array out of range in 'ifibonacci.mq4' (205,28)
0	13:57:27.421	ifibonacci AUDUSD,M15: initialized
0	13:57:50.893	ifibonacci AUDUSD,M15: uninit reason 3
1	13:57:50.893	ifibonacci AUDUSD,M15: array out of range in 'ifibonacci.mq4' (205,28)
0	13:57:50.897	Custom Moving Averages AUDUSD,M15: uninit reason 3
0	13:57:50.897	Custom Moving Averages AUDUSD,M15: uninit reason 3
0	13:57:50.897	ifibonacci AUDUSD,H1: initialized
0	13:57:50.897	Custom Moving Averages AUDUSD,H1: initialized
0	13:57:50.897	Custom Moving Averages AUDUSD,H1: initialized
0	13:58:05.273	ifibonacci AUDUSD,H1: uninit reason 3
1	13:58:05.273	ifibonacci AUDUSD,H1: array out of range in 'ifibonacci.mq4' (205,28)
0	13:58:05.277	Custom Moving Averages AUDUSD,H1: uninit reason 3
0	13:58:05.277	Custom Moving Averages AUDUSD,H1: uninit reason 3
0	13:58:05.277	ifibonacci AUDUSD,M15: initialized
0	13:58:05.277	Custom Moving Averages AUDUSD,M15: initialized
0	13:58:05.278	Custom Moving Averages AUDUSD,M15: initialized
0	13:58:07.834	ifibonacci AUDUSD,M15: uninit reason 3
1	13:58:07.834	ifibonacci AUDUSD,M15: array out of range in 'ifibonacci.mq4' (205,28)
0	13:58:07.839	Custom Moving Averages AUDUSD,M15: uninit reason 3
0	13:58:07.839	Custom Moving Averages AUDUSD,M15: uninit reason 3
0	13:58:07.839	ifibonacci AUDUSD,H1: initialized
0	13:58:07.839	Custom Moving Averages AUDUSD,H1: initialized
0	13:58:07.839	Custom Moving Averages AUDUSD,H1: initialized
0	13:58:41.520	ifibonacci AUDUSD,H1: uninit reason 3
1	13:58:41.520	ifibonacci AUDUSD,H1: array out of range in 'ifibonacci.mq4' (205,28)
0	13:58:41.524	Custom Moving Averages AUDUSD,H1: uninit reason 3
0	13:58:41.524	Custom Moving Averages AUDUSD,H1: uninit reason 3
0	13:58:41.539	ifibonacci AUDUSD,H4: initialized
0	13:58:41.539	Custom Moving Averages AUDUSD,H4: initialized
0	13:58:41.539	Custom Moving Averages AUDUSD,H4: initialized
0	13:58:53.809	ifibonacci AUDUSD,H4: uninit reason 5
1	13:58:53.809	ifibonacci AUDUSD,H4: array out of range in 'ifibonacci.mq4' (205,28)
0	13:58:53.846	ifibonacci AUDUSD,H4: initialized
0	13:59:14.401	ifibonacci AUDUSD,H4: uninit reason 3
1	13:59:14.401	ifibonacci AUDUSD,H4: array out of range in 'ifibonacci.mq4' (205,28)
0	13:59:14.470	Custom Moving Averages AUDUSD,H4: uninit reason 3
0	13:59:14.470	Custom Moving Averages AUDUSD,H4: uninit reason 3
0	13:59:14.470	ifibonacci AUDUSD,H1: initialized
0	13:59:14.470	Custom Moving Averages AUDUSD,H1: initialized
0	13:59:14.470	Custom Moving Averages AUDUSD,H1: initialized
0	14:08:09.619	ifibonacci BTCUSD,H1: uninit reason 4
1	14:08:09.619	ifibonacci BTCUSD,H1: array out of range in 'ifibonacci.mq4' (205,28)
0	14:08:09.626	Custom Moving Averages BTCUSD,H1: uninit reason 4
0	14:08:09.626	Custom Moving Averages BTCUSD,H1: uninit reason 4
0	14:08:09.634	Custom indicator ifibonacci BTCUSD,H1: removed
0	14:08:09.637	Custom indicator Custom Moving Averages BTCUSD,H1: removed
0	14:08:09.640	Custom indicator Custom Moving Averages BTCUSD,H1: removed
0	14:13:10.806	ToolKit_v2.0 XAUUSD,H1: uninit reason 5
0	14:13:10.844	ToolKit_v2.0 XAUUSD,H1 inputs: Magic=100; Lots=0.02; Symbols=XAUUSD; StopLoss=300.0; TakeProfit=300.0; ProfPlus=5737262; ProfMinus=7504122; Buy=16711680; Sell=255; DisplayInfo=true; 
0	14:13:11.149	ToolKit_v2.0 XAUUSD,H1: Получено строк: 1. Использован разделитель ' ' с кодом 32
0	14:13:11.149	ToolKit_v2.0 XAUUSD,H1: result[0]=XAUUSD
0	14:13:11.150	ToolKit_v2.0 XAUUSD,H1: initialized
0	14:14:35.954	ToolKit_v2.0 XAUUSD,H1: uninit reason 3
0	14:14:35.956	ZigZag happy XAUUSD,H1: uninit reason 3
0	14:14:36.017	ifibonacci XAUUSD,H1: uninit reason 3
1	14:14:36.017	ifibonacci XAUUSD,H1: array out of range in 'ifibonacci.mq4' (205,28)
0	14:14:36.078	ZigZag happy XAUUSD,M30: initialized
0	14:14:36.084	ifibonacci XAUUSD,M30: initialized
0	14:14:36.373	ToolKit_v2.0 XAUUSD,M30: Получено строк: 1. Использован разделитель ' ' с кодом 32
0	14:14:36.373	ToolKit_v2.0 XAUUSD,M30: result[0]=XAUUSD
0	14:14:36.373	ToolKit_v2.0 XAUUSD,M30: initialized
0	14:14:40.762	ToolKit_v2.0 XAUUSD,M30: uninit reason 3
0	14:14:40.764	ZigZag happy XAUUSD,M30: uninit reason 3
0	14:14:40.764	ifibonacci XAUUSD,M30: uninit reason 3
1	14:14:40.764	ifibonacci XAUUSD,M30: array out of range in 'ifibonacci.mq4' (205,28)
0	14:14:40.849	ZigZag happy XAUUSD,H1: initialized
0	14:14:40.850	ifibonacci XAUUSD,H1: initialized
0	14:14:40.922	ToolKit_v2.0 XAUUSD,H1: Получено строк: 1. Использован разделитель ' ' с кодом 32
0	14:14:40.922	ToolKit_v2.0 XAUUSD,H1: result[0]=XAUUSD
0	14:14:40.922	ToolKit_v2.0 XAUUSD,H1: initialized
0	14:14:44.784	ToolKit_v2.0 XAUUSD,H1: uninit reason 3
0	14:14:44.786	ZigZag happy XAUUSD,H1: uninit reason 3
0	14:14:44.786	ifibonacci XAUUSD,H1: uninit reason 3
1	14:14:44.786	ifibonacci XAUUSD,H1: array out of range in 'ifibonacci.mq4' (205,28)
0	14:14:44.794	ZigZag happy XAUUSD,M30: initialized
0	14:14:44.795	ifibonacci XAUUSD,M30: initialized
0	14:14:44.919	ToolKit_v2.0 XAUUSD,M30: Получено строк: 1. Использован разделитель ' ' с кодом 32
0	14:14:44.919	ToolKit_v2.0 XAUUSD,M30: result[0]=XAUUSD
0	14:14:44.919	ToolKit_v2.0 XAUUSD,M30: initialized
0	14:15:04.539	ToolKit_v2.0 XAUUSD,M30: uninit reason 3
0	14:15:04.541	ZigZag happy XAUUSD,M30: uninit reason 3
0	14:15:04.541	ifibonacci XAUUSD,M30: uninit reason 3
1	14:15:04.541	ifibonacci XAUUSD,M30: array out of range in 'ifibonacci.mq4' (205,28)
0	14:15:04.545	ZigZag happy XAUUSD,H1: initialized
0	14:15:04.546	ifibonacci XAUUSD,H1: initialized
0	14:15:04.679	ToolKit_v2.0 XAUUSD,H1: Получено строк: 1. Использован разделитель ' ' с кодом 32
0	14:15:04.679	ToolKit_v2.0 XAUUSD,H1: result[0]=XAUUSD
0	14:15:04.679	ToolKit_v2.0 XAUUSD,H1: initialized
0	14:19:23.123	ifibonacci XAUUSD,M15: uninit reason 3
1	14:19:23.123	ifibonacci XAUUSD,M15: array out of range in 'ifibonacci.mq4' (205,28)
0	14:19:23.135	Stochastic XAUUSD,M15: uninit reason 3
0	14:19:23.149	ifibonacci XAUUSD,H1: initialized
0	14:19:23.151	Stochastic XAUUSD,H1: initialized
0	14:19:57.491	ifibonacci XAUUSD,H1: uninit reason 3
1	14:19:57.491	ifibonacci XAUUSD,H1: array out of range in 'ifibonacci.mq4' (205,28)
0	14:19:57.494	Stochastic XAUUSD,H1: uninit reason 3
0	14:19:57.578	ifibonacci XAUUSD,M30: initialized
0	14:19:57.578	Stochastic XAUUSD,M30: initialized
0	14:20:05.571	ifibonacci XAUUSD,M30: uninit reason 3
1	14:20:05.571	ifibonacci XAUUSD,M30: array out of range in 'ifibonacci.mq4' (205,28)
0	14:20:05.575	Stochastic XAUUSD,M30: uninit reason 3
0	14:20:05.582	ifibonacci XAUUSD,M15: initialized
0	14:20:05.582	Stochastic XAUUSD,M15: initialized
0	14:55:35.143	gamExpert EURUSD,M15: uninit reason 2
0	14:55:35.189	Expert gamExpert EURUSD,M15: removed
0	14:55:35.222	Expert gamExpert EURUSD,M15: loaded successfully
0	14:55:35.225	gamExpert GBPUSD,M15: uninit reason 2
0	14:55:35.263	Expert gamExpert GBPUSD,M15: removed
0	14:55:35.289	Expert gamExpert GBPUSD,M15: loaded successfully
0	14:55:35.292	gamExpert USDJPY,M15: uninit reason 2
0	14:55:35.312	Expert gamExpert USDJPY,M15: removed
0	14:55:35.336	Expert gamExpert USDJPY,M15: loaded successfully
0	14:55:35.337	gamExpert AUDUSD,M15: uninit reason 2
0	14:55:35.357	Expert gamExpert AUDUSD,M15: removed
0	14:55:35.381	Expert gamExpert AUDUSD,M15: loaded successfully
0	14:55:35.383	gamExpert USDCAD,M15: uninit reason 2
0	14:55:35.398	Expert gamExpert USDCAD,M15: removed
0	14:55:35.422	Expert gamExpert USDCAD,M15: loaded successfully
0	14:55:35.423	gamExpert GBPUSD,M15: initialized
0	14:55:35.569	gamExpert USDJPY,M15: initialized
0	14:55:35.580	gamExpert AUDUSD,M15: initialized
0	14:55:35.627	gamExpert USDCAD,M15: initialized
0	14:55:35.698	gamExpert EURUSD,M15: initialized
2	14:55:36.392	gamExpert USDCAD,M15: open #2120280 sell 0.01 USDCAD at 1.38602 sl: 1.38823 tp: 1.38564 ok
0	15:13:37.133	Custom indicator Custom Moving Averages EURUSD,Daily: loaded successfully
0	15:13:37.155	Custom indicator Gambit EURUSD,Daily: loaded successfully
0	15:13:37.176	Custom indicator Parabolic EURUSD,Daily: loaded successfully
0	15:13:37.193	Custom indicator 1fractal EURUSD,Daily: loaded successfully
0	15:13:37.211	Custom indicator Stochastic EURUSD,Daily: loaded successfully
0	15:13:37.230	Custom indicator RSI EURUSD,Daily: loaded successfully
0	15:13:37.259	Custom Moving Averages EURUSD,Daily: initialized
0	15:13:37.289	Gambit EURUSD,Daily: initialized
0	15:13:37.318	Parabolic EURUSD,Daily: initialized
0	15:13:37.341	1fractal EURUSD,Daily: initialized
0	15:13:37.364	Stochastic EURUSD,Daily: initialized
0	15:13:37.388	RSI EURUSD,Daily: initialized
0	15:13:50.548	Custom Moving Averages EURUSD,Daily: uninit reason 3
0	15:13:50.548	Gambit EURUSD,Daily: uninit reason 3
0	15:13:50.548	Parabolic EURUSD,Daily: uninit reason 3
0	15:13:50.548	1fractal EURUSD,Daily: uninit reason 3
0	15:13:50.548	Stochastic EURUSD,Daily: uninit reason 3
0	15:13:50.548	RSI EURUSD,Daily: uninit reason 3
0	15:13:50.623	Custom Moving Averages EURUSD,H4: initialized
0	15:13:50.623	Gambit EURUSD,H4: initialized
0	15:13:50.624	Parabolic EURUSD,H4: initialized
0	15:13:50.624	1fractal EURUSD,H4: initialized
0	15:13:50.624	Stochastic EURUSD,H4: initialized
0	15:13:50.624	RSI EURUSD,H4: initialized
0	15:14:08.609	Custom Moving Averages EURUSD,H4: uninit reason 3
0	15:14:08.609	Gambit EURUSD,H4: uninit reason 3
0	15:14:08.609	Parabolic EURUSD,H4: uninit reason 3
0	15:14:08.609	1fractal EURUSD,H4: uninit reason 3
0	15:14:08.609	Stochastic EURUSD,H4: uninit reason 3
0	15:14:08.609	RSI EURUSD,H4: uninit reason 3
0	15:14:08.609	Custom Moving Averages EURUSD,Daily: initialized
0	15:14:08.609	Gambit EURUSD,Daily: initialized
0	15:14:08.609	Parabolic EURUSD,Daily: initialized
0	15:14:08.610	1fractal EURUSD,Daily: initialized
0	15:14:08.610	Stochastic EURUSD,Daily: initialized
0	15:14:08.610	RSI EURUSD,Daily: initialized
0	15:14:39.731	Custom Moving Averages EURUSD,Daily: uninit reason 3
0	15:14:39.731	Gambit EURUSD,Daily: uninit reason 3
0	15:14:39.731	Parabolic EURUSD,Daily: uninit reason 3
0	15:14:39.794	1fractal EURUSD,Daily: uninit reason 3
0	15:14:39.794	Stochastic EURUSD,Daily: uninit reason 3
0	15:14:39.794	RSI EURUSD,Daily: uninit reason 3
0	15:14:39.795	Custom Moving Averages EURUSD,H4: initialized
0	15:14:39.795	Gambit EURUSD,H4: initialized
0	15:14:39.796	Parabolic EURUSD,H4: initialized
0	15:14:39.796	1fractal EURUSD,H4: initialized
0	15:14:39.797	Stochastic EURUSD,H4: initialized
0	15:14:39.797	RSI EURUSD,H4: initialized
0	15:14:42.339	Custom Moving Averages EURUSD,H4: uninit reason 3
0	15:14:42.339	Gambit EURUSD,H4: uninit reason 3
0	15:14:42.339	Parabolic EURUSD,H4: uninit reason 3
0	15:14:42.339	1fractal EURUSD,H4: uninit reason 3
0	15:14:42.339	Stochastic EURUSD,H4: uninit reason 3
0	15:14:42.339	RSI EURUSD,H4: uninit reason 3
0	15:14:42.339	Custom Moving Averages EURUSD,H1: initialized
0	15:14:42.340	Gambit EURUSD,H1: initialized
0	15:14:42.340	Parabolic EURUSD,H1: initialized
0	15:14:42.340	1fractal EURUSD,H1: initialized
0	15:14:42.340	Stochastic EURUSD,H1: initialized
0	15:14:42.341	RSI EURUSD,H1: initialized
0	15:14:46.235	Custom Moving Averages EURUSD,H1: uninit reason 3
0	15:14:46.235	Gambit EURUSD,H1: uninit reason 3
0	15:14:46.235	Parabolic EURUSD,H1: uninit reason 3
0	15:14:46.235	1fractal EURUSD,H1: uninit reason 3
0	15:14:46.235	Stochastic EURUSD,H1: uninit reason 3
0	15:14:46.235	RSI EURUSD,H1: uninit reason 3
0	15:14:46.320	Custom Moving Averages EURUSD,M30: initialized
0	15:14:46.320	Gambit EURUSD,M30: initialized
0	15:14:46.321	Parabolic EURUSD,M30: initialized
0	15:14:46.321	1fractal EURUSD,M30: initialized
0	15:14:46.321	Stochastic EURUSD,M30: initialized
0	15:14:46.322	RSI EURUSD,M30: initialized
0	15:14:53.293	Custom Moving Averages EURUSD,M30: uninit reason 3
0	15:14:53.293	Gambit EURUSD,M30: uninit reason 3
0	15:14:53.293	Parabolic EURUSD,M30: uninit reason 3
0	15:14:53.293	1fractal EURUSD,M30: uninit reason 3
0	15:14:53.294	Stochastic EURUSD,M30: uninit reason 3
0	15:14:53.294	RSI EURUSD,M30: uninit reason 3
0	15:14:53.298	Custom Moving Averages EURUSD,M15: initialized
0	15:14:53.298	Gambit EURUSD,M15: initialized
0	15:14:53.299	Parabolic EURUSD,M15: initialized
0	15:14:53.299	1fractal EURUSD,M15: initialized
0	15:14:53.300	Stochastic EURUSD,M15: initialized
0	15:14:53.300	RSI EURUSD,M15: initialized
2	15:38:48.032	ToolKit_v2.0 XAUUSD,H1: open #2121432 buy 0.02 XAUUSD at 1709.75 ok
2	15:38:50.350	ToolKit_v2.0 XAUUSD,H1: modify #2121432 buy 0.02 XAUUSD at 1709.75 sl: 1706.75 tp: 0.00 ok
2	15:38:50.619	ToolKit_v2.0 XAUUSD,H1: modify #2121432 buy 0.02 XAUUSD at 1709.75 sl: 1706.75 tp: 1712.75 ok
0	16:52:58.579	ifibonacci XAUUSD,M15: uninit reason 3
1	16:52:58.579	ifibonacci XAUUSD,M15: array out of range in 'ifibonacci.mq4' (205,28)
0	16:52:58.600	Stochastic XAUUSD,M15: uninit reason 3
0	16:52:58.605	ifibonacci XAUUSD,H1: initialized
0	16:52:58.613	Stochastic XAUUSD,H1: initialized
0	16:54:37.961	Custom indicator ZigZag happy XAUUSD,H1: loaded successfully
0	16:54:44.573	ZigZag happy XAUUSD,H1: initialized
0	16:58:46.223	ZigZag happy XAUUSD,H1: uninit reason 5
0	16:58:46.223	ZigZag happy XAUUSD,H1: initialized
0	17:04:08.676	ifibonacci XAUUSD,H1: uninit reason 3
1	17:04:08.676	ifibonacci XAUUSD,H1: array out of range in 'ifibonacci.mq4' (205,28)
0	17:04:08.685	ZigZag happy XAUUSD,H1: uninit reason 3
0	17:04:08.685	Stochastic XAUUSD,H1: uninit reason 3
0	17:04:08.685	ifibonacci XAUUSD,H4: initialized
0	17:04:08.686	ZigZag happy XAUUSD,H4: initialized
0	17:04:08.688	Stochastic XAUUSD,H4: initialized
0	17:07:46.409	ZigZag happy XAUUSD,H4: uninit reason 5
0	17:07:46.409	ZigZag happy XAUUSD,H4: initialized
0	17:11:38.999	Gambit GBPUSD,M15: uninit reason 5
0	17:11:39.144	Gambit GBPUSD,M15: initialized
0	17:12:50.692	Gambit GBPUSD,M15: uninit reason 5
0	17:12:50.801	Gambit GBPUSD,M15: initialized
0	17:15:55.621	ifibonacci XAUUSD,H4: uninit reason 3
1	17:15:55.621	ifibonacci XAUUSD,H4: array out of range in 'ifibonacci.mq4' (205,28)
0	17:15:55.627	ZigZag happy XAUUSD,H4: uninit reason 3
0	17:15:55.627	Stochastic XAUUSD,H4: uninit reason 3
0	17:15:55.630	ifibonacci XAUUSD,H1: initialized
0	17:15:55.630	ZigZag happy XAUUSD,H1: initialized
0	17:15:55.631	Stochastic XAUUSD,H1: initialized
0	17:16:01.137	ifibonacci XAUUSD,H1: uninit reason 3
1	17:16:01.137	ifibonacci XAUUSD,H1: array out of range in 'ifibonacci.mq4' (205,28)
0	17:16:01.210	ZigZag happy XAUUSD,H1: uninit reason 3
0	17:16:01.210	Stochastic XAUUSD,H1: uninit reason 3
0	17:16:01.269	ifibonacci XAUUSD,M30: initialized
0	17:16:01.269	ZigZag happy XAUUSD,M30: initialized
0	17:16:01.270	Stochastic XAUUSD,M30: initialized
0	17:16:17.202	ifibonacci XAUUSD,M30: uninit reason 3
1	17:16:17.202	ifibonacci XAUUSD,M30: array out of range in 'ifibonacci.mq4' (205,28)
0	17:16:17.211	ZigZag happy XAUUSD,M30: uninit reason 3
0	17:16:17.211	Stochastic XAUUSD,M30: uninit reason 3
0	17:16:17.249	ifibonacci XAUUSD,M5: initialized
0	17:16:17.250	ZigZag happy XAUUSD,M5: initialized
0	17:16:17.252	Stochastic XAUUSD,M5: initialized
0	17:16:32.081	ifibonacci XAUUSD,M5: uninit reason 3
1	17:16:32.081	ifibonacci XAUUSD,M5: array out of range in 'ifibonacci.mq4' (205,28)
0	17:16:32.088	ZigZag happy XAUUSD,M5: uninit reason 3
0	17:16:32.088	Stochastic XAUUSD,M5: uninit reason 3
0	17:16:32.096	ifibonacci XAUUSD,M15: initialized
0	17:16:32.096	ZigZag happy XAUUSD,M15: initialized
0	17:16:32.097	Stochastic XAUUSD,M15: initialized
0	17:17:05.263	Gambit GBPUSD,M15: uninit reason 5
0	17:17:05.330	Gambit GBPUSD,M15: initialized
0	17:17:42.614	gamExpert GBPUSD,M15: uninit reason 3
0	17:17:42.676	Custom Moving Averages GBPUSD,M15: uninit reason 3
0	17:17:42.676	Gambit GBPUSD,M15: uninit reason 3
0	17:17:42.676	Parabolic GBPUSD,M15: uninit reason 3
0	17:17:42.679	1fractal GBPUSD,M15: uninit reason 3
0	17:17:42.684	Stochastic GBPUSD,M15: uninit reason 3
0	17:17:42.686	RSI GBPUSD,M15: uninit reason 3
0	17:17:42.717	Custom Moving Averages GBPUSD,M5: initialized
0	17:17:42.734	Gambit GBPUSD,M5: initialized
0	17:17:42.737	Parabolic GBPUSD,M5: initialized
0	17:17:42.750	1fractal GBPUSD,M5: initialized
0	17:17:42.759	Stochastic GBPUSD,M5: initialized
0	17:17:42.798	RSI GBPUSD,M5: initialized
0	17:17:43.279	gamExpert GBPUSD,M5: initialized
0	17:18:33.636	Gambit GBPUSD,M5: uninit reason 5
0	17:18:33.766	Gambit GBPUSD,M5: initialized
0	17:52:18.390	gamExpert USDJPY,M15: uninit reason 3
0	17:52:18.392	Custom Moving Averages USDJPY,M15: uninit reason 3
0	17:52:18.393	Gambit USDJPY,M15: uninit reason 3
0	17:52:18.394	Parabolic USDJPY,M15: uninit reason 3
0	17:52:18.396	1fractal USDJPY,M15: uninit reason 3
0	17:52:18.400	Stochastic USDJPY,M15: uninit reason 3
0	17:52:18.402	RSI USDJPY,M15: uninit reason 3
0	17:52:18.433	Custom Moving Averages USDJPY,M5: initialized
0	17:52:18.436	Gambit USDJPY,M5: initialized
0	17:52:18.444	Parabolic USDJPY,M5: initialized
0	17:52:18.445	1fractal USDJPY,M5: initialized
0	17:52:18.445	Stochastic USDJPY,M5: initialized
0	17:52:18.449	RSI USDJPY,M5: initialized
0	17:52:19.328	gamExpert USDJPY,M5: initialized
0	17:57:25.044	gamExpert USDJPY,M5: uninit reason 3
0	17:57:25.046	Custom Moving Averages USDJPY,M5: uninit reason 3
0	17:57:25.046	Gambit USDJPY,M5: uninit reason 3
0	17:57:25.046	Parabolic USDJPY,M5: uninit reason 3
0	17:57:25.046	1fractal USDJPY,M5: uninit reason 3
0	17:57:25.107	Stochastic USDJPY,M5: uninit reason 3
0	17:57:25.107	RSI USDJPY,M5: uninit reason 3
0	17:57:25.110	Custom Moving Averages USDJPY,M15: initialized
0	17:57:25.111	Gambit USDJPY,M15: initialized
0	17:57:25.112	Parabolic USDJPY,M15: initialized
0	17:57:25.113	1fractal USDJPY,M15: initialized
0	17:57:25.114	Stochastic USDJPY,M15: initialized
0	17:57:25.115	RSI USDJPY,M15: initialized
0	17:57:25.551	gamExpert USDJPY,M15: initialized
0	17:57:52.836	gamExpert USDJPY,M15: uninit reason 3
0	17:57:52.838	Custom Moving Averages USDJPY,M15: uninit reason 3
0	17:57:52.838	Gambit USDJPY,M15: uninit reason 3
0	17:57:52.838	Parabolic USDJPY,M15: uninit reason 3
0	17:57:52.838	1fractal USDJPY,M15: uninit reason 3
0	17:57:52.838	Stochastic USDJPY,M15: uninit reason 3
0	17:57:52.838	RSI USDJPY,M15: uninit reason 3
0	17:57:52.900	Custom Moving Averages USDJPY,Daily: initialized
0	17:57:52.900	Gambit USDJPY,Daily: initialized
0	17:57:52.901	Parabolic USDJPY,Daily: initialized
0	17:57:52.901	1fractal USDJPY,Daily: initialized
0	17:57:52.902	Stochastic USDJPY,Daily: initialized
0	17:57:52.903	RSI USDJPY,Daily: initialized
0	17:57:52.928	gamExpert USDJPY,Daily: initialized
0	17:58:09.779	gamExpert USDJPY,Daily: uninit reason 3
0	17:58:09.781	Custom Moving Averages USDJPY,Daily: uninit reason 3
0	17:58:09.781	Gambit USDJPY,Daily: uninit reason 3
0	17:58:09.781	Parabolic USDJPY,Daily: uninit reason 3
0	17:58:09.781	1fractal USDJPY,Daily: uninit reason 3
0	17:58:09.781	Stochastic USDJPY,Daily: uninit reason 3
0	17:58:09.781	RSI USDJPY,Daily: uninit reason 3
0	17:58:09.842	Custom Moving Averages USDJPY,Weekly: initialized
0	17:58:09.842	Gambit USDJPY,Weekly: initialized
0	17:58:09.845	Parabolic USDJPY,Weekly: initialized
0	17:58:09.845	1fractal USDJPY,Weekly: initialized
0	17:58:09.845	Stochastic USDJPY,Weekly: initialized
0	17:58:09.846	RSI USDJPY,Weekly: initialized
0	17:58:09.858	gamExpert USDJPY,Weekly: initialized
0	17:58:18.920	gamExpert USDJPY,Weekly: uninit reason 3
0	17:58:18.922	Custom Moving Averages USDJPY,Weekly: uninit reason 3
0	17:58:18.922	Gambit USDJPY,Weekly: uninit reason 3
0	17:58:18.922	Parabolic USDJPY,Weekly: uninit reason 3
0	17:58:18.922	1fractal USDJPY,Weekly: uninit reason 3
0	17:58:18.922	Stochastic USDJPY,Weekly: uninit reason 3
0	17:58:18.922	RSI USDJPY,Weekly: uninit reason 3
0	17:58:18.922	Custom Moving Averages USDJPY,Monthly: initialized
0	17:58:18.922	Gambit USDJPY,Monthly: initialized
0	17:58:18.923	Parabolic USDJPY,Monthly: initialized
0	17:58:18.923	1fractal USDJPY,Monthly: initialized
0	17:58:18.923	Stochastic USDJPY,Monthly: initialized
0	17:58:18.923	RSI USDJPY,Monthly: initialized
0	17:58:18.934	gamExpert USDJPY,Monthly: initialized
0	17:58:33.909	gamExpert USDJPY,Monthly: uninit reason 3
0	17:58:33.911	Custom Moving Averages USDJPY,Monthly: uninit reason 3
0	17:58:33.911	Gambit USDJPY,Monthly: uninit reason 3
0	17:58:33.911	Parabolic USDJPY,Monthly: uninit reason 3
0	17:58:33.911	1fractal USDJPY,Monthly: uninit reason 3
0	17:58:33.911	Stochastic USDJPY,Monthly: uninit reason 3
0	17:58:33.911	RSI USDJPY,Monthly: uninit reason 3
0	17:58:33.911	Custom Moving Averages USDJPY,Weekly: initialized
0	17:58:33.911	Gambit USDJPY,Weekly: initialized
0	17:58:33.912	Parabolic USDJPY,Weekly: initialized
0	17:58:33.912	1fractal USDJPY,Weekly: initialized
0	17:58:33.912	Stochastic USDJPY,Weekly: initialized
0	17:58:33.912	RSI USDJPY,Weekly: initialized
0	17:58:33.918	gamExpert USDJPY,Weekly: initialized
0	17:58:36.172	gamExpert USDJPY,Weekly: uninit reason 3
0	17:58:36.174	Custom Moving Averages USDJPY,Weekly: uninit reason 3
0	17:58:36.174	Gambit USDJPY,Weekly: uninit reason 3
0	17:58:36.174	Parabolic USDJPY,Weekly: uninit reason 3
0	17:58:36.174	1fractal USDJPY,Weekly: uninit reason 3
0	17:58:36.174	Stochastic USDJPY,Weekly: uninit reason 3
0	17:58:36.174	RSI USDJPY,Weekly: uninit reason 3
0	17:58:36.174	Custom Moving Averages USDJPY,Daily: initialized
0	17:58:36.174	Gambit USDJPY,Daily: initialized
0	17:58:36.175	Parabolic USDJPY,Daily: initialized
0	17:58:36.175	1fractal USDJPY,Daily: initialized
0	17:58:36.176	Stochastic USDJPY,Daily: initialized
0	17:58:36.176	RSI USDJPY,Daily: initialized
0	17:58:36.185	gamExpert USDJPY,Daily: initialized
0	17:58:39.577	gamExpert USDJPY,Daily: uninit reason 3
0	17:58:39.579	Custom Moving Averages USDJPY,Daily: uninit reason 3
0	17:58:39.579	Gambit USDJPY,Daily: uninit reason 3
0	17:58:39.579	Parabolic USDJPY,Daily: uninit reason 3
0	17:58:39.579	1fractal USDJPY,Daily: uninit reason 3
0	17:58:39.579	Stochastic USDJPY,Daily: uninit reason 3
0	17:58:39.579	RSI USDJPY,Daily: uninit reason 3
0	17:58:39.670	Custom Moving Averages USDJPY,H4: initialized
0	17:58:39.670	Gambit USDJPY,H4: initialized
0	17:58:39.671	Parabolic USDJPY,H4: initialized
0	17:58:39.672	1fractal USDJPY,H4: initialized
0	17:58:39.672	Stochastic USDJPY,H4: initialized
0	17:58:39.673	RSI USDJPY,H4: initialized
0	17:58:40.289	gamExpert USDJPY,H4: initialized
0	17:58:47.638	gamExpert USDJPY,H4: uninit reason 3
0	17:58:47.641	Custom Moving Averages USDJPY,H4: uninit reason 3
0	17:58:47.702	Gambit USDJPY,H4: uninit reason 3
0	17:58:47.702	Parabolic USDJPY,H4: uninit reason 3
0	17:58:47.702	1fractal USDJPY,H4: uninit reason 3
0	17:58:47.702	Stochastic USDJPY,H4: uninit reason 3
0	17:58:47.702	RSI USDJPY,H4: uninit reason 3
0	17:58:47.704	Custom Moving Averages USDJPY,H1: initialized
0	17:58:47.704	Gambit USDJPY,H1: initialized
0	17:58:47.705	Parabolic USDJPY,H1: initialized
0	17:58:47.705	1fractal USDJPY,H1: initialized
0	17:58:47.705	Stochastic USDJPY,H1: initialized
0	17:58:47.706	RSI USDJPY,H1: initialized
0	17:58:47.731	gamExpert USDJPY,H1: initialized
0	17:59:00.147	gamExpert USDJPY,H1: uninit reason 3
0	17:59:00.148	Custom Moving Averages USDJPY,H1: uninit reason 3
0	17:59:00.148	Gambit USDJPY,H1: uninit reason 3
0	17:59:00.148	Parabolic USDJPY,H1: uninit reason 3
0	17:59:00.148	1fractal USDJPY,H1: uninit reason 3
0	17:59:00.148	Stochastic USDJPY,H1: uninit reason 3
0	17:59:00.148	RSI USDJPY,H1: uninit reason 3
0	17:59:00.165	Custom Moving Averages USDJPY,M30: initialized
0	17:59:00.165	Gambit USDJPY,M30: initialized
0	17:59:00.166	Parabolic USDJPY,M30: initialized
0	17:59:00.166	1fractal USDJPY,M30: initialized
0	17:59:00.166	Stochastic USDJPY,M30: initialized
0	17:59:00.167	RSI USDJPY,M30: initialized
0	17:59:00.676	gamExpert USDJPY,M30: initialized
0	17:59:21.394	gamExpert USDJPY,M30: uninit reason 3
0	17:59:21.396	Custom Moving Averages USDJPY,M30: uninit reason 3
0	17:59:21.396	Gambit USDJPY,M30: uninit reason 3
0	17:59:21.396	Parabolic USDJPY,M30: uninit reason 3
0	17:59:21.396	1fractal USDJPY,M30: uninit reason 3
0	17:59:21.396	Stochastic USDJPY,M30: uninit reason 3
0	17:59:21.396	RSI USDJPY,M30: uninit reason 3
0	17:59:21.396	Custom Moving Averages USDJPY,M15: initialized
0	17:59:21.396	Gambit USDJPY,M15: initialized
0	17:59:21.397	Parabolic USDJPY,M15: initialized
0	17:59:21.397	1fractal USDJPY,M15: initialized
0	17:59:21.397	Stochastic USDJPY,M15: initialized
0	17:59:21.397	RSI USDJPY,M15: initialized
0	17:59:21.488	gamExpert USDJPY,M15: initialized
0	18:00:37.634	gamExpert GBPUSD,M5: uninit reason 3
0	18:00:37.636	Custom Moving Averages GBPUSD,M5: uninit reason 3
0	18:00:37.636	Gambit GBPUSD,M5: uninit reason 3
0	18:00:37.697	Parabolic GBPUSD,M5: uninit reason 3
0	18:00:37.698	1fractal GBPUSD,M5: uninit reason 3
0	18:00:37.702	Stochastic GBPUSD,M5: uninit reason 3
0	18:00:37.702	RSI GBPUSD,M5: uninit reason 3
0	18:00:37.707	Custom Moving Averages GBPUSD,M15: initialized
0	18:00:37.710	Gambit GBPUSD,M15: initialized
0	18:00:37.724	Parabolic GBPUSD,M15: initialized
0	18:00:37.726	1fractal GBPUSD,M15: initialized
0	18:00:37.729	Stochastic GBPUSD,M15: initialized
0	18:00:37.739	RSI GBPUSD,M15: initialized
0	18:00:38.237	gamExpert GBPUSD,M15: initialized
