0	08:39:56.342	Custom indicator ZigZag happy XAUUSD,H1: loaded successfully
0	08:39:56.373	Custom indicator ifibonacci XAUUSD,H1: loaded successfully
0	08:39:56.378	ZigZag happy XAUUSD,H1: initialized
0	08:39:56.441	ifibonacci XAUUSD,H1: One of Fibo ARC Methods is requires DLL, Remember to allow DLL imports if you like to use it.
0	08:39:56.441	ifibonacci XAUUSD,H1: initialized
0	08:39:56.556	Custom indicator Custom Moving Averages USDJPY,M5: loaded successfully
0	08:39:56.576	Custom indicator Gambit USDJPY,M5: loaded successfully
0	08:39:56.600	Custom indicator Parabolic USDJPY,M5: loaded successfully
0	08:39:56.621	Custom indicator 1fractal USDJPY,M5: loaded successfully
0	08:39:56.675	Custom indicator ZigZag happy USDJPY,M5: loaded successfully
0	08:39:56.697	Custom indicator Stochastic USDJPY,M5: loaded successfully
0	08:39:56.716	Expert gamExpert USDJPY,M5: loaded successfully
0	08:39:56.716	gamExpert USDJPY,M5 inputs: Lot=0.1; 
0	08:39:56.749	Custom Moving Averages USDJPY,M5: initialized
0	08:39:56.785	Gambit USDJPY,M5: initialized
0	08:39:56.821	Parabolic USDJPY,M5: initialized
0	08:39:56.854	1fractal USDJPY,M5: initialized
0	08:39:56.854	ZigZag happy USDJPY,M5: initialized
0	08:39:56.884	Stochastic USDJPY,M5: initialized
0	08:39:56.971	Custom indicator Custom Moving Averages EURUSD,M5: loaded successfully
0	08:39:56.987	Custom indicator Gambit EURUSD,M5: loaded successfully
0	08:39:57.004	Custom indicator Parabolic EURUSD,M5: loaded successfully
0	08:39:57.019	Custom indicator 1fractal EURUSD,M5: loaded successfully
0	08:39:57.035	Custom indicator Stochastic EURUSD,M5: loaded successfully
0	08:39:57.052	Expert gamExpert EURUSD,M5: loaded successfully
0	08:39:57.052	gamExpert EURUSD,M5 inputs: Lot=0.1; 
0	08:39:57.086	Custom Moving Averages EURUSD,M5: initialized
0	08:39:57.112	Gambit EURUSD,M5: initialized
0	08:39:57.137	Parabolic EURUSD,M5: initialized
0	08:39:57.159	1fractal EURUSD,M5: initialized
0	08:39:57.180	Stochastic EURUSD,M5: initialized
0	08:39:57.467	Custom indicator Custom Moving Averages USDX,M5: loaded successfully
0	08:39:57.483	Custom indicator Gambit USDX,M5: loaded successfully
0	08:39:57.499	Custom indicator Parabolic USDX,M5: loaded successfully
0	08:39:57.514	Custom indicator 1fractal USDX,M5: loaded successfully
0	08:39:57.530	Custom indicator Stochastic USDX,M5: loaded successfully
0	08:39:57.546	Custom indicator RSI USDX,M5: loaded successfully
0	08:39:57.563	Expert gamExpert USDX,M5: loaded successfully
0	08:39:57.563	gamExpert USDX,M5 inputs: Lot=0.1; 
0	08:39:57.591	Custom Moving Averages USDX,M5: initialized
0	08:39:57.617	Gambit USDX,M5: initialized
0	08:39:57.642	Parabolic USDX,M5: initialized
0	08:39:57.665	1fractal USDX,M5: initialized
0	08:39:57.686	Stochastic USDX,M5: initialized
0	08:39:57.708	RSI USDX,M5: initialized
0	08:39:57.774	Custom indicator Custom Moving Averages XAUUSD,H1: loaded successfully
0	08:39:57.791	Custom indicator Gambit XAUUSD,H1: loaded successfully
0	08:39:57.807	Custom indicator Parabolic XAUUSD,H1: loaded successfully
0	08:39:57.823	Custom indicator 1fractal XAUUSD,H1: loaded successfully
0	08:39:57.838	Custom indicator Stochastic XAUUSD,H1: loaded successfully
0	08:39:57.865	Custom Moving Averages XAUUSD,H1: initialized
0	08:39:57.891	Gambit XAUUSD,H1: initialized
0	08:39:57.916	Parabolic XAUUSD,H1: initialized
0	08:39:57.938	1fractal XAUUSD,H1: initialized
0	08:39:57.960	Stochastic XAUUSD,H1: initialized
0	08:39:58.056	Custom indicator Custom Moving Averages EURUSD,H4: loaded successfully
0	08:39:58.072	Custom indicator Gambit EURUSD,H4: loaded successfully
0	08:39:58.089	Custom indicator Parabolic EURUSD,H4: loaded successfully
0	08:39:58.104	Custom indicator 1fractal EURUSD,H4: loaded successfully
0	08:39:58.120	Custom indicator Stochastic EURUSD,H4: loaded successfully
0	08:39:58.136	Custom indicator RSI EURUSD,H4: loaded successfully
0	08:39:58.165	Custom Moving Averages EURUSD,H4: initialized
0	08:39:58.191	Gambit EURUSD,H4: initialized
0	08:39:58.217	Parabolic EURUSD,H4: initialized
0	08:39:58.239	1fractal EURUSD,H4: initialized
0	08:39:58.260	Stochastic EURUSD,H4: initialized
0	08:39:58.283	RSI EURUSD,H4: initialized
0	08:39:58.389	Custom indicator Custom Moving Averages USDCAD,M5: loaded successfully
0	08:39:58.405	Custom indicator Gambit USDCAD,M5: loaded successfully
0	08:39:58.423	Custom indicator Parabolic USDCAD,M5: loaded successfully
0	08:39:58.443	Custom indicator 1fractal USDCAD,M5: loaded successfully
0	08:39:58.464	Custom indicator Stochastic USDCAD,M5: loaded successfully
0	08:39:58.484	Custom indicator RSI USDCAD,M5: loaded successfully
0	08:39:58.501	Expert gamExpert USDCAD,M5: loaded successfully
0	08:39:58.501	gamExpert USDCAD,M5 inputs: Lot=0.1; 
0	12:44:39.940	Compiling '1fractal'
0	12:44:44.986	Custom indicator ZigZag happy XAUUSD,H1: loaded successfully
0	12:44:45.008	Custom indicator ifibonacci XAUUSD,H1: loaded successfully
0	12:44:45.016	ZigZag happy XAUUSD,H1: initialized
0	12:44:45.069	ifibonacci XAUUSD,H1: One of Fibo ARC Methods is requires DLL, Remember to allow DLL imports if you like to use it.
0	12:44:45.069	ifibonacci XAUUSD,H1: initialized
0	12:45:41.669	Custom indicator Custom Moving Averages EURUSD,M5: loaded successfully
0	12:45:41.706	Custom indicator Gambit EURUSD,M5: loaded successfully
0	12:45:41.735	Custom indicator Parabolic EURUSD,M5: loaded successfully
3	12:45:41.736	cannot open file 'C:\Users\User\AppData\Roaming\MetaQuotes\Terminal\CE014884047B38E535332C971089AB90\MQL4\indicators\1fractal.ex4' [2]
0	12:45:41.762	Custom indicator Stochastic EURUSD,M5: loaded successfully
0	12:45:41.791	Custom indicator RSI EURUSD,M5: loaded successfully
0	12:45:41.836	Custom Moving Averages EURUSD,M5: initialized
0	12:45:41.877	Gambit EURUSD,M5: initialized
0	12:45:41.907	Parabolic EURUSD,M5: initialized
0	12:45:41.932	Stochastic EURUSD,M5: initialized
0	12:45:41.957	RSI EURUSD,M5: initialized
0	12:46:20.762	Custom Moving Averages EURUSD,M5: uninit reason 7
0	12:46:20.762	Gambit EURUSD,M5: uninit reason 7
0	12:46:20.762	Parabolic EURUSD,M5: uninit reason 7
0	12:46:20.762	Stochastic EURUSD,M5: uninit reason 7
0	12:46:20.763	RSI EURUSD,M5: uninit reason 7
0	12:46:20.770	Custom indicator Custom Moving Averages EURUSD,M5: removed
0	12:46:20.778	Custom indicator Gambit EURUSD,M5: removed
0	12:46:20.786	Custom indicator Parabolic EURUSD,M5: removed
0	12:46:20.794	Custom indicator Stochastic EURUSD,M5: removed
0	12:46:20.802	Custom indicator RSI EURUSD,M5: removed
0	12:46:20.850	Custom indicator Custom Moving Averages EURUSD,M5: loaded successfully
0	12:46:20.885	Custom indicator Gambit EURUSD,M5: loaded successfully
0	12:46:20.905	Custom indicator Parabolic EURUSD,M5: loaded successfully
3	12:46:20.905	cannot open file 'C:\Users\User\AppData\Roaming\MetaQuotes\Terminal\CE014884047B38E535332C971089AB90\MQL4\indicators\1fractal.ex4' [2]
0	12:46:20.925	Custom indicator Stochastic EURUSD,M5: loaded successfully
0	12:46:20.949	Custom indicator RSI EURUSD,M5: loaded successfully
0	12:46:20.992	Custom Moving Averages EURUSD,M5: initialized
0	12:46:21.034	Gambit EURUSD,M5: initialized
0	12:46:21.073	Parabolic EURUSD,M5: initialized
0	12:46:21.107	Stochastic EURUSD,M5: initialized
0	12:46:21.144	RSI EURUSD,M5: initialized
3	12:47:13.730	cannot open file 'C:\Users\User\AppData\Roaming\MetaQuotes\Terminal\CE014884047B38E535332C971089AB90\MQL4\indicators\1fractal.ex4' [2]
3	12:47:35.588	cannot open file 'C:\Users\User\AppData\Roaming\MetaQuotes\Terminal\CE014884047B38E535332C971089AB90\MQL4\indicators\1fractal.ex4' [2]
0	12:48:40.291	Custom indicator 1fractal EURUSD,M5: loaded successfully
0	12:48:50.709	1fractal EURUSD,M5: initialized
0	12:49:48.003	Expert gamExpert EURUSD,M5: loaded successfully
0	12:49:50.005	gamExpert EURUSD,M5 inputs: Lot=0.1; 
0	12:49:50.538	gamExpert EURUSD,M5: initialized
0	12:56:49.689	Custom indicator Custom Moving Averages USDX,H1: loaded successfully
0	12:56:49.737	Custom indicator Gambit USDX,H1: loaded successfully
0	12:56:49.785	Custom indicator Parabolic USDX,H1: loaded successfully
0	12:56:49.829	Custom indicator 1fractal USDX,H1: loaded successfully
0	12:56:49.867	Custom indicator Stochastic USDX,H1: loaded successfully
0	12:56:49.890	Custom indicator RSI USDX,H1: loaded successfully
0	12:56:49.919	Custom Moving Averages USDX,H1: initialized
0	12:56:49.949	Gambit USDX,H1: initialized
0	12:56:49.977	Parabolic USDX,H1: initialized
0	12:56:49.999	1fractal USDX,H1: initialized
0	12:56:50.023	Stochastic USDX,H1: initialized
0	12:56:50.048	RSI USDX,H1: initialized
0	12:58:59.919	Expert gamExpert USDX,H1: loaded successfully
0	12:59:03.330	gamExpert USDX,H1 inputs: Lot=0.1; 
0	12:59:03.457	gamExpert USDX,H1: initialized
0	12:59:45.768	Custom indicator Custom Moving Averages GBPUSD,H1: loaded successfully
0	12:59:45.809	Custom indicator Gambit GBPUSD,H1: loaded successfully
0	12:59:45.829	Custom indicator Parabolic GBPUSD,H1: loaded successfully
0	12:59:45.846	Custom indicator 1fractal GBPUSD,H1: loaded successfully
0	12:59:45.865	Custom indicator Stochastic GBPUSD,H1: loaded successfully
0	12:59:45.883	Custom indicator RSI GBPUSD,H1: loaded successfully
0	12:59:45.913	Custom Moving Averages GBPUSD,H1: initialized
0	12:59:45.943	Gambit GBPUSD,H1: initialized
0	12:59:45.975	Parabolic GBPUSD,H1: initialized
0	12:59:45.995	1fractal GBPUSD,H1: initialized
0	12:59:46.019	Stochastic GBPUSD,H1: initialized
0	12:59:46.044	RSI GBPUSD,H1: initialized
0	13:02:52.005	Custom indicator Custom Moving Averages USDJPY,H1: loaded successfully
0	13:02:52.033	Custom indicator Gambit USDJPY,H1: loaded successfully
0	13:02:52.060	Custom indicator Parabolic USDJPY,H1: loaded successfully
0	13:02:52.086	Custom indicator 1fractal USDJPY,H1: loaded successfully
0	13:02:52.111	Custom indicator Stochastic USDJPY,H1: loaded successfully
0	13:02:52.138	Custom indicator RSI USDJPY,H1: loaded successfully
0	13:02:52.196	Custom Moving Averages USDJPY,H1: initialized
0	13:02:52.229	Gambit USDJPY,H1: initialized
0	13:02:52.258	Parabolic USDJPY,H1: initialized
0	13:02:52.280	1fractal USDJPY,H1: initialized
0	13:02:52.304	Stochastic USDJPY,H1: initialized
0	13:02:52.331	RSI USDJPY,H1: initialized
0	13:03:01.294	Expert gamExpert USDJPY,H1: loaded successfully
0	13:03:03.685	gamExpert USDJPY,H1 inputs: Lot=0.1; 
0	13:03:03.874	gamExpert USDJPY,H1: initialized
0	13:03:12.895	gamExpert USDJPY,H1: uninit reason 3
0	13:03:12.897	Custom Moving Averages USDJPY,H1: uninit reason 3
0	13:03:12.897	Gambit USDJPY,H1: uninit reason 3
0	13:03:12.897	Parabolic USDJPY,H1: uninit reason 3
0	13:03:12.897	1fractal USDJPY,H1: uninit reason 3
0	13:03:12.897	Stochastic USDJPY,H1: uninit reason 3
0	13:03:12.897	RSI USDJPY,H1: uninit reason 3
0	13:03:12.901	Custom Moving Averages USDJPY,M5: initialized
0	13:03:12.901	Gambit USDJPY,M5: initialized
0	13:03:12.901	Parabolic USDJPY,M5: initialized
0	13:03:12.901	1fractal USDJPY,M5: initialized
0	13:03:12.901	Stochastic USDJPY,M5: initialized
0	13:03:12.901	RSI USDJPY,M5: initialized
0	13:03:13.035	gamExpert USDJPY,M5: initialized
0	13:03:20.401	Custom Moving Averages GBPUSD,H1: uninit reason 3
0	13:03:20.401	Gambit GBPUSD,H1: uninit reason 3
0	13:03:20.401	Parabolic GBPUSD,H1: uninit reason 3
0	13:03:20.401	1fractal GBPUSD,H1: uninit reason 3
0	13:03:20.401	Stochastic GBPUSD,H1: uninit reason 3
0	13:03:20.401	RSI GBPUSD,H1: uninit reason 3
0	13:03:20.484	Custom Moving Averages GBPUSD,M5: initialized
0	13:03:20.485	Gambit GBPUSD,M5: initialized
0	13:03:20.486	Parabolic GBPUSD,M5: initialized
0	13:03:20.487	1fractal GBPUSD,M5: initialized
0	13:03:20.487	Stochastic GBPUSD,M5: initialized
0	13:03:20.489	RSI GBPUSD,M5: initialized
0	13:03:39.235	gamExpert USDX,H1: uninit reason 3
0	13:03:39.237	Custom Moving Averages USDX,H1: uninit reason 3
0	13:03:39.237	Gambit USDX,H1: uninit reason 3
0	13:03:39.237	Parabolic USDX,H1: uninit reason 3
0	13:03:39.237	1fractal USDX,H1: uninit reason 3
0	13:03:39.237	Stochastic USDX,H1: uninit reason 3
0	13:03:39.237	RSI USDX,H1: uninit reason 3
0	13:03:39.302	Custom Moving Averages USDX,M5: initialized
0	13:03:39.302	Gambit USDX,M5: initialized
0	13:03:39.303	Parabolic USDX,M5: initialized
0	13:03:39.303	1fractal USDX,M5: initialized
0	13:03:39.303	Stochastic USDX,M5: initialized
0	13:03:39.303	RSI USDX,M5: initialized
0	13:03:39.510	gamExpert USDX,M5: initialized
0	13:06:50.215	Custom indicator Custom Moving Averages AUDUSD,H1: loaded successfully
0	13:06:50.261	Custom indicator Gambit AUDUSD,H1: loaded successfully
0	13:06:50.304	Custom indicator Parabolic AUDUSD,H1: loaded successfully
0	13:06:50.343	Custom indicator 1fractal AUDUSD,H1: loaded successfully
0	13:06:50.365	Custom indicator Stochastic AUDUSD,H1: loaded successfully
0	13:06:50.386	Custom indicator RSI AUDUSD,H1: loaded successfully
0	13:06:50.423	Custom Moving Averages AUDUSD,H1: initialized
0	13:06:50.458	Gambit AUDUSD,H1: initialized
0	13:06:50.498	Parabolic AUDUSD,H1: initialized
0	13:06:50.529	1fractal AUDUSD,H1: initialized
0	13:06:50.563	Stochastic AUDUSD,H1: initialized
0	13:06:50.599	RSI AUDUSD,H1: initialized
0	13:12:39.321	Custom Moving Averages AUDUSD,H1: uninit reason 3
0	13:12:39.321	Gambit AUDUSD,H1: uninit reason 3
0	13:12:39.321	Parabolic AUDUSD,H1: uninit reason 3
0	13:12:39.321	1fractal AUDUSD,H1: uninit reason 3
0	13:12:39.321	Stochastic AUDUSD,H1: uninit reason 3
0	13:12:39.321	RSI AUDUSD,H1: uninit reason 3
0	13:12:39.409	Custom Moving Averages AUDUSD,M5: initialized
0	13:12:39.409	Gambit AUDUSD,M5: initialized
0	13:12:39.409	Parabolic AUDUSD,M5: initialized
0	13:12:39.409	1fractal AUDUSD,M5: initialized
0	13:12:39.409	Stochastic AUDUSD,M5: initialized
0	13:12:39.409	RSI AUDUSD,M5: initialized
0	13:12:51.455	Expert gamExpert AUDUSD,M5: loaded successfully
0	13:12:53.685	gamExpert AUDUSD,M5 inputs: Lot=0.1; 
0	13:12:53.927	gamExpert AUDUSD,M5: initialized
0	13:33:41.142	gamExpert EURUSD,M5: uninit reason 2
0	13:33:41.163	Expert gamExpert EURUSD,M5: removed
0	13:33:41.197	Expert gamExpert EURUSD,M5: loaded successfully
0	13:33:41.201	gamExpert USDX,M5: uninit reason 2
0	13:33:41.212	Expert gamExpert USDX,M5: removed
0	13:33:41.242	Expert gamExpert USDX,M5: loaded successfully
0	13:33:41.247	gamExpert USDJPY,M5: uninit reason 2
0	13:33:41.260	Expert gamExpert USDJPY,M5: removed
0	13:33:41.296	Expert gamExpert USDJPY,M5: loaded successfully
0	13:33:41.301	gamExpert AUDUSD,M5: uninit reason 2
0	13:33:41.318	Expert gamExpert AUDUSD,M5: removed
0	13:33:41.351	Expert gamExpert AUDUSD,M5: loaded successfully
0	13:33:41.463	gamExpert USDX,M5: initialized
0	13:33:41.482	gamExpert USDJPY,M5: initialized
0	13:33:41.542	gamExpert AUDUSD,M5: initialized
0	13:33:41.721	gamExpert EURUSD,M5: initialized
0	13:34:26.889	gamExpert USDX,M5: uninit reason 3
0	13:34:26.891	Custom Moving Averages USDX,M5: uninit reason 3
0	13:34:26.891	Gambit USDX,M5: uninit reason 3
0	13:34:26.891	Parabolic USDX,M5: uninit reason 3
0	13:34:26.891	1fractal USDX,M5: uninit reason 3
0	13:34:26.891	Stochastic USDX,M5: uninit reason 3
0	13:34:26.891	RSI USDX,M5: uninit reason 3
0	13:34:26.972	Custom Moving Averages USDX,M15: initialized
0	13:34:26.972	Gambit USDX,M15: initialized
0	13:34:26.973	Parabolic USDX,M15: initialized
0	13:34:26.973	1fractal USDX,M15: initialized
0	13:34:26.973	Stochastic USDX,M15: initialized
0	13:34:26.974	RSI USDX,M15: initialized
0	13:34:27.180	gamExpert USDX,M15: initialized
0	13:34:31.897	gamExpert USDX,M15: uninit reason 3
0	13:34:31.899	Custom Moving Averages USDX,M15: uninit reason 3
0	13:34:31.899	Gambit USDX,M15: uninit reason 3
0	13:34:31.899	Parabolic USDX,M15: uninit reason 3
0	13:34:31.899	1fractal USDX,M15: uninit reason 3
0	13:34:31.899	Stochastic USDX,M15: uninit reason 3
0	13:34:31.899	RSI USDX,M15: uninit reason 3
0	13:34:31.944	Custom Moving Averages USDX,M30: initialized
0	13:34:31.944	Gambit USDX,M30: initialized
0	13:34:31.944	Parabolic USDX,M30: initialized
0	13:34:31.944	1fractal USDX,M30: initialized
0	13:34:31.944	Stochastic USDX,M30: initialized
0	13:34:31.945	RSI USDX,M30: initialized
0	13:34:32.154	gamExpert USDX,M30: initialized
0	13:34:34.290	gamExpert USDX,M30: uninit reason 3
0	13:34:34.292	Custom Moving Averages USDX,M30: uninit reason 3
0	13:34:34.292	Gambit USDX,M30: uninit reason 3
0	13:34:34.292	Parabolic USDX,M30: uninit reason 3
0	13:34:34.292	1fractal USDX,M30: uninit reason 3
0	13:34:34.292	Stochastic USDX,M30: uninit reason 3
0	13:34:34.292	RSI USDX,M30: uninit reason 3
0	13:34:34.293	Custom Moving Averages USDX,H1: initialized
0	13:34:34.293	Gambit USDX,H1: initialized
0	13:34:34.293	Parabolic USDX,H1: initialized
0	13:34:34.293	1fractal USDX,H1: initialized
0	13:34:34.294	Stochastic USDX,H1: initialized
0	13:34:34.294	RSI USDX,H1: initialized
0	13:34:34.494	gamExpert USDX,H1: initialized
0	13:34:36.439	gamExpert USDX,H1: uninit reason 3
0	13:34:36.441	Custom Moving Averages USDX,H1: uninit reason 3
0	13:34:36.441	Gambit USDX,H1: uninit reason 3
0	13:34:36.441	Parabolic USDX,H1: uninit reason 3
0	13:34:36.441	1fractal USDX,H1: uninit reason 3
0	13:34:36.441	Stochastic USDX,H1: uninit reason 3
0	13:34:36.441	RSI USDX,H1: uninit reason 3
0	13:34:36.524	Custom Moving Averages USDX,H4: initialized
0	13:34:36.524	Gambit USDX,H4: initialized
0	13:34:36.525	Parabolic USDX,H4: initialized
0	13:34:36.525	1fractal USDX,H4: initialized
0	13:34:36.525	Stochastic USDX,H4: initialized
0	13:34:36.525	RSI USDX,H4: initialized
0	13:34:36.717	gamExpert USDX,H4: initialized
0	13:34:55.185	gamExpert USDX,H4: uninit reason 3
0	13:34:55.187	Custom Moving Averages USDX,H4: uninit reason 3
0	13:34:55.187	Gambit USDX,H4: uninit reason 3
0	13:34:55.187	Parabolic USDX,H4: uninit reason 3
0	13:34:55.187	1fractal USDX,H4: uninit reason 3
0	13:34:55.187	Stochastic USDX,H4: uninit reason 3
0	13:34:55.187	RSI USDX,H4: uninit reason 3
0	13:34:55.187	Custom Moving Averages USDX,M5: initialized
0	13:34:55.187	Gambit USDX,M5: initialized
0	13:34:55.188	Parabolic USDX,M5: initialized
0	13:34:55.188	1fractal USDX,M5: initialized
0	13:34:55.188	Stochastic USDX,M5: initialized
0	13:34:55.189	RSI USDX,M5: initialized
0	13:34:55.271	gamExpert USDX,M5: initialized
0	13:39:13.889	gamExpert EURUSD,M5: uninit reason 2
0	13:39:13.903	Expert gamExpert EURUSD,M5: removed
0	13:39:13.925	Expert gamExpert EURUSD,M5: loaded successfully
0	13:39:13.927	gamExpert USDX,M5: uninit reason 2
0	13:39:13.945	Expert gamExpert USDX,M5: removed
0	13:39:13.977	Expert gamExpert USDX,M5: loaded successfully
0	13:39:13.978	gamExpert USDJPY,M5: uninit reason 2
0	13:39:13.996	Expert gamExpert USDJPY,M5: removed
0	13:39:14.030	Expert gamExpert USDJPY,M5: loaded successfully
0	13:39:14.031	gamExpert AUDUSD,M5: uninit reason 2
0	13:39:14.048	Expert gamExpert AUDUSD,M5: removed
0	13:39:14.083	Expert gamExpert AUDUSD,M5: loaded successfully
0	13:39:14.171	gamExpert USDX,M5: initialized
0	13:39:14.215	gamExpert USDJPY,M5: initialized
0	13:39:14.280	gamExpert AUDUSD,M5: initialized
0	13:39:14.401	gamExpert EURUSD,M5: initialized
2	13:39:16.898	gamExpert AUDUSD,M5: open #74531867 buy 0.10 AUDUSD at 0.65023 sl: 0.64920 tp: 0.65046 ok
2	13:39:17.188	gamExpert AUDUSD,M5: open #74531868 buy 0.10 AUDUSD at 0.65022 sl: 0.64920 tp: 0.65046 ok
2	13:39:17.523	gamExpert AUDUSD,M5: open #74531869 buy 0.10 AUDUSD at 0.65021 sl: 0.64920 tp: 0.65046 ok
2	13:39:17.831	gamExpert AUDUSD,M5: open #74531870 buy 0.10 AUDUSD at 0.65021 sl: 0.64920 tp: 0.65046 ok
2	13:39:19.232	gamExpert AUDUSD,M5: open #74531872 buy 0.10 AUDUSD at 0.65019 sl: 0.64920 tp: 0.65046 ok
2	13:39:19.783	gamExpert AUDUSD,M5: open #74531873 buy 0.10 AUDUSD at 0.65019 sl: 0.64920 tp: 0.65046 ok
2	13:39:21.118	gamExpert AUDUSD,M5: open #74531878 buy 0.10 AUDUSD at 0.65018 sl: 0.64920 tp: 0.65046 ok
2	13:39:23.229	gamExpert AUDUSD,M5: open #74531880 buy 0.10 AUDUSD at 0.65019 sl: 0.64920 tp: 0.65046 ok
2	13:39:23.491	gamExpert AUDUSD,M5: open #74531881 buy 0.10 AUDUSD at 0.65019 sl: 0.64920 tp: 0.65046 ok
0	13:39:24.353	Automated trading disabled
3	13:39:26.081	gamExpert AUDUSD,M5: trade operations not allowed by settings
0	13:39:55.472	Expert gamExpert GBPUSD,M5: loaded successfully
0	13:39:57.971	gamExpert GBPUSD,M5 inputs: Lot=0.1; 
0	13:39:58.281	gamExpert GBPUSD,M5: initialized
3	13:39:58.359	gamExpert GBPUSD,M5: trade operations not allowed by settings
0	13:40:38.289	gamExpert EURUSD,M5: uninit reason 2
0	13:40:38.314	Expert gamExpert EURUSD,M5: removed
0	13:40:38.347	Expert gamExpert EURUSD,M5: loaded successfully
0	13:40:38.348	gamExpert USDX,M5: uninit reason 2
0	13:40:38.361	Expert gamExpert USDX,M5: removed
0	13:40:38.392	Expert gamExpert USDX,M5: loaded successfully
0	13:40:38.393	gamExpert GBPUSD,M5: uninit reason 2
0	13:40:38.412	Expert gamExpert GBPUSD,M5: removed
0	13:40:38.444	Expert gamExpert GBPUSD,M5: loaded successfully
0	13:40:38.449	gamExpert USDJPY,M5: uninit reason 2
0	13:40:38.464	Expert gamExpert USDJPY,M5: removed
0	13:40:38.495	Expert gamExpert USDJPY,M5: loaded successfully
0	13:40:38.497	gamExpert AUDUSD,M5: uninit reason 2
0	13:40:38.512	Expert gamExpert AUDUSD,M5: removed
0	13:40:38.542	Expert gamExpert AUDUSD,M5: loaded successfully
0	13:40:38.649	gamExpert USDX,M5: initialized
0	13:40:38.653	gamExpert GBPUSD,M5: initialized
0	13:40:38.715	gamExpert USDJPY,M5: initialized
0	13:40:38.744	gamExpert AUDUSD,M5: initialized
0	13:40:38.851	gamExpert EURUSD,M5: initialized
3	13:40:39.328	gamExpert USDJPY,M5: trade operations not allowed by settings
0	14:31:20.923	Automated trading enabled
0	14:31:56.903	gamExpert GBPUSD,M5: uninit reason 5
0	14:31:56.905	gamExpert GBPUSD,M5: initialized
0	14:31:56.991	gamExpert GBPUSD,M5 inputs: Lot=0.1; 
0	15:24:52.955	gamExpert EURUSD,M5: uninit reason 2
0	15:24:53.000	Expert gamExpert EURUSD,M5: removed
0	15:24:53.049	Expert gamExpert EURUSD,M5: loaded successfully
0	15:24:53.052	gamExpert USDX,M5: uninit reason 2
0	15:24:53.081	Expert gamExpert USDX,M5: removed
0	15:24:53.129	Expert gamExpert USDX,M5: loaded successfully
0	15:24:53.132	gamExpert GBPUSD,M5: uninit reason 2
0	15:24:53.165	Expert gamExpert GBPUSD,M5: removed
0	15:24:53.212	Expert gamExpert GBPUSD,M5: loaded successfully
0	15:24:53.214	gamExpert USDJPY,M5: uninit reason 2
0	15:24:53.231	Expert gamExpert USDJPY,M5: removed
0	15:24:53.260	Expert gamExpert USDJPY,M5: loaded successfully
0	15:24:53.262	gamExpert AUDUSD,M5: uninit reason 2
0	15:24:53.280	Expert gamExpert AUDUSD,M5: removed
0	15:24:53.309	Expert gamExpert AUDUSD,M5: loaded successfully
0	15:24:53.411	gamExpert USDX,M5: initialized
0	15:24:53.475	gamExpert GBPUSD,M5: initialized
0	15:24:53.524	gamExpert USDJPY,M5: initialized
0	15:24:53.568	gamExpert AUDUSD,M5: initialized
0	15:24:53.682	gamExpert EURUSD,M5: initialized
0	15:25:41.848	gamExpert USDJPY,M5: uninit reason 3
0	15:25:41.848	Custom Moving Averages USDJPY,M5: uninit reason 3
0	15:25:41.910	Gambit USDJPY,M5: uninit reason 3
0	15:25:41.910	Parabolic USDJPY,M5: uninit reason 3
0	15:25:41.911	1fractal USDJPY,M5: uninit reason 3
0	15:25:41.915	Stochastic USDJPY,M5: uninit reason 3
0	15:25:41.915	RSI USDJPY,M5: uninit reason 3
0	15:25:41.946	Custom Moving Averages USDJPY,M15: initialized
0	15:25:41.947	Gambit USDJPY,M15: initialized
0	15:25:41.947	Parabolic USDJPY,M15: initialized
0	15:25:41.947	1fractal USDJPY,M15: initialized
0	15:25:41.948	Stochastic USDJPY,M15: initialized
0	15:25:41.949	RSI USDJPY,M15: initialized
0	15:25:42.194	gamExpert USDJPY,M15: initialized
0	15:25:44.039	gamExpert USDJPY,M15: uninit reason 3
0	15:25:44.041	Custom Moving Averages USDJPY,M15: uninit reason 3
0	15:25:44.041	Gambit USDJPY,M15: uninit reason 3
0	15:25:44.041	Parabolic USDJPY,M15: uninit reason 3
0	15:25:44.041	1fractal USDJPY,M15: uninit reason 3
0	15:25:44.041	Stochastic USDJPY,M15: uninit reason 3
0	15:25:44.041	RSI USDJPY,M15: uninit reason 3
0	15:25:44.041	Custom Moving Averages USDJPY,M5: initialized
0	15:25:44.041	Gambit USDJPY,M5: initialized
0	15:25:44.042	Parabolic USDJPY,M5: initialized
0	15:25:44.042	1fractal USDJPY,M5: initialized
0	15:25:44.042	Stochastic USDJPY,M5: initialized
0	15:25:44.042	RSI USDJPY,M5: initialized
0	15:25:44.133	gamExpert USDJPY,M5: initialized
0	15:45:39.848	gamExpert EURUSD,M5: uninit reason 2
0	15:45:39.868	Expert gamExpert EURUSD,M5: removed
0	15:45:39.937	Expert gamExpert EURUSD,M5: loaded successfully
0	15:45:39.940	gamExpert USDX,M5: uninit reason 2
0	15:45:39.966	Expert gamExpert USDX,M5: removed
0	15:45:40.020	Expert gamExpert USDX,M5: loaded successfully
0	15:45:40.021	gamExpert GBPUSD,M5: uninit reason 2
0	15:45:40.048	Expert gamExpert GBPUSD,M5: removed
0	15:45:40.094	Expert gamExpert GBPUSD,M5: loaded successfully
0	15:45:40.096	gamExpert USDJPY,M5: uninit reason 2
0	15:45:40.115	Expert gamExpert USDJPY,M5: removed
0	15:45:40.155	Expert gamExpert USDJPY,M5: loaded successfully
0	15:45:40.156	gamExpert AUDUSD,M5: uninit reason 2
0	15:45:40.173	Expert gamExpert AUDUSD,M5: removed
0	15:45:40.206	Expert gamExpert AUDUSD,M5: loaded successfully
0	15:45:40.363	gamExpert USDX,M5: initialized
0	15:45:40.428	gamExpert GBPUSD,M5: initialized
0	15:45:40.433	gamExpert USDJPY,M5: initialized
0	15:45:40.460	gamExpert AUDUSD,M5: initialized
0	15:45:40.621	gamExpert EURUSD,M5: initialized
0	15:47:51.674	gamExpert EURUSD,M5: uninit reason 2
0	15:47:51.707	Expert gamExpert EURUSD,M5: removed
0	15:47:51.755	Expert gamExpert EURUSD,M5: loaded successfully
0	15:47:51.756	gamExpert USDX,M5: uninit reason 2
0	15:47:51.781	Expert gamExpert USDX,M5: removed
0	15:47:51.828	Expert gamExpert USDX,M5: loaded successfully
0	15:47:51.830	gamExpert GBPUSD,M5: uninit reason 2
0	15:47:51.853	Expert gamExpert GBPUSD,M5: removed
0	15:47:51.886	Expert gamExpert GBPUSD,M5: loaded successfully
0	15:47:51.888	gamExpert USDJPY,M5: uninit reason 2
0	15:47:51.905	Expert gamExpert USDJPY,M5: removed
0	15:47:52.017	Expert gamExpert USDJPY,M5: loaded successfully
0	15:47:52.019	gamExpert AUDUSD,M5: uninit reason 2
0	15:47:52.046	Expert gamExpert AUDUSD,M5: removed
0	15:47:52.093	Expert gamExpert AUDUSD,M5: loaded successfully
0	15:47:52.171	gamExpert USDX,M5: initialized
0	15:47:52.285	gamExpert USDJPY,M5: initialized
0	15:47:52.289	gamExpert GBPUSD,M5: initialized
0	15:47:52.360	gamExpert AUDUSD,M5: initialized
0	15:47:52.480	gamExpert EURUSD,M5: initialized
0	15:59:14.941	gamExpert EURUSD,M5: uninit reason 2
0	15:59:14.974	Expert gamExpert EURUSD,M5: removed
0	15:59:15.006	Expert gamExpert EURUSD,M5: loaded successfully
0	15:59:15.008	gamExpert USDX,M5: uninit reason 2
0	15:59:15.024	Expert gamExpert USDX,M5: removed
0	15:59:15.053	Expert gamExpert USDX,M5: loaded successfully
0	15:59:15.054	gamExpert GBPUSD,M5: uninit reason 2
0	15:59:15.071	Expert gamExpert GBPUSD,M5: removed
0	15:59:15.105	Expert gamExpert GBPUSD,M5: loaded successfully
0	15:59:15.106	gamExpert USDJPY,M5: uninit reason 2
0	15:59:15.123	Expert gamExpert USDJPY,M5: removed
0	15:59:15.159	Expert gamExpert USDJPY,M5: loaded successfully
0	15:59:15.161	gamExpert AUDUSD,M5: uninit reason 2
0	15:59:15.178	Expert gamExpert AUDUSD,M5: removed
0	15:59:15.208	Expert gamExpert AUDUSD,M5: loaded successfully
0	15:59:15.249	gamExpert USDX,M5: initialized
0	15:59:15.332	gamExpert GBPUSD,M5: initialized
0	15:59:15.393	gamExpert USDJPY,M5: initialized
0	15:59:15.395	gamExpert AUDUSD,M5: initialized
0	15:59:15.499	gamExpert EURUSD,M5: initialized
2	15:59:17.837	gamExpert USDX,M5: open #74535248 buy 0.10 USDX at 99.610 sl: 99.531 tp: 99.601 ok
0	16:02:50.575	gamExpert EURUSD,M5: uninit reason 2
0	16:02:50.589	Expert gamExpert EURUSD,M5: removed
0	16:02:50.688	Expert gamExpert EURUSD,M5: loaded successfully
0	16:02:50.690	gamExpert USDX,M5: uninit reason 2
0	16:02:50.715	Expert gamExpert USDX,M5: removed
0	16:02:50.773	Expert gamExpert USDX,M5: loaded successfully
0	16:02:50.776	gamExpert GBPUSD,M5: uninit reason 2
0	16:02:50.807	Expert gamExpert GBPUSD,M5: removed
0	16:02:50.869	Expert gamExpert GBPUSD,M5: loaded successfully
0	16:02:50.870	gamExpert USDJPY,M5: uninit reason 2
0	16:02:50.886	Expert gamExpert USDJPY,M5: removed
0	16:02:50.991	Expert gamExpert USDJPY,M5: loaded successfully
0	16:02:50.993	gamExpert AUDUSD,M5: uninit reason 2
0	16:02:51.022	Expert gamExpert AUDUSD,M5: removed
0	16:02:51.080	Expert gamExpert AUDUSD,M5: loaded successfully
0	16:02:51.191	gamExpert USDX,M5: initialized
0	16:02:51.253	gamExpert GBPUSD,M5: initialized
0	16:02:51.295	gamExpert USDJPY,M5: initialized
0	16:02:51.402	gamExpert AUDUSD,M5: initialized
0	16:02:51.478	gamExpert EURUSD,M5: initialized
0	16:04:34.068	gamExpert EURUSD,M5: uninit reason 2
0	16:04:34.124	Expert gamExpert EURUSD,M5: removed
0	16:04:34.184	Expert gamExpert EURUSD,M5: loaded successfully
0	16:04:34.186	gamExpert USDX,M5: uninit reason 2
0	16:04:34.212	Expert gamExpert USDX,M5: removed
0	16:04:34.260	Expert gamExpert USDX,M5: loaded successfully
0	16:04:34.261	gamExpert GBPUSD,M5: uninit reason 2
0	16:04:34.289	Expert gamExpert GBPUSD,M5: removed
0	16:04:34.340	Expert gamExpert GBPUSD,M5: loaded successfully
0	16:04:34.341	gamExpert USDJPY,M5: uninit reason 2
0	16:04:34.359	Expert gamExpert USDJPY,M5: removed
0	16:04:34.390	Expert gamExpert USDJPY,M5: loaded successfully
0	16:04:34.392	gamExpert AUDUSD,M5: uninit reason 2
0	16:04:34.407	Expert gamExpert AUDUSD,M5: removed
0	16:04:34.437	Expert gamExpert AUDUSD,M5: loaded successfully
0	16:04:34.509	gamExpert USDX,M5: initialized
0	16:04:34.599	gamExpert USDJPY,M5: initialized
0	16:04:34.605	gamExpert GBPUSD,M5: initialized
0	16:04:34.682	gamExpert AUDUSD,M5: initialized
0	16:04:34.796	gamExpert EURUSD,M5: initialized
0	16:04:54.090	gamExpert EURUSD,M5: uninit reason 2
0	16:04:54.106	Expert gamExpert EURUSD,M5: removed
0	16:04:54.131	Expert gamExpert EURUSD,M5: loaded successfully
0	16:04:54.133	gamExpert USDX,M5: uninit reason 2
0	16:04:54.147	Expert gamExpert USDX,M5: removed
0	16:04:54.178	Expert gamExpert USDX,M5: loaded successfully
0	16:04:54.179	gamExpert GBPUSD,M5: uninit reason 2
0	16:04:54.200	Expert gamExpert GBPUSD,M5: removed
0	16:04:54.243	Expert gamExpert GBPUSD,M5: loaded successfully
0	16:04:54.244	gamExpert USDJPY,M5: uninit reason 2
0	16:04:54.264	Expert gamExpert USDJPY,M5: removed
0	16:04:54.299	Expert gamExpert USDJPY,M5: loaded successfully
0	16:04:54.300	gamExpert AUDUSD,M5: uninit reason 2
0	16:04:54.314	Expert gamExpert AUDUSD,M5: removed
0	16:04:54.339	Expert gamExpert AUDUSD,M5: loaded successfully
0	16:04:54.526	gamExpert USDJPY,M5: initialized
0	16:04:54.538	gamExpert USDX,M5: initialized
0	16:04:54.578	gamExpert AUDUSD,M5: initialized
0	16:04:54.578	gamExpert GBPUSD,M5: initialized
0	16:04:54.687	gamExpert EURUSD,M5: initialized
0	16:05:34.532	Custom indicator Custom Moving Averages USDCAD,H1: loaded successfully
0	16:05:34.576	Custom indicator Gambit USDCAD,H1: loaded successfully
0	16:05:34.608	Custom indicator Parabolic USDCAD,H1: loaded successfully
0	16:05:34.634	Custom indicator 1fractal USDCAD,H1: loaded successfully
0	16:05:34.654	Custom indicator Stochastic USDCAD,H1: loaded successfully
0	16:05:34.674	Custom indicator RSI USDCAD,H1: loaded successfully
0	16:05:34.706	Custom Moving Averages USDCAD,H1: initialized
0	16:05:34.741	Gambit USDCAD,H1: initialized
0	16:05:34.777	Parabolic USDCAD,H1: initialized
0	16:05:34.800	1fractal USDCAD,H1: initialized
0	16:05:34.824	Stochastic USDCAD,H1: initialized
0	16:05:34.849	RSI USDCAD,H1: initialized
0	16:05:38.897	Custom Moving Averages USDCAD,H1: uninit reason 3
0	16:05:38.897	Gambit USDCAD,H1: uninit reason 3
0	16:05:38.897	Parabolic USDCAD,H1: uninit reason 3
0	16:05:38.897	1fractal USDCAD,H1: uninit reason 3
0	16:05:38.897	Stochastic USDCAD,H1: uninit reason 3
0	16:05:38.897	RSI USDCAD,H1: uninit reason 3
0	16:05:38.928	Custom Moving Averages USDCAD,M5: initialized
0	16:05:38.928	Gambit USDCAD,M5: initialized
0	16:05:38.928	Parabolic USDCAD,M5: initialized
0	16:05:38.928	1fractal USDCAD,M5: initialized
0	16:05:38.928	Stochastic USDCAD,M5: initialized
0	16:05:38.928	RSI USDCAD,M5: initialized
0	16:08:38.906	Expert gamExpert USDCAD,M5: loaded successfully
0	16:08:40.768	gamExpert USDCAD,M5 inputs: Lot=0.1; 
0	16:08:41.103	gamExpert USDCAD,M5: initialized
2	16:08:44.695	gamExpert USDCAD,M5: open #74535569 sell 0.10 USDCAD at 1.39409 sl: 1.39571 tp: 1.39411 ok
0	16:19:19.853	gamExpert EURUSD,M5: uninit reason 2
0	16:19:19.875	Expert gamExpert EURUSD,M5: removed
0	16:19:19.914	Expert gamExpert EURUSD,M5: loaded successfully
0	16:19:19.916	gamExpert USDX,M5: uninit reason 2
0	16:19:19.935	Expert gamExpert USDX,M5: removed
0	16:19:19.970	Expert gamExpert USDX,M5: loaded successfully
0	16:19:19.972	gamExpert GBPUSD,M5: uninit reason 2
0	16:19:19.996	Expert gamExpert GBPUSD,M5: removed
0	16:19:20.035	Expert gamExpert GBPUSD,M5: loaded successfully
0	16:19:20.037	gamExpert USDJPY,M5: uninit reason 2
0	16:19:20.055	Expert gamExpert USDJPY,M5: removed
0	16:19:20.079	Expert gamExpert USDJPY,M5: loaded successfully
0	16:19:20.079	gamExpert AUDUSD,M5: uninit reason 2
0	16:19:20.091	Expert gamExpert AUDUSD,M5: removed
0	16:19:20.112	Expert gamExpert AUDUSD,M5: loaded successfully
0	16:19:20.113	gamExpert USDCAD,M5: uninit reason 2
0	16:19:20.125	Expert gamExpert USDCAD,M5: removed
0	16:19:20.147	Expert gamExpert USDCAD,M5: loaded successfully
0	16:19:20.164	gamExpert USDX,M5: initialized
0	16:19:20.217	gamExpert GBPUSD,M5: initialized
0	16:19:20.250	gamExpert USDJPY,M5: initialized
0	16:19:20.274	gamExpert AUDUSD,M5: initialized
0	16:19:20.300	gamExpert USDCAD,M5: initialized
0	16:19:20.400	gamExpert EURUSD,M5: initialized
0	16:19:47.149	gamExpert EURUSD,M5: uninit reason 2
0	16:19:47.168	Expert gamExpert EURUSD,M5: removed
0	16:19:47.197	Expert gamExpert EURUSD,M5: loaded successfully
0	16:19:47.198	gamExpert USDX,M5: uninit reason 2
0	16:19:47.213	Expert gamExpert USDX,M5: removed
0	16:19:47.245	Expert gamExpert USDX,M5: loaded successfully
0	16:19:47.246	gamExpert GBPUSD,M5: uninit reason 2
0	16:19:47.262	Expert gamExpert GBPUSD,M5: removed
0	16:19:47.294	Expert gamExpert GBPUSD,M5: loaded successfully
0	16:19:47.295	gamExpert USDJPY,M5: uninit reason 2
0	16:19:47.313	Expert gamExpert USDJPY,M5: removed
0	16:19:47.411	Expert gamExpert USDJPY,M5: loaded successfully
0	16:19:47.412	gamExpert AUDUSD,M5: uninit reason 2
0	16:19:47.426	Expert gamExpert AUDUSD,M5: removed
0	16:19:47.431	gamExpert USDX,M5: initialized
0	16:19:47.455	Expert gamExpert AUDUSD,M5: loaded successfully
0	16:19:47.456	gamExpert USDCAD,M5: uninit reason 2
0	16:19:47.473	Expert gamExpert USDCAD,M5: removed
0	16:19:47.480	gamExpert GBPUSD,M5: initialized
0	16:19:47.504	Expert gamExpert USDCAD,M5: loaded successfully
0	16:19:47.673	gamExpert USDJPY,M5: initialized
0	16:19:47.716	gamExpert AUDUSD,M5: initialized
0	16:19:47.743	gamExpert USDCAD,M5: initialized
0	16:19:47.760	gamExpert EURUSD,M5: initialized
0	19:15:52.645	Custom indicator ZigZag happy XAUUSD,H1: loaded successfully
0	19:15:52.660	Custom indicator ifibonacci XAUUSD,H1: loaded successfully
0	19:15:52.660	ZigZag happy XAUUSD,H1: initialized
0	19:15:52.707	ifibonacci XAUUSD,H1: One of Fibo ARC Methods is requires DLL, Remember to allow DLL imports if you like to use it.
0	19:15:52.707	ifibonacci XAUUSD,H1: initialized
0	19:15:52.785	Custom indicator Custom Moving Averages EURUSD,M5: loaded successfully
0	19:15:52.801	Custom indicator Gambit EURUSD,M5: loaded successfully
0	19:15:52.832	Custom indicator Parabolic EURUSD,M5: loaded successfully
0	19:15:52.832	Custom indicator 1fractal EURUSD,M5: loaded successfully
0	19:15:52.848	Custom indicator Stochastic EURUSD,M5: loaded successfully
0	19:15:52.864	Custom indicator RSI EURUSD,M5: loaded successfully
0	19:15:52.895	Expert gamExpert EURUSD,M5: loaded successfully
0	19:15:52.895	gamExpert EURUSD,M5 inputs: Lot=0.1; 
0	19:15:52.926	Custom Moving Averages EURUSD,M5: initialized
0	19:15:52.957	Gambit EURUSD,M5: initialized
0	19:15:52.973	Parabolic EURUSD,M5: initialized
0	19:15:52.989	1fractal EURUSD,M5: initialized
0	19:15:53.020	Stochastic EURUSD,M5: initialized
0	19:15:53.035	RSI EURUSD,M5: initialized
0	19:15:53.376	Custom indicator Custom Moving Averages USDX,H1: loaded successfully
0	19:15:53.391	Custom indicator Gambit USDX,H1: loaded successfully
0	19:15:53.407	Custom indicator Parabolic USDX,H1: loaded successfully
0	19:15:53.438	Custom indicator 1fractal USDX,H1: loaded successfully
0	19:15:53.454	Custom indicator Stochastic USDX,H1: loaded successfully
0	19:15:53.469	Custom indicator RSI USDX,H1: loaded successfully
0	19:15:53.485	Expert gamExpert USDX,H1: loaded successfully
0	19:15:53.485	gamExpert USDX,H1 inputs: Lot=0.1; 
0	19:15:53.516	Custom Moving Averages USDX,H1: initialized
0	19:15:53.532	Gambit USDX,H1: initialized
0	19:15:53.563	Parabolic USDX,H1: initialized
0	19:15:53.579	1fractal USDX,H1: initialized
0	19:15:53.594	Stochastic USDX,H1: initialized
0	19:15:53.610	RSI USDX,H1: initialized
0	19:15:53.657	Custom indicator Custom Moving Averages GBPUSD,M5: loaded successfully
0	19:15:53.672	Custom indicator Gambit GBPUSD,M5: loaded successfully
0	19:15:53.688	Custom indicator Parabolic GBPUSD,M5: loaded successfully
0	19:15:53.704	Custom indicator 1fractal GBPUSD,M5: loaded successfully
0	19:15:53.719	Custom indicator Stochastic GBPUSD,M5: loaded successfully
0	19:15:53.735	Custom indicator RSI GBPUSD,M5: loaded successfully
0	19:15:53.750	Expert gamExpert GBPUSD,M5: loaded successfully
0	19:15:53.750	gamExpert GBPUSD,M5 inputs: Lot=0.1; 
0	19:15:53.782	Custom Moving Averages GBPUSD,M5: initialized
0	19:15:53.813	Gambit GBPUSD,M5: initialized
0	19:15:53.829	Parabolic GBPUSD,M5: initialized
0	19:15:53.844	1fractal GBPUSD,M5: initialized
0	19:15:53.860	Stochastic GBPUSD,M5: initialized
0	19:15:53.891	RSI GBPUSD,M5: initialized
0	19:15:53.954	Custom indicator Custom Moving Averages USDJPY,H1: loaded successfully
0	19:15:53.969	Custom indicator Gambit USDJPY,H1: loaded successfully
0	19:15:53.985	Custom indicator Parabolic USDJPY,H1: loaded successfully
0	19:15:54.000	Custom indicator 1fractal USDJPY,H1: loaded successfully
0	19:15:54.016	Custom indicator Stochastic USDJPY,H1: loaded successfully
0	19:15:54.032	Custom indicator RSI USDJPY,H1: loaded successfully
0	19:15:54.047	Expert gamExpert USDJPY,H1: loaded successfully
0	19:15:54.047	gamExpert USDJPY,H1 inputs: Lot=0.1; 
0	19:15:54.079	Custom Moving Averages USDJPY,H1: initialized
0	19:15:54.110	Gambit USDJPY,H1: initialized
0	19:15:54.125	Parabolic USDJPY,H1: initialized
0	19:15:54.157	1fractal USDJPY,H1: initialized
0	19:15:54.172	Stochastic USDJPY,H1: initialized
0	19:15:54.188	RSI USDJPY,H1: initialized
0	19:15:54.250	Custom indicator Custom Moving Averages AUDUSD,M5: loaded successfully
0	19:15:54.266	Custom indicator Gambit AUDUSD,M5: loaded successfully
0	19:15:54.282	Custom indicator Parabolic AUDUSD,M5: loaded successfully
0	19:15:54.297	Custom indicator 1fractal AUDUSD,M5: loaded successfully
0	19:15:54.313	Custom indicator Stochastic AUDUSD,M5: loaded successfully
0	19:15:54.328	Custom indicator RSI AUDUSD,M5: loaded successfully
0	19:15:54.344	Expert gamExpert AUDUSD,M5: loaded successfully
0	19:15:54.344	gamExpert AUDUSD,M5 inputs: Lot=0.1; 
0	19:15:54.375	Custom Moving Averages AUDUSD,M5: initialized
0	19:15:54.407	Gambit AUDUSD,M5: initialized
0	19:15:54.422	Parabolic AUDUSD,M5: initialized
0	19:15:54.438	1fractal AUDUSD,M5: initialized
0	19:15:54.469	Stochastic AUDUSD,M5: initialized
0	19:15:54.485	RSI AUDUSD,M5: initialized
0	19:15:54.547	Custom indicator Custom Moving Averages USDCAD,M5: loaded successfully
0	19:15:54.563	Custom indicator Gambit USDCAD,M5: loaded successfully
0	19:15:54.578	Custom indicator Parabolic USDCAD,M5: loaded successfully
0	19:15:54.594	Custom indicator 1fractal USDCAD,M5: loaded successfully
0	19:15:54.610	Custom indicator Stochastic USDCAD,M5: loaded successfully
0	19:15:54.625	Custom indicator RSI USDCAD,M5: loaded successfully
0	19:15:54.641	Expert gamExpert USDCAD,M5: loaded successfully
0	19:15:54.641	gamExpert USDCAD,M5 inputs: Lot=0.1; 
